2021-08-16 19:02:42,138 asyncio      DEBUG    Using selector: SelectSelector
2021-08-16 19:06:03,034 utils.app_exception_handler ERROR    "['death_rate'] not in index"
2021-08-16 19:06:04,279 django.request ERROR    Internal Server Error: /api/optimiser/calculate/
Traceback (most recent call last):
  File "D:\projects\MARSBACKEND\price-simulator-backend\env\lib\site-packages\django\core\handlers\exception.py", line 47, in inner
    response = get_response(request)
  File "D:\projects\MARSBACKEND\price-simulator-backend\env\lib\site-packages\django\core\handlers\base.py", line 179, in _get_response
    response = wrapped_callback(request, *callback_args, **callback_kwargs)
  File "D:\projects\MARSBACKEND\price-simulator-backend\env\lib\site-packages\django\views\decorators\csrf.py", line 54, in wrapped_view
    return view_func(*args, **kwargs)
  File "D:\projects\MARSBACKEND\price-simulator-backend\env\lib\site-packages\rest_framework\viewsets.py", line 125, in view
    return self.dispatch(request, *args, **kwargs)
  File "D:\projects\MARSBACKEND\price-simulator-backend\env\lib\site-packages\rest_framework\views.py", line 509, in dispatch
    response = self.handle_exception(exc)
  File "D:\projects\MARSBACKEND\price-simulator-backend\env\lib\site-packages\rest_framework\views.py", line 469, in handle_exception
    self.raise_uncaught_exception(exc)
  File "D:\projects\MARSBACKEND\price-simulator-backend\env\lib\site-packages\rest_framework\views.py", line 480, in raise_uncaught_exception
    raise exc
  File "D:\projects\MARSBACKEND\price-simulator-backend\env\lib\site-packages\rest_framework\views.py", line 506, in dispatch
    response = handler(request, *args, **kwargs)
  File "D:\projects\MARSBACKEND\price-simulator-backend\optimiser\views.py", line 418, in post
    return Response(optimizer.process(dict(ser.validated_data)) , 200)
  File "D:\projects\MARSBACKEND\price-simulator-backend\optimiser\optimizer.py", line 2293, in process
    Model_Data = Model_Data[['Date'] + idvs]
  File "D:\projects\MARSBACKEND\price-simulator-backend\env\lib\site-packages\pandas\core\frame.py", line 3030, in __getitem__
    indexer = self.loc._get_listlike_indexer(key, axis=1, raise_missing=True)[1]
  File "D:\projects\MARSBACKEND\price-simulator-backend\env\lib\site-packages\pandas\core\indexing.py", line 1266, in _get_listlike_indexer
    self._validate_read_indexer(keyarr, indexer, axis, raise_missing=raise_missing)
  File "D:\projects\MARSBACKEND\price-simulator-backend\env\lib\site-packages\pandas\core\indexing.py", line 1316, in _validate_read_indexer
    raise KeyError(f"{not_found} not in index")
KeyError: "['death_rate'] not in index"
2021-08-16 19:06:04,279 django.request ERROR    Internal Server Error: /api/optimiser/calculate/
Traceback (most recent call last):
  File "D:\projects\MARSBACKEND\price-simulator-backend\env\lib\site-packages\django\core\handlers\exception.py", line 47, in inner
    response = get_response(request)
  File "D:\projects\MARSBACKEND\price-simulator-backend\env\lib\site-packages\django\core\handlers\base.py", line 179, in _get_response
    response = wrapped_callback(request, *callback_args, **callback_kwargs)
  File "D:\projects\MARSBACKEND\price-simulator-backend\env\lib\site-packages\django\views\decorators\csrf.py", line 54, in wrapped_view
    return view_func(*args, **kwargs)
  File "D:\projects\MARSBACKEND\price-simulator-backend\env\lib\site-packages\rest_framework\viewsets.py", line 125, in view
    return self.dispatch(request, *args, **kwargs)
  File "D:\projects\MARSBACKEND\price-simulator-backend\env\lib\site-packages\rest_framework\views.py", line 509, in dispatch
    response = self.handle_exception(exc)
  File "D:\projects\MARSBACKEND\price-simulator-backend\env\lib\site-packages\rest_framework\views.py", line 469, in handle_exception
    self.raise_uncaught_exception(exc)
  File "D:\projects\MARSBACKEND\price-simulator-backend\env\lib\site-packages\rest_framework\views.py", line 480, in raise_uncaught_exception
    raise exc
  File "D:\projects\MARSBACKEND\price-simulator-backend\env\lib\site-packages\rest_framework\views.py", line 506, in dispatch
    response = handler(request, *args, **kwargs)
  File "D:\projects\MARSBACKEND\price-simulator-backend\optimiser\views.py", line 418, in post
    return Response(optimizer.process(dict(ser.validated_data)) , 200)
  File "D:\projects\MARSBACKEND\price-simulator-backend\optimiser\optimizer.py", line 2293, in process
    Model_Data = Model_Data[['Date'] + idvs]
  File "D:\projects\MARSBACKEND\price-simulator-backend\env\lib\site-packages\pandas\core\frame.py", line 3030, in __getitem__
    indexer = self.loc._get_listlike_indexer(key, axis=1, raise_missing=True)[1]
  File "D:\projects\MARSBACKEND\price-simulator-backend\env\lib\site-packages\pandas\core\indexing.py", line 1266, in _get_listlike_indexer
    self._validate_read_indexer(keyarr, indexer, axis, raise_missing=raise_missing)
  File "D:\projects\MARSBACKEND\price-simulator-backend\env\lib\site-packages\pandas\core\indexing.py", line 1316, in _validate_read_indexer
    raise KeyError(f"{not_found} not in index")
KeyError: "['death_rate'] not in index"
2021-08-16 19:13:27,473 django.utils.autoreload INFO     D:\projects\MARSBACKEND\price-simulator-backend\core\models.py changed, reloading.
2021-08-16 19:13:32,685 asyncio      DEBUG    Using selector: SelectSelector
2021-08-16 19:14:11,562 asyncio      DEBUG    Using selector: SelectSelector
2021-08-16 19:14:29,321 asyncio      DEBUG    Using selector: SelectSelector
2021-08-16 19:16:43,538 django.utils.autoreload INFO     D:\projects\MARSBACKEND\price-simulator-backend\core\models.py changed, reloading.
2021-08-16 19:16:47,055 asyncio      DEBUG    Using selector: SelectSelector
2021-08-16 19:16:48,964 asyncio      DEBUG    Using selector: SelectSelector
2021-08-16 19:16:53,963 asyncio      DEBUG    Using selector: SelectSelector
2021-08-16 19:18:18,938 django.utils.autoreload INFO     D:\projects\MARSBACKEND\price-simulator-backend\utils\constants.py changed, reloading.
2021-08-16 19:18:23,412 asyncio      DEBUG    Using selector: SelectSelector
2021-08-16 19:18:33,328 utils.app_exception_handler ERROR    65 columns passed, passed data had 66 columns
2021-08-16 19:18:33,695 django.request ERROR    Internal Server Error: /api/optimiser/calculate/
Traceback (most recent call last):
  File "D:\projects\MARSBACKEND\price-simulator-backend\env\lib\site-packages\pandas\core\internals\construction.py", line 568, in _list_to_arrays
    columns = _validate_or_indexify_columns(content, columns)
  File "D:\projects\MARSBACKEND\price-simulator-backend\env\lib\site-packages\pandas\core\internals\construction.py", line 693, in _validate_or_indexify_columns
    f"{len(columns)} columns passed, passed data had "
AssertionError: 65 columns passed, passed data had 66 columns

The above exception was the direct cause of the following exception:

Traceback (most recent call last):
  File "D:\projects\MARSBACKEND\price-simulator-backend\env\lib\site-packages\django\core\handlers\exception.py", line 47, in inner
    response = get_response(request)
  File "D:\projects\MARSBACKEND\price-simulator-backend\env\lib\site-packages\django\core\handlers\base.py", line 179, in _get_response
    response = wrapped_callback(request, *callback_args, **callback_kwargs)
  File "D:\projects\MARSBACKEND\price-simulator-backend\env\lib\site-packages\django\views\decorators\csrf.py", line 54, in wrapped_view
    return view_func(*args, **kwargs)
  File "D:\projects\MARSBACKEND\price-simulator-backend\env\lib\site-packages\rest_framework\viewsets.py", line 125, in view
    return self.dispatch(request, *args, **kwargs)
  File "D:\projects\MARSBACKEND\price-simulator-backend\env\lib\site-packages\rest_framework\views.py", line 509, in dispatch
    response = self.handle_exception(exc)
  File "D:\projects\MARSBACKEND\price-simulator-backend\env\lib\site-packages\rest_framework\views.py", line 469, in handle_exception
    self.raise_uncaught_exception(exc)
  File "D:\projects\MARSBACKEND\price-simulator-backend\env\lib\site-packages\rest_framework\views.py", line 480, in raise_uncaught_exception
    raise exc
  File "D:\projects\MARSBACKEND\price-simulator-backend\env\lib\site-packages\rest_framework\views.py", line 506, in dispatch
    response = handler(request, *args, **kwargs)
  File "D:\projects\MARSBACKEND\price-simulator-backend\optimiser\views.py", line 418, in post
    return Response(optimizer.process(dict(ser.validated_data)) , 200)
  File "D:\projects\MARSBACKEND\price-simulator-backend\optimiser\optimizer.py", line 2168, in process
    optimizer_save=optimizer_save)
  File "D:\projects\MARSBACKEND\price-simulator-backend\optimiser\process.py", line 107, in get_list_from_db
    'Weighted Weight in grams','Promo_Depth', 'Coinvestment','Optimiser_flag'])
  File "D:\projects\MARSBACKEND\price-simulator-backend\env\lib\site-packages\pandas\core\frame.py", line 570, in __init__
    arrays, columns = to_arrays(data, columns, dtype=dtype)
  File "D:\projects\MARSBACKEND\price-simulator-backend\env\lib\site-packages\pandas\core\internals\construction.py", line 528, in to_arrays
    return _list_to_arrays(data, columns, coerce_float=coerce_float, dtype=dtype)
  File "D:\projects\MARSBACKEND\price-simulator-backend\env\lib\site-packages\pandas\core\internals\construction.py", line 571, in _list_to_arrays
    raise ValueError(e) from e
ValueError: 65 columns passed, passed data had 66 columns
2021-08-16 19:18:33,695 django.request ERROR    Internal Server Error: /api/optimiser/calculate/
Traceback (most recent call last):
  File "D:\projects\MARSBACKEND\price-simulator-backend\env\lib\site-packages\pandas\core\internals\construction.py", line 568, in _list_to_arrays
    columns = _validate_or_indexify_columns(content, columns)
  File "D:\projects\MARSBACKEND\price-simulator-backend\env\lib\site-packages\pandas\core\internals\construction.py", line 693, in _validate_or_indexify_columns
    f"{len(columns)} columns passed, passed data had "
AssertionError: 65 columns passed, passed data had 66 columns

The above exception was the direct cause of the following exception:

Traceback (most recent call last):
  File "D:\projects\MARSBACKEND\price-simulator-backend\env\lib\site-packages\django\core\handlers\exception.py", line 47, in inner
    response = get_response(request)
  File "D:\projects\MARSBACKEND\price-simulator-backend\env\lib\site-packages\django\core\handlers\base.py", line 179, in _get_response
    response = wrapped_callback(request, *callback_args, **callback_kwargs)
  File "D:\projects\MARSBACKEND\price-simulator-backend\env\lib\site-packages\django\views\decorators\csrf.py", line 54, in wrapped_view
    return view_func(*args, **kwargs)
  File "D:\projects\MARSBACKEND\price-simulator-backend\env\lib\site-packages\rest_framework\viewsets.py", line 125, in view
    return self.dispatch(request, *args, **kwargs)
  File "D:\projects\MARSBACKEND\price-simulator-backend\env\lib\site-packages\rest_framework\views.py", line 509, in dispatch
    response = self.handle_exception(exc)
  File "D:\projects\MARSBACKEND\price-simulator-backend\env\lib\site-packages\rest_framework\views.py", line 469, in handle_exception
    self.raise_uncaught_exception(exc)
  File "D:\projects\MARSBACKEND\price-simulator-backend\env\lib\site-packages\rest_framework\views.py", line 480, in raise_uncaught_exception
    raise exc
  File "D:\projects\MARSBACKEND\price-simulator-backend\env\lib\site-packages\rest_framework\views.py", line 506, in dispatch
    response = handler(request, *args, **kwargs)
  File "D:\projects\MARSBACKEND\price-simulator-backend\optimiser\views.py", line 418, in post
    return Response(optimizer.process(dict(ser.validated_data)) , 200)
  File "D:\projects\MARSBACKEND\price-simulator-backend\optimiser\optimizer.py", line 2168, in process
    optimizer_save=optimizer_save)
  File "D:\projects\MARSBACKEND\price-simulator-backend\optimiser\process.py", line 107, in get_list_from_db
    'Weighted Weight in grams','Promo_Depth', 'Coinvestment','Optimiser_flag'])
  File "D:\projects\MARSBACKEND\price-simulator-backend\env\lib\site-packages\pandas\core\frame.py", line 570, in __init__
    arrays, columns = to_arrays(data, columns, dtype=dtype)
  File "D:\projects\MARSBACKEND\price-simulator-backend\env\lib\site-packages\pandas\core\internals\construction.py", line 528, in to_arrays
    return _list_to_arrays(data, columns, coerce_float=coerce_float, dtype=dtype)
  File "D:\projects\MARSBACKEND\price-simulator-backend\env\lib\site-packages\pandas\core\internals\construction.py", line 571, in _list_to_arrays
    raise ValueError(e) from e
ValueError: 65 columns passed, passed data had 66 columns
2021-08-16 19:27:59,456 django.utils.autoreload INFO     D:\projects\MARSBACKEND\price-simulator-backend\optimiser\process.py changed, reloading.
2021-08-16 19:28:03,843 asyncio      DEBUG    Using selector: SelectSelector
2021-08-16 19:28:09,354 utils.app_exception_handler ERROR    ((52,), (1,))
2021-08-16 19:28:10,048 django.request ERROR    Internal Server Error: /api/optimiser/calculate/
Traceback (most recent call last):
  File "D:\projects\MARSBACKEND\price-simulator-backend\env\lib\site-packages\pandas\core\ops\array_ops.py", line 142, in _na_arithmetic_op
    result = expressions.evaluate(op, left, right)
  File "D:\projects\MARSBACKEND\price-simulator-backend\env\lib\site-packages\pandas\core\computation\expressions.py", line 235, in evaluate
    return _evaluate(op, op_str, a, b)  # type: ignore[misc]
  File "D:\projects\MARSBACKEND\price-simulator-backend\env\lib\site-packages\pandas\core\computation\expressions.py", line 69, in _evaluate_standard
    return op(a, b)
TypeError: unsupported operand type(s) for *: 'decimal.Decimal' and 'float'

During handling of the above exception, another exception occurred:

Traceback (most recent call last):
  File "D:\projects\MARSBACKEND\price-simulator-backend\env\lib\site-packages\django\core\handlers\exception.py", line 47, in inner
    response = get_response(request)
  File "D:\projects\MARSBACKEND\price-simulator-backend\env\lib\site-packages\django\core\handlers\base.py", line 179, in _get_response
    response = wrapped_callback(request, *callback_args, **callback_kwargs)
  File "D:\projects\MARSBACKEND\price-simulator-backend\env\lib\site-packages\django\views\decorators\csrf.py", line 54, in wrapped_view
    return view_func(*args, **kwargs)
  File "D:\projects\MARSBACKEND\price-simulator-backend\env\lib\site-packages\rest_framework\viewsets.py", line 125, in view
    return self.dispatch(request, *args, **kwargs)
  File "D:\projects\MARSBACKEND\price-simulator-backend\env\lib\site-packages\rest_framework\views.py", line 509, in dispatch
    response = self.handle_exception(exc)
  File "D:\projects\MARSBACKEND\price-simulator-backend\env\lib\site-packages\rest_framework\views.py", line 469, in handle_exception
    self.raise_uncaught_exception(exc)
  File "D:\projects\MARSBACKEND\price-simulator-backend\env\lib\site-packages\rest_framework\views.py", line 480, in raise_uncaught_exception
    raise exc
  File "D:\projects\MARSBACKEND\price-simulator-backend\env\lib\site-packages\rest_framework\views.py", line 506, in dispatch
    response = handler(request, *args, **kwargs)
  File "D:\projects\MARSBACKEND\price-simulator-backend\optimiser\views.py", line 418, in post
    return Response(optimizer.process(dict(ser.validated_data)) , 200)
  File "D:\projects\MARSBACKEND\price-simulator-backend\optimiser\optimizer.py", line 2411, in process
    Final_Pred_Data)
  File "D:\projects\MARSBACKEND\price-simulator-backend\optimiser\optimizer.py", line 173, in predict_sales
    == i]['model_coefficients'].values
  File "D:\projects\MARSBACKEND\price-simulator-backend\env\lib\site-packages\pandas\core\ops\common.py", line 65, in new_method
    return method(self, other)
  File "D:\projects\MARSBACKEND\price-simulator-backend\env\lib\site-packages\pandas\core\arraylike.py", line 105, in __mul__
    return self._arith_method(other, operator.mul)
  File "D:\projects\MARSBACKEND\price-simulator-backend\env\lib\site-packages\pandas\core\series.py", line 4998, in _arith_method
    result = ops.arithmetic_op(lvalues, rvalues, op)
  File "D:\projects\MARSBACKEND\price-simulator-backend\env\lib\site-packages\pandas\core\ops\array_ops.py", line 189, in arithmetic_op
    res_values = _na_arithmetic_op(lvalues, rvalues, op)
  File "D:\projects\MARSBACKEND\price-simulator-backend\env\lib\site-packages\pandas\core\ops\array_ops.py", line 149, in _na_arithmetic_op
    result = _masked_arith_op(left, right, op)
  File "D:\projects\MARSBACKEND\price-simulator-backend\env\lib\site-packages\pandas\core\ops\array_ops.py", line 79, in _masked_arith_op
    raise ValueError(x.shape, y.shape)
ValueError: ((52,), (1,))
2021-08-16 19:28:10,048 django.request ERROR    Internal Server Error: /api/optimiser/calculate/
Traceback (most recent call last):
  File "D:\projects\MARSBACKEND\price-simulator-backend\env\lib\site-packages\pandas\core\ops\array_ops.py", line 142, in _na_arithmetic_op
    result = expressions.evaluate(op, left, right)
  File "D:\projects\MARSBACKEND\price-simulator-backend\env\lib\site-packages\pandas\core\computation\expressions.py", line 235, in evaluate
    return _evaluate(op, op_str, a, b)  # type: ignore[misc]
  File "D:\projects\MARSBACKEND\price-simulator-backend\env\lib\site-packages\pandas\core\computation\expressions.py", line 69, in _evaluate_standard
    return op(a, b)
TypeError: unsupported operand type(s) for *: 'decimal.Decimal' and 'float'

During handling of the above exception, another exception occurred:

Traceback (most recent call last):
  File "D:\projects\MARSBACKEND\price-simulator-backend\env\lib\site-packages\django\core\handlers\exception.py", line 47, in inner
    response = get_response(request)
  File "D:\projects\MARSBACKEND\price-simulator-backend\env\lib\site-packages\django\core\handlers\base.py", line 179, in _get_response
    response = wrapped_callback(request, *callback_args, **callback_kwargs)
  File "D:\projects\MARSBACKEND\price-simulator-backend\env\lib\site-packages\django\views\decorators\csrf.py", line 54, in wrapped_view
    return view_func(*args, **kwargs)
  File "D:\projects\MARSBACKEND\price-simulator-backend\env\lib\site-packages\rest_framework\viewsets.py", line 125, in view
    return self.dispatch(request, *args, **kwargs)
  File "D:\projects\MARSBACKEND\price-simulator-backend\env\lib\site-packages\rest_framework\views.py", line 509, in dispatch
    response = self.handle_exception(exc)
  File "D:\projects\MARSBACKEND\price-simulator-backend\env\lib\site-packages\rest_framework\views.py", line 469, in handle_exception
    self.raise_uncaught_exception(exc)
  File "D:\projects\MARSBACKEND\price-simulator-backend\env\lib\site-packages\rest_framework\views.py", line 480, in raise_uncaught_exception
    raise exc
  File "D:\projects\MARSBACKEND\price-simulator-backend\env\lib\site-packages\rest_framework\views.py", line 506, in dispatch
    response = handler(request, *args, **kwargs)
  File "D:\projects\MARSBACKEND\price-simulator-backend\optimiser\views.py", line 418, in post
    return Response(optimizer.process(dict(ser.validated_data)) , 200)
  File "D:\projects\MARSBACKEND\price-simulator-backend\optimiser\optimizer.py", line 2411, in process
    Final_Pred_Data)
  File "D:\projects\MARSBACKEND\price-simulator-backend\optimiser\optimizer.py", line 173, in predict_sales
    == i]['model_coefficients'].values
  File "D:\projects\MARSBACKEND\price-simulator-backend\env\lib\site-packages\pandas\core\ops\common.py", line 65, in new_method
    return method(self, other)
  File "D:\projects\MARSBACKEND\price-simulator-backend\env\lib\site-packages\pandas\core\arraylike.py", line 105, in __mul__
    return self._arith_method(other, operator.mul)
  File "D:\projects\MARSBACKEND\price-simulator-backend\env\lib\site-packages\pandas\core\series.py", line 4998, in _arith_method
    result = ops.arithmetic_op(lvalues, rvalues, op)
  File "D:\projects\MARSBACKEND\price-simulator-backend\env\lib\site-packages\pandas\core\ops\array_ops.py", line 189, in arithmetic_op
    res_values = _na_arithmetic_op(lvalues, rvalues, op)
  File "D:\projects\MARSBACKEND\price-simulator-backend\env\lib\site-packages\pandas\core\ops\array_ops.py", line 149, in _na_arithmetic_op
    result = _masked_arith_op(left, right, op)
  File "D:\projects\MARSBACKEND\price-simulator-backend\env\lib\site-packages\pandas\core\ops\array_ops.py", line 79, in _masked_arith_op
    raise ValueError(x.shape, y.shape)
ValueError: ((52,), (1,))
2021-08-16 19:29:25,049 django.utils.autoreload INFO     D:\projects\MARSBACKEND\price-simulator-backend\optimiser\optimizer.py changed, reloading.
2021-08-16 19:29:29,222 asyncio      DEBUG    Using selector: SelectSelector
2021-08-16 19:35:10,270 django.utils.autoreload INFO     D:\projects\MARSBACKEND\price-simulator-backend\optimiser\optimizer.py changed, reloading.
2021-08-16 19:35:13,601 asyncio      DEBUG    Using selector: SelectSelector
2021-08-16 19:35:19,049 utils.app_exception_handler ERROR    ((52,), (1,))
2021-08-16 19:35:19,711 django.request ERROR    Internal Server Error: /api/optimiser/calculate/
Traceback (most recent call last):
  File "D:\projects\MARSBACKEND\price-simulator-backend\env\lib\site-packages\pandas\core\ops\array_ops.py", line 142, in _na_arithmetic_op
    result = expressions.evaluate(op, left, right)
  File "D:\projects\MARSBACKEND\price-simulator-backend\env\lib\site-packages\pandas\core\computation\expressions.py", line 235, in evaluate
    return _evaluate(op, op_str, a, b)  # type: ignore[misc]
  File "D:\projects\MARSBACKEND\price-simulator-backend\env\lib\site-packages\pandas\core\computation\expressions.py", line 69, in _evaluate_standard
    return op(a, b)
TypeError: unsupported operand type(s) for *: 'decimal.Decimal' and 'float'

During handling of the above exception, another exception occurred:

Traceback (most recent call last):
  File "D:\projects\MARSBACKEND\price-simulator-backend\env\lib\site-packages\django\core\handlers\exception.py", line 47, in inner
    response = get_response(request)
  File "D:\projects\MARSBACKEND\price-simulator-backend\env\lib\site-packages\django\core\handlers\base.py", line 179, in _get_response
    response = wrapped_callback(request, *callback_args, **callback_kwargs)
  File "D:\projects\MARSBACKEND\price-simulator-backend\env\lib\site-packages\django\views\decorators\csrf.py", line 54, in wrapped_view
    return view_func(*args, **kwargs)
  File "D:\projects\MARSBACKEND\price-simulator-backend\env\lib\site-packages\rest_framework\viewsets.py", line 125, in view
    return self.dispatch(request, *args, **kwargs)
  File "D:\projects\MARSBACKEND\price-simulator-backend\env\lib\site-packages\rest_framework\views.py", line 509, in dispatch
    response = self.handle_exception(exc)
  File "D:\projects\MARSBACKEND\price-simulator-backend\env\lib\site-packages\rest_framework\views.py", line 469, in handle_exception
    self.raise_uncaught_exception(exc)
  File "D:\projects\MARSBACKEND\price-simulator-backend\env\lib\site-packages\rest_framework\views.py", line 480, in raise_uncaught_exception
    raise exc
  File "D:\projects\MARSBACKEND\price-simulator-backend\env\lib\site-packages\rest_framework\views.py", line 506, in dispatch
    response = handler(request, *args, **kwargs)
  File "D:\projects\MARSBACKEND\price-simulator-backend\optimiser\views.py", line 418, in post
    return Response(optimizer.process(dict(ser.validated_data)) , 200)
  File "D:\projects\MARSBACKEND\price-simulator-backend\optimiser\optimizer.py", line 2412, in process
    Final_Pred_Data)
  File "D:\projects\MARSBACKEND\price-simulator-backend\optimiser\optimizer.py", line 174, in predict_sales
    == i]['model_coefficients'].values
  File "D:\projects\MARSBACKEND\price-simulator-backend\env\lib\site-packages\pandas\core\ops\common.py", line 65, in new_method
    return method(self, other)
  File "D:\projects\MARSBACKEND\price-simulator-backend\env\lib\site-packages\pandas\core\arraylike.py", line 105, in __mul__
    return self._arith_method(other, operator.mul)
  File "D:\projects\MARSBACKEND\price-simulator-backend\env\lib\site-packages\pandas\core\series.py", line 4998, in _arith_method
    result = ops.arithmetic_op(lvalues, rvalues, op)
  File "D:\projects\MARSBACKEND\price-simulator-backend\env\lib\site-packages\pandas\core\ops\array_ops.py", line 189, in arithmetic_op
    res_values = _na_arithmetic_op(lvalues, rvalues, op)
  File "D:\projects\MARSBACKEND\price-simulator-backend\env\lib\site-packages\pandas\core\ops\array_ops.py", line 149, in _na_arithmetic_op
    result = _masked_arith_op(left, right, op)
  File "D:\projects\MARSBACKEND\price-simulator-backend\env\lib\site-packages\pandas\core\ops\array_ops.py", line 79, in _masked_arith_op
    raise ValueError(x.shape, y.shape)
ValueError: ((52,), (1,))
2021-08-16 19:35:19,711 django.request ERROR    Internal Server Error: /api/optimiser/calculate/
Traceback (most recent call last):
  File "D:\projects\MARSBACKEND\price-simulator-backend\env\lib\site-packages\pandas\core\ops\array_ops.py", line 142, in _na_arithmetic_op
    result = expressions.evaluate(op, left, right)
  File "D:\projects\MARSBACKEND\price-simulator-backend\env\lib\site-packages\pandas\core\computation\expressions.py", line 235, in evaluate
    return _evaluate(op, op_str, a, b)  # type: ignore[misc]
  File "D:\projects\MARSBACKEND\price-simulator-backend\env\lib\site-packages\pandas\core\computation\expressions.py", line 69, in _evaluate_standard
    return op(a, b)
TypeError: unsupported operand type(s) for *: 'decimal.Decimal' and 'float'

During handling of the above exception, another exception occurred:

Traceback (most recent call last):
  File "D:\projects\MARSBACKEND\price-simulator-backend\env\lib\site-packages\django\core\handlers\exception.py", line 47, in inner
    response = get_response(request)
  File "D:\projects\MARSBACKEND\price-simulator-backend\env\lib\site-packages\django\core\handlers\base.py", line 179, in _get_response
    response = wrapped_callback(request, *callback_args, **callback_kwargs)
  File "D:\projects\MARSBACKEND\price-simulator-backend\env\lib\site-packages\django\views\decorators\csrf.py", line 54, in wrapped_view
    return view_func(*args, **kwargs)
  File "D:\projects\MARSBACKEND\price-simulator-backend\env\lib\site-packages\rest_framework\viewsets.py", line 125, in view
    return self.dispatch(request, *args, **kwargs)
  File "D:\projects\MARSBACKEND\price-simulator-backend\env\lib\site-packages\rest_framework\views.py", line 509, in dispatch
    response = self.handle_exception(exc)
  File "D:\projects\MARSBACKEND\price-simulator-backend\env\lib\site-packages\rest_framework\views.py", line 469, in handle_exception
    self.raise_uncaught_exception(exc)
  File "D:\projects\MARSBACKEND\price-simulator-backend\env\lib\site-packages\rest_framework\views.py", line 480, in raise_uncaught_exception
    raise exc
  File "D:\projects\MARSBACKEND\price-simulator-backend\env\lib\site-packages\rest_framework\views.py", line 506, in dispatch
    response = handler(request, *args, **kwargs)
  File "D:\projects\MARSBACKEND\price-simulator-backend\optimiser\views.py", line 418, in post
    return Response(optimizer.process(dict(ser.validated_data)) , 200)
  File "D:\projects\MARSBACKEND\price-simulator-backend\optimiser\optimizer.py", line 2412, in process
    Final_Pred_Data)
  File "D:\projects\MARSBACKEND\price-simulator-backend\optimiser\optimizer.py", line 174, in predict_sales
    == i]['model_coefficients'].values
  File "D:\projects\MARSBACKEND\price-simulator-backend\env\lib\site-packages\pandas\core\ops\common.py", line 65, in new_method
    return method(self, other)
  File "D:\projects\MARSBACKEND\price-simulator-backend\env\lib\site-packages\pandas\core\arraylike.py", line 105, in __mul__
    return self._arith_method(other, operator.mul)
  File "D:\projects\MARSBACKEND\price-simulator-backend\env\lib\site-packages\pandas\core\series.py", line 4998, in _arith_method
    result = ops.arithmetic_op(lvalues, rvalues, op)
  File "D:\projects\MARSBACKEND\price-simulator-backend\env\lib\site-packages\pandas\core\ops\array_ops.py", line 189, in arithmetic_op
    res_values = _na_arithmetic_op(lvalues, rvalues, op)
  File "D:\projects\MARSBACKEND\price-simulator-backend\env\lib\site-packages\pandas\core\ops\array_ops.py", line 149, in _na_arithmetic_op
    result = _masked_arith_op(left, right, op)
  File "D:\projects\MARSBACKEND\price-simulator-backend\env\lib\site-packages\pandas\core\ops\array_ops.py", line 79, in _masked_arith_op
    raise ValueError(x.shape, y.shape)
ValueError: ((52,), (1,))
2021-08-16 19:37:39,269 django.utils.autoreload INFO     D:\projects\MARSBACKEND\price-simulator-backend\optimiser\optimizer.py changed, reloading.
2021-08-16 19:37:42,701 asyncio      DEBUG    Using selector: SelectSelector
2021-08-16 19:47:29,903 django.utils.autoreload INFO     D:\projects\MARSBACKEND\price-simulator-backend\optimiser\optimizer.py changed, reloading.
2021-08-16 19:47:33,293 asyncio      DEBUG    Using selector: SelectSelector
2021-08-16 19:50:39,571 django.utils.autoreload INFO     D:\projects\MARSBACKEND\price-simulator-backend\optimiser\process.py changed, reloading.
2021-08-16 19:50:44,071 asyncio      DEBUG    Using selector: SelectSelector
2021-08-16 19:50:46,280 django.utils.autoreload INFO     D:\projects\MARSBACKEND\price-simulator-backend\optimiser\optimizer.py changed, reloading.
2021-08-16 19:50:49,281 asyncio      DEBUG    Using selector: SelectSelector
2021-08-16 19:50:53,786 pulp.apis.core DEBUG    D:\projects\MARSBACKEND\price-simulator-backend\env\lib\site-packages\pulp\apis\..\solverdir\cbc\win\64\cbc.exe C:\Users\ARAVIN~1.MAT\AppData\Local\Temp\c09d7da3f02e415b83bfaa67a7e6df26-pulp.mps max branch printingOptions all solution C:\Users\ARAVIN~1.MAT\AppData\Local\Temp\c09d7da3f02e415b83bfaa67a7e6df26-pulp.sol 
2021-08-16 19:50:53,914 pulp.apis.core DEBUG    D:\projects\MARSBACKEND\price-simulator-backend\env\lib\site-packages\pulp\apis\..\solverdir\cbc\win\64\cbc.exe C:\Users\ARAVIN~1.MAT\AppData\Local\Temp\7085d74ec41b432282500f2b64162c1d-pulp.mps max branch printingOptions all solution C:\Users\ARAVIN~1.MAT\AppData\Local\Temp\7085d74ec41b432282500f2b64162c1d-pulp.sol 
2021-08-16 19:50:54,059 pulp.apis.core DEBUG    D:\projects\MARSBACKEND\price-simulator-backend\env\lib\site-packages\pulp\apis\..\solverdir\cbc\win\64\cbc.exe C:\Users\ARAVIN~1.MAT\AppData\Local\Temp\76af0fb5bf7c4ea3b8b7b23edb471649-pulp.mps max branch printingOptions all solution C:\Users\ARAVIN~1.MAT\AppData\Local\Temp\76af0fb5bf7c4ea3b8b7b23edb471649-pulp.sol 
2021-08-16 19:50:54,204 pulp.apis.core DEBUG    D:\projects\MARSBACKEND\price-simulator-backend\env\lib\site-packages\pulp\apis\..\solverdir\cbc\win\64\cbc.exe C:\Users\ARAVIN~1.MAT\AppData\Local\Temp\6a23c46f4095411b8499fb3f1a6852db-pulp.mps max branch printingOptions all solution C:\Users\ARAVIN~1.MAT\AppData\Local\Temp\6a23c46f4095411b8499fb3f1a6852db-pulp.sol 
2021-08-16 19:50:54,670 pulp.apis.core DEBUG    D:\projects\MARSBACKEND\price-simulator-backend\env\lib\site-packages\pulp\apis\..\solverdir\cbc\win\64\cbc.exe C:\Users\ARAVIN~1.MAT\AppData\Local\Temp\27af93e46ad44fc7b8fe4ef0e6abe4cf-pulp.mps max branch printingOptions all solution C:\Users\ARAVIN~1.MAT\AppData\Local\Temp\27af93e46ad44fc7b8fe4ef0e6abe4cf-pulp.sol 
2021-08-16 19:50:55,125 pulp.apis.core DEBUG    D:\projects\MARSBACKEND\price-simulator-backend\env\lib\site-packages\pulp\apis\..\solverdir\cbc\win\64\cbc.exe C:\Users\ARAVIN~1.MAT\AppData\Local\Temp\847fee83cd69484d871fd02f645f50c0-pulp.mps max branch printingOptions all solution C:\Users\ARAVIN~1.MAT\AppData\Local\Temp\847fee83cd69484d871fd02f645f50c0-pulp.sol 
2021-08-16 19:50:55,526 pulp.apis.core DEBUG    D:\projects\MARSBACKEND\price-simulator-backend\env\lib\site-packages\pulp\apis\..\solverdir\cbc\win\64\cbc.exe C:\Users\ARAVIN~1.MAT\AppData\Local\Temp\1cb76fe9a7f24836b679cb9202316c57-pulp.mps max branch printingOptions all solution C:\Users\ARAVIN~1.MAT\AppData\Local\Temp\1cb76fe9a7f24836b679cb9202316c57-pulp.sol 
2021-08-16 19:50:55,806 pulp.apis.core DEBUG    D:\projects\MARSBACKEND\price-simulator-backend\env\lib\site-packages\pulp\apis\..\solverdir\cbc\win\64\cbc.exe C:\Users\ARAVIN~1.MAT\AppData\Local\Temp\e04271cbb35c4ffd9242ea559d7c5cc6-pulp.mps max branch printingOptions all solution C:\Users\ARAVIN~1.MAT\AppData\Local\Temp\e04271cbb35c4ffd9242ea559d7c5cc6-pulp.sol 
2021-08-16 19:50:56,176 pulp.apis.core DEBUG    D:\projects\MARSBACKEND\price-simulator-backend\env\lib\site-packages\pulp\apis\..\solverdir\cbc\win\64\cbc.exe C:\Users\ARAVIN~1.MAT\AppData\Local\Temp\28dec23480bf4718a7fe230e3462056b-pulp.mps max branch printingOptions all solution C:\Users\ARAVIN~1.MAT\AppData\Local\Temp\28dec23480bf4718a7fe230e3462056b-pulp.sol 
2021-08-16 19:50:56,611 pulp.apis.core DEBUG    D:\projects\MARSBACKEND\price-simulator-backend\env\lib\site-packages\pulp\apis\..\solverdir\cbc\win\64\cbc.exe C:\Users\ARAVIN~1.MAT\AppData\Local\Temp\afea64e6427f4241a4ad33de31ff55bf-pulp.mps max branch printingOptions all solution C:\Users\ARAVIN~1.MAT\AppData\Local\Temp\afea64e6427f4241a4ad33de31ff55bf-pulp.sol 
2021-08-16 19:50:56,925 pulp.apis.core DEBUG    D:\projects\MARSBACKEND\price-simulator-backend\env\lib\site-packages\pulp\apis\..\solverdir\cbc\win\64\cbc.exe C:\Users\ARAVIN~1.MAT\AppData\Local\Temp\745e955ec6b547489362e64abf5e22e5-pulp.mps max branch printingOptions all solution C:\Users\ARAVIN~1.MAT\AppData\Local\Temp\745e955ec6b547489362e64abf5e22e5-pulp.sol 
2021-08-16 19:50:57,243 pulp.apis.core DEBUG    D:\projects\MARSBACKEND\price-simulator-backend\env\lib\site-packages\pulp\apis\..\solverdir\cbc\win\64\cbc.exe C:\Users\ARAVIN~1.MAT\AppData\Local\Temp\f09b5965ffa846f1b859b9a534d45d4c-pulp.mps max branch printingOptions all solution C:\Users\ARAVIN~1.MAT\AppData\Local\Temp\f09b5965ffa846f1b859b9a534d45d4c-pulp.sol 
2021-08-16 19:50:57,585 pulp.apis.core DEBUG    D:\projects\MARSBACKEND\price-simulator-backend\env\lib\site-packages\pulp\apis\..\solverdir\cbc\win\64\cbc.exe C:\Users\ARAVIN~1.MAT\AppData\Local\Temp\9eb2e902b7184469a559d870714e6ad0-pulp.mps max branch printingOptions all solution C:\Users\ARAVIN~1.MAT\AppData\Local\Temp\9eb2e902b7184469a559d870714e6ad0-pulp.sol 
2021-08-16 19:50:58,001 pulp.apis.core DEBUG    D:\projects\MARSBACKEND\price-simulator-backend\env\lib\site-packages\pulp\apis\..\solverdir\cbc\win\64\cbc.exe C:\Users\ARAVIN~1.MAT\AppData\Local\Temp\3743634cab414f72ad0993d0bf956535-pulp.mps max branch printingOptions all solution C:\Users\ARAVIN~1.MAT\AppData\Local\Temp\3743634cab414f72ad0993d0bf956535-pulp.sol 
2021-08-16 19:50:58,525 pulp.apis.core DEBUG    D:\projects\MARSBACKEND\price-simulator-backend\env\lib\site-packages\pulp\apis\..\solverdir\cbc\win\64\cbc.exe C:\Users\ARAVIN~1.MAT\AppData\Local\Temp\18c033c7e402400296b18751723ac95a-pulp.mps max branch printingOptions all solution C:\Users\ARAVIN~1.MAT\AppData\Local\Temp\18c033c7e402400296b18751723ac95a-pulp.sol 
2021-08-16 19:50:58,843 pulp.apis.core DEBUG    D:\projects\MARSBACKEND\price-simulator-backend\env\lib\site-packages\pulp\apis\..\solverdir\cbc\win\64\cbc.exe C:\Users\ARAVIN~1.MAT\AppData\Local\Temp\063b849e799d42458dc05ae21200d298-pulp.mps max branch printingOptions all solution C:\Users\ARAVIN~1.MAT\AppData\Local\Temp\063b849e799d42458dc05ae21200d298-pulp.sol 
2021-08-16 19:50:59,148 pulp.apis.core DEBUG    D:\projects\MARSBACKEND\price-simulator-backend\env\lib\site-packages\pulp\apis\..\solverdir\cbc\win\64\cbc.exe C:\Users\ARAVIN~1.MAT\AppData\Local\Temp\d586e5a2df2644e0958cc25ae9b126ce-pulp.mps max branch printingOptions all solution C:\Users\ARAVIN~1.MAT\AppData\Local\Temp\d586e5a2df2644e0958cc25ae9b126ce-pulp.sol 
2021-08-16 19:50:59,497 pulp.apis.core DEBUG    D:\projects\MARSBACKEND\price-simulator-backend\env\lib\site-packages\pulp\apis\..\solverdir\cbc\win\64\cbc.exe C:\Users\ARAVIN~1.MAT\AppData\Local\Temp\8cf8e9057664452692145caa8957d8c9-pulp.mps max branch printingOptions all solution C:\Users\ARAVIN~1.MAT\AppData\Local\Temp\8cf8e9057664452692145caa8957d8c9-pulp.sol 
2021-08-16 19:50:59,908 pulp.apis.core DEBUG    D:\projects\MARSBACKEND\price-simulator-backend\env\lib\site-packages\pulp\apis\..\solverdir\cbc\win\64\cbc.exe C:\Users\ARAVIN~1.MAT\AppData\Local\Temp\dd86002a08dc49688dd312f8344ae4c3-pulp.mps max branch printingOptions all solution C:\Users\ARAVIN~1.MAT\AppData\Local\Temp\dd86002a08dc49688dd312f8344ae4c3-pulp.sol 
2021-08-16 19:51:00,231 pulp.apis.core DEBUG    D:\projects\MARSBACKEND\price-simulator-backend\env\lib\site-packages\pulp\apis\..\solverdir\cbc\win\64\cbc.exe C:\Users\ARAVIN~1.MAT\AppData\Local\Temp\cd6d2ee550d74e75aa4f519da7553f60-pulp.mps max branch printingOptions all solution C:\Users\ARAVIN~1.MAT\AppData\Local\Temp\cd6d2ee550d74e75aa4f519da7553f60-pulp.sol 
2021-08-16 19:51:00,736 pulp.apis.core DEBUG    D:\projects\MARSBACKEND\price-simulator-backend\env\lib\site-packages\pulp\apis\..\solverdir\cbc\win\64\cbc.exe C:\Users\ARAVIN~1.MAT\AppData\Local\Temp\14318c67623b4d8e8ec937cb88dcdb7f-pulp.mps max branch printingOptions all solution C:\Users\ARAVIN~1.MAT\AppData\Local\Temp\14318c67623b4d8e8ec937cb88dcdb7f-pulp.sol 
2021-08-16 19:51:01,030 pulp.apis.core DEBUG    D:\projects\MARSBACKEND\price-simulator-backend\env\lib\site-packages\pulp\apis\..\solverdir\cbc\win\64\cbc.exe C:\Users\ARAVIN~1.MAT\AppData\Local\Temp\8657b0d2140c46f78b58739053ae1cfc-pulp.mps max branch printingOptions all solution C:\Users\ARAVIN~1.MAT\AppData\Local\Temp\8657b0d2140c46f78b58739053ae1cfc-pulp.sol 
2021-08-16 19:51:01,443 pulp.apis.core DEBUG    D:\projects\MARSBACKEND\price-simulator-backend\env\lib\site-packages\pulp\apis\..\solverdir\cbc\win\64\cbc.exe C:\Users\ARAVIN~1.MAT\AppData\Local\Temp\bc0532edc2034c13be6136e1ad91dcfe-pulp.mps max branch printingOptions all solution C:\Users\ARAVIN~1.MAT\AppData\Local\Temp\bc0532edc2034c13be6136e1ad91dcfe-pulp.sol 
2021-08-16 19:51:01,724 pulp.apis.core DEBUG    D:\projects\MARSBACKEND\price-simulator-backend\env\lib\site-packages\pulp\apis\..\solverdir\cbc\win\64\cbc.exe C:\Users\ARAVIN~1.MAT\AppData\Local\Temp\46f8a421bfd943a58090b03347cff315-pulp.mps max branch printingOptions all solution C:\Users\ARAVIN~1.MAT\AppData\Local\Temp\46f8a421bfd943a58090b03347cff315-pulp.sol 
2021-08-16 19:51:02,065 pulp.apis.core DEBUG    D:\projects\MARSBACKEND\price-simulator-backend\env\lib\site-packages\pulp\apis\..\solverdir\cbc\win\64\cbc.exe C:\Users\ARAVIN~1.MAT\AppData\Local\Temp\49f882881a364c028f7b6b6bba4377f9-pulp.mps max branch printingOptions all solution C:\Users\ARAVIN~1.MAT\AppData\Local\Temp\49f882881a364c028f7b6b6bba4377f9-pulp.sol 
2021-08-16 19:51:02,378 pulp.apis.core DEBUG    D:\projects\MARSBACKEND\price-simulator-backend\env\lib\site-packages\pulp\apis\..\solverdir\cbc\win\64\cbc.exe C:\Users\ARAVIN~1.MAT\AppData\Local\Temp\4e2a8bc2502b4a2381e9c1123779fb9e-pulp.mps max branch printingOptions all solution C:\Users\ARAVIN~1.MAT\AppData\Local\Temp\4e2a8bc2502b4a2381e9c1123779fb9e-pulp.sol 
2021-08-16 19:51:02,819 pulp.apis.core DEBUG    D:\projects\MARSBACKEND\price-simulator-backend\env\lib\site-packages\pulp\apis\..\solverdir\cbc\win\64\cbc.exe C:\Users\ARAVIN~1.MAT\AppData\Local\Temp\3f942b7a9890492c9d8fd203c8d0d182-pulp.mps max branch printingOptions all solution C:\Users\ARAVIN~1.MAT\AppData\Local\Temp\3f942b7a9890492c9d8fd203c8d0d182-pulp.sol 
2021-08-16 19:51:03,209 pulp.apis.core DEBUG    D:\projects\MARSBACKEND\price-simulator-backend\env\lib\site-packages\pulp\apis\..\solverdir\cbc\win\64\cbc.exe C:\Users\ARAVIN~1.MAT\AppData\Local\Temp\aaf7ec7f8cb5412bb7318f8bb1e2425c-pulp.mps max branch printingOptions all solution C:\Users\ARAVIN~1.MAT\AppData\Local\Temp\aaf7ec7f8cb5412bb7318f8bb1e2425c-pulp.sol 
2021-08-16 19:51:03,496 pulp.apis.core DEBUG    D:\projects\MARSBACKEND\price-simulator-backend\env\lib\site-packages\pulp\apis\..\solverdir\cbc\win\64\cbc.exe C:\Users\ARAVIN~1.MAT\AppData\Local\Temp\ff5032be132b46b098183a755f5ab3d3-pulp.mps max branch printingOptions all solution C:\Users\ARAVIN~1.MAT\AppData\Local\Temp\ff5032be132b46b098183a755f5ab3d3-pulp.sol 
2021-08-16 19:51:03,827 pulp.apis.core DEBUG    D:\projects\MARSBACKEND\price-simulator-backend\env\lib\site-packages\pulp\apis\..\solverdir\cbc\win\64\cbc.exe C:\Users\ARAVIN~1.MAT\AppData\Local\Temp\d0abf9770cad43c9b28b4984f0bfc148-pulp.mps max branch printingOptions all solution C:\Users\ARAVIN~1.MAT\AppData\Local\Temp\d0abf9770cad43c9b28b4984f0bfc148-pulp.sol 
2021-08-16 19:51:04,193 pulp.apis.core DEBUG    D:\projects\MARSBACKEND\price-simulator-backend\env\lib\site-packages\pulp\apis\..\solverdir\cbc\win\64\cbc.exe C:\Users\ARAVIN~1.MAT\AppData\Local\Temp\438ef6c6f79847f8b717e80e723a9599-pulp.mps max branch printingOptions all solution C:\Users\ARAVIN~1.MAT\AppData\Local\Temp\438ef6c6f79847f8b717e80e723a9599-pulp.sol 
2021-08-16 19:51:04,515 pulp.apis.core DEBUG    D:\projects\MARSBACKEND\price-simulator-backend\env\lib\site-packages\pulp\apis\..\solverdir\cbc\win\64\cbc.exe C:\Users\ARAVIN~1.MAT\AppData\Local\Temp\468a612887fe42529ae61371c24d29a9-pulp.mps max branch printingOptions all solution C:\Users\ARAVIN~1.MAT\AppData\Local\Temp\468a612887fe42529ae61371c24d29a9-pulp.sol 
2021-08-16 19:51:04,799 pulp.apis.core DEBUG    D:\projects\MARSBACKEND\price-simulator-backend\env\lib\site-packages\pulp\apis\..\solverdir\cbc\win\64\cbc.exe C:\Users\ARAVIN~1.MAT\AppData\Local\Temp\26057060e8cd44a0bc6bf0d416aa6633-pulp.mps max branch printingOptions all solution C:\Users\ARAVIN~1.MAT\AppData\Local\Temp\26057060e8cd44a0bc6bf0d416aa6633-pulp.sol 
2021-08-16 19:51:05,145 pulp.apis.core DEBUG    D:\projects\MARSBACKEND\price-simulator-backend\env\lib\site-packages\pulp\apis\..\solverdir\cbc\win\64\cbc.exe C:\Users\ARAVIN~1.MAT\AppData\Local\Temp\b74cedab2fe44cf98f70e011bdddc735-pulp.mps max branch printingOptions all solution C:\Users\ARAVIN~1.MAT\AppData\Local\Temp\b74cedab2fe44cf98f70e011bdddc735-pulp.sol 
2021-08-16 19:51:05,533 pulp.apis.core DEBUG    D:\projects\MARSBACKEND\price-simulator-backend\env\lib\site-packages\pulp\apis\..\solverdir\cbc\win\64\cbc.exe C:\Users\ARAVIN~1.MAT\AppData\Local\Temp\1aad83ae80f0429488816fbb6a0ec248-pulp.mps max branch printingOptions all solution C:\Users\ARAVIN~1.MAT\AppData\Local\Temp\1aad83ae80f0429488816fbb6a0ec248-pulp.sol 
2021-08-16 19:51:05,922 pulp.apis.core DEBUG    D:\projects\MARSBACKEND\price-simulator-backend\env\lib\site-packages\pulp\apis\..\solverdir\cbc\win\64\cbc.exe C:\Users\ARAVIN~1.MAT\AppData\Local\Temp\34a6c8a5acbd45979006b03e70c2c15c-pulp.mps max branch printingOptions all solution C:\Users\ARAVIN~1.MAT\AppData\Local\Temp\34a6c8a5acbd45979006b03e70c2c15c-pulp.sol 
2021-08-16 19:51:06,211 pulp.apis.core DEBUG    D:\projects\MARSBACKEND\price-simulator-backend\env\lib\site-packages\pulp\apis\..\solverdir\cbc\win\64\cbc.exe C:\Users\ARAVIN~1.MAT\AppData\Local\Temp\8ed763367ac147abae0632ae4743e74c-pulp.mps max branch printingOptions all solution C:\Users\ARAVIN~1.MAT\AppData\Local\Temp\8ed763367ac147abae0632ae4743e74c-pulp.sol 
2021-08-16 19:51:06,640 pulp.apis.core DEBUG    D:\projects\MARSBACKEND\price-simulator-backend\env\lib\site-packages\pulp\apis\..\solverdir\cbc\win\64\cbc.exe C:\Users\ARAVIN~1.MAT\AppData\Local\Temp\9a86761002b04cb1b1423ab61259b63a-pulp.mps max branch printingOptions all solution C:\Users\ARAVIN~1.MAT\AppData\Local\Temp\9a86761002b04cb1b1423ab61259b63a-pulp.sol 
2021-08-16 19:51:06,982 pulp.apis.core DEBUG    D:\projects\MARSBACKEND\price-simulator-backend\env\lib\site-packages\pulp\apis\..\solverdir\cbc\win\64\cbc.exe C:\Users\ARAVIN~1.MAT\AppData\Local\Temp\0702f3dfb06a4e8fb926946175f640a8-pulp.mps max branch printingOptions all solution C:\Users\ARAVIN~1.MAT\AppData\Local\Temp\0702f3dfb06a4e8fb926946175f640a8-pulp.sol 
2021-08-16 19:51:07,403 pulp.apis.core DEBUG    D:\projects\MARSBACKEND\price-simulator-backend\env\lib\site-packages\pulp\apis\..\solverdir\cbc\win\64\cbc.exe C:\Users\ARAVIN~1.MAT\AppData\Local\Temp\f05e39d7099a45cdbc77ef3da0825e4a-pulp.mps max branch printingOptions all solution C:\Users\ARAVIN~1.MAT\AppData\Local\Temp\f05e39d7099a45cdbc77ef3da0825e4a-pulp.sol 
2021-08-16 19:51:07,905 pulp.apis.core DEBUG    D:\projects\MARSBACKEND\price-simulator-backend\env\lib\site-packages\pulp\apis\..\solverdir\cbc\win\64\cbc.exe C:\Users\ARAVIN~1.MAT\AppData\Local\Temp\c8bcf4ae88e4457da47aeab89f36826f-pulp.mps max branch printingOptions all solution C:\Users\ARAVIN~1.MAT\AppData\Local\Temp\c8bcf4ae88e4457da47aeab89f36826f-pulp.sol 
2021-08-16 19:51:08,291 pulp.apis.core DEBUG    D:\projects\MARSBACKEND\price-simulator-backend\env\lib\site-packages\pulp\apis\..\solverdir\cbc\win\64\cbc.exe C:\Users\ARAVIN~1.MAT\AppData\Local\Temp\74c1fdedaef94302bced0ae1b8cae4b1-pulp.mps max branch printingOptions all solution C:\Users\ARAVIN~1.MAT\AppData\Local\Temp\74c1fdedaef94302bced0ae1b8cae4b1-pulp.sol 
2021-08-16 19:51:08,686 pulp.apis.core DEBUG    D:\projects\MARSBACKEND\price-simulator-backend\env\lib\site-packages\pulp\apis\..\solverdir\cbc\win\64\cbc.exe C:\Users\ARAVIN~1.MAT\AppData\Local\Temp\cae0c68917134f299377eb5b7f27264a-pulp.mps max branch printingOptions all solution C:\Users\ARAVIN~1.MAT\AppData\Local\Temp\cae0c68917134f299377eb5b7f27264a-pulp.sol 
2021-08-16 19:51:09,184 pulp.apis.core DEBUG    D:\projects\MARSBACKEND\price-simulator-backend\env\lib\site-packages\pulp\apis\..\solverdir\cbc\win\64\cbc.exe C:\Users\ARAVIN~1.MAT\AppData\Local\Temp\1b6e51e3090049948d6b01708a1f10f2-pulp.mps max branch printingOptions all solution C:\Users\ARAVIN~1.MAT\AppData\Local\Temp\1b6e51e3090049948d6b01708a1f10f2-pulp.sol 
2021-08-16 19:51:09,541 pulp.apis.core DEBUG    D:\projects\MARSBACKEND\price-simulator-backend\env\lib\site-packages\pulp\apis\..\solverdir\cbc\win\64\cbc.exe C:\Users\ARAVIN~1.MAT\AppData\Local\Temp\510c9e8f3ac2485bbbd758aef043d36b-pulp.mps max branch printingOptions all solution C:\Users\ARAVIN~1.MAT\AppData\Local\Temp\510c9e8f3ac2485bbbd758aef043d36b-pulp.sol 
2021-08-16 19:51:10,099 pulp.apis.core DEBUG    D:\projects\MARSBACKEND\price-simulator-backend\env\lib\site-packages\pulp\apis\..\solverdir\cbc\win\64\cbc.exe C:\Users\ARAVIN~1.MAT\AppData\Local\Temp\f84faf0949244d08a50c1a780a6a534e-pulp.mps max branch printingOptions all solution C:\Users\ARAVIN~1.MAT\AppData\Local\Temp\f84faf0949244d08a50c1a780a6a534e-pulp.sol 
2021-08-16 19:51:10,460 pulp.apis.core DEBUG    D:\projects\MARSBACKEND\price-simulator-backend\env\lib\site-packages\pulp\apis\..\solverdir\cbc\win\64\cbc.exe C:\Users\ARAVIN~1.MAT\AppData\Local\Temp\0555e70eadbf4005a51411a0523ae0a5-pulp.mps max branch printingOptions all solution C:\Users\ARAVIN~1.MAT\AppData\Local\Temp\0555e70eadbf4005a51411a0523ae0a5-pulp.sol 
2021-08-16 19:51:10,802 pulp.apis.core DEBUG    D:\projects\MARSBACKEND\price-simulator-backend\env\lib\site-packages\pulp\apis\..\solverdir\cbc\win\64\cbc.exe C:\Users\ARAVIN~1.MAT\AppData\Local\Temp\5cfb0a40c8d946feac2335cfad9941ac-pulp.mps max branch printingOptions all solution C:\Users\ARAVIN~1.MAT\AppData\Local\Temp\5cfb0a40c8d946feac2335cfad9941ac-pulp.sol 
2021-08-16 19:51:11,161 pulp.apis.core DEBUG    D:\projects\MARSBACKEND\price-simulator-backend\env\lib\site-packages\pulp\apis\..\solverdir\cbc\win\64\cbc.exe C:\Users\ARAVIN~1.MAT\AppData\Local\Temp\e9b64542f021485685eb3992b49f5eb4-pulp.mps max branch printingOptions all solution C:\Users\ARAVIN~1.MAT\AppData\Local\Temp\e9b64542f021485685eb3992b49f5eb4-pulp.sol 
2021-08-16 19:51:11,497 pulp.apis.core DEBUG    D:\projects\MARSBACKEND\price-simulator-backend\env\lib\site-packages\pulp\apis\..\solverdir\cbc\win\64\cbc.exe C:\Users\ARAVIN~1.MAT\AppData\Local\Temp\964e661abe20460a88c76f87aa59164a-pulp.mps max branch printingOptions all solution C:\Users\ARAVIN~1.MAT\AppData\Local\Temp\964e661abe20460a88c76f87aa59164a-pulp.sol 
2021-08-16 19:51:11,838 pulp.apis.core DEBUG    D:\projects\MARSBACKEND\price-simulator-backend\env\lib\site-packages\pulp\apis\..\solverdir\cbc\win\64\cbc.exe C:\Users\ARAVIN~1.MAT\AppData\Local\Temp\6ca634a9c7bf45069681cde394da56ce-pulp.mps max branch printingOptions all solution C:\Users\ARAVIN~1.MAT\AppData\Local\Temp\6ca634a9c7bf45069681cde394da56ce-pulp.sol 
2021-08-16 19:51:12,432 pulp.apis.core DEBUG    D:\projects\MARSBACKEND\price-simulator-backend\env\lib\site-packages\pulp\apis\..\solverdir\cbc\win\64\cbc.exe C:\Users\ARAVIN~1.MAT\AppData\Local\Temp\3ac6e1262fa540d08d2e34b14bd14d51-pulp.mps max branch printingOptions all solution C:\Users\ARAVIN~1.MAT\AppData\Local\Temp\3ac6e1262fa540d08d2e34b14bd14d51-pulp.sol 
2021-08-16 19:51:12,859 pulp.apis.core DEBUG    D:\projects\MARSBACKEND\price-simulator-backend\env\lib\site-packages\pulp\apis\..\solverdir\cbc\win\64\cbc.exe C:\Users\ARAVIN~1.MAT\AppData\Local\Temp\5bd1bd41562f427bafb2f790d261012a-pulp.mps max branch printingOptions all solution C:\Users\ARAVIN~1.MAT\AppData\Local\Temp\5bd1bd41562f427bafb2f790d261012a-pulp.sol 
2021-08-16 19:51:13,306 pulp.apis.core DEBUG    D:\projects\MARSBACKEND\price-simulator-backend\env\lib\site-packages\pulp\apis\..\solverdir\cbc\win\64\cbc.exe C:\Users\ARAVIN~1.MAT\AppData\Local\Temp\f4370a16365042d6878c3320e6245d1f-pulp.mps max branch printingOptions all solution C:\Users\ARAVIN~1.MAT\AppData\Local\Temp\f4370a16365042d6878c3320e6245d1f-pulp.sol 
2021-08-16 19:51:13,817 pulp.apis.core DEBUG    D:\projects\MARSBACKEND\price-simulator-backend\env\lib\site-packages\pulp\apis\..\solverdir\cbc\win\64\cbc.exe C:\Users\ARAVIN~1.MAT\AppData\Local\Temp\728f6ca0c2cd4a9da67f7bcd04db65d9-pulp.mps max branch printingOptions all solution C:\Users\ARAVIN~1.MAT\AppData\Local\Temp\728f6ca0c2cd4a9da67f7bcd04db65d9-pulp.sol 
2021-08-16 19:51:14,077 pulp.apis.core DEBUG    D:\projects\MARSBACKEND\price-simulator-backend\env\lib\site-packages\pulp\apis\..\solverdir\cbc\win\64\cbc.exe C:\Users\ARAVIN~1.MAT\AppData\Local\Temp\c56e9f88aa754fe9b73895e35386d395-pulp.mps max branch printingOptions all solution C:\Users\ARAVIN~1.MAT\AppData\Local\Temp\c56e9f88aa754fe9b73895e35386d395-pulp.sol 
2021-08-16 19:51:14,391 pulp.apis.core DEBUG    D:\projects\MARSBACKEND\price-simulator-backend\env\lib\site-packages\pulp\apis\..\solverdir\cbc\win\64\cbc.exe C:\Users\ARAVIN~1.MAT\AppData\Local\Temp\c31c6e378da1427b9f245fe6ddf56e3c-pulp.mps max branch printingOptions all solution C:\Users\ARAVIN~1.MAT\AppData\Local\Temp\c31c6e378da1427b9f245fe6ddf56e3c-pulp.sol 
2021-08-16 19:51:14,777 pulp.apis.core DEBUG    D:\projects\MARSBACKEND\price-simulator-backend\env\lib\site-packages\pulp\apis\..\solverdir\cbc\win\64\cbc.exe C:\Users\ARAVIN~1.MAT\AppData\Local\Temp\3f4126c69caa4d4f83dc927d5d705ba8-pulp.mps max branch printingOptions all solution C:\Users\ARAVIN~1.MAT\AppData\Local\Temp\3f4126c69caa4d4f83dc927d5d705ba8-pulp.sol 
2021-08-16 19:51:15,175 pulp.apis.core DEBUG    D:\projects\MARSBACKEND\price-simulator-backend\env\lib\site-packages\pulp\apis\..\solverdir\cbc\win\64\cbc.exe C:\Users\ARAVIN~1.MAT\AppData\Local\Temp\89dc16eda13c483195ee0e5118343f37-pulp.mps max branch printingOptions all solution C:\Users\ARAVIN~1.MAT\AppData\Local\Temp\89dc16eda13c483195ee0e5118343f37-pulp.sol 
2021-08-16 19:51:15,738 pulp.apis.core DEBUG    D:\projects\MARSBACKEND\price-simulator-backend\env\lib\site-packages\pulp\apis\..\solverdir\cbc\win\64\cbc.exe C:\Users\ARAVIN~1.MAT\AppData\Local\Temp\23c5a359fe344e7c97d02dc2b965dcb9-pulp.mps max branch printingOptions all solution C:\Users\ARAVIN~1.MAT\AppData\Local\Temp\23c5a359fe344e7c97d02dc2b965dcb9-pulp.sol 
2021-08-16 19:51:16,037 pulp.apis.core DEBUG    D:\projects\MARSBACKEND\price-simulator-backend\env\lib\site-packages\pulp\apis\..\solverdir\cbc\win\64\cbc.exe C:\Users\ARAVIN~1.MAT\AppData\Local\Temp\2a8aff350e8d444da90a7766fb225390-pulp.mps max branch printingOptions all solution C:\Users\ARAVIN~1.MAT\AppData\Local\Temp\2a8aff350e8d444da90a7766fb225390-pulp.sol 
2021-08-16 19:51:16,494 pulp.apis.core DEBUG    D:\projects\MARSBACKEND\price-simulator-backend\env\lib\site-packages\pulp\apis\..\solverdir\cbc\win\64\cbc.exe C:\Users\ARAVIN~1.MAT\AppData\Local\Temp\e7c7020d2baf4e0fa62e37799fab80c8-pulp.mps max branch printingOptions all solution C:\Users\ARAVIN~1.MAT\AppData\Local\Temp\e7c7020d2baf4e0fa62e37799fab80c8-pulp.sol 
2021-08-16 19:51:16,887 pulp.apis.core DEBUG    D:\projects\MARSBACKEND\price-simulator-backend\env\lib\site-packages\pulp\apis\..\solverdir\cbc\win\64\cbc.exe C:\Users\ARAVIN~1.MAT\AppData\Local\Temp\ce619c108b6a4b729d9451ef5a385f33-pulp.mps max branch printingOptions all solution C:\Users\ARAVIN~1.MAT\AppData\Local\Temp\ce619c108b6a4b729d9451ef5a385f33-pulp.sol 
2021-08-16 19:51:17,213 pulp.apis.core DEBUG    D:\projects\MARSBACKEND\price-simulator-backend\env\lib\site-packages\pulp\apis\..\solverdir\cbc\win\64\cbc.exe C:\Users\ARAVIN~1.MAT\AppData\Local\Temp\6d682568a323431d859b4e5b64916276-pulp.mps max branch printingOptions all solution C:\Users\ARAVIN~1.MAT\AppData\Local\Temp\6d682568a323431d859b4e5b64916276-pulp.sol 
2021-08-16 19:51:17,499 pulp.apis.core DEBUG    D:\projects\MARSBACKEND\price-simulator-backend\env\lib\site-packages\pulp\apis\..\solverdir\cbc\win\64\cbc.exe C:\Users\ARAVIN~1.MAT\AppData\Local\Temp\3ed91876bffe44a685c16d1bdde9f52a-pulp.mps max branch printingOptions all solution C:\Users\ARAVIN~1.MAT\AppData\Local\Temp\3ed91876bffe44a685c16d1bdde9f52a-pulp.sol 
2021-08-16 19:51:18,090 pulp.apis.core DEBUG    D:\projects\MARSBACKEND\price-simulator-backend\env\lib\site-packages\pulp\apis\..\solverdir\cbc\win\64\cbc.exe C:\Users\ARAVIN~1.MAT\AppData\Local\Temp\3784abad41fe4288a78f267d0e945c25-pulp.mps max branch printingOptions all solution C:\Users\ARAVIN~1.MAT\AppData\Local\Temp\3784abad41fe4288a78f267d0e945c25-pulp.sol 
2021-08-16 19:51:18,497 pulp.apis.core DEBUG    D:\projects\MARSBACKEND\price-simulator-backend\env\lib\site-packages\pulp\apis\..\solverdir\cbc\win\64\cbc.exe C:\Users\ARAVIN~1.MAT\AppData\Local\Temp\fa5a2a6d0e744ec1bfec80685ef506bc-pulp.mps max branch printingOptions all solution C:\Users\ARAVIN~1.MAT\AppData\Local\Temp\fa5a2a6d0e744ec1bfec80685ef506bc-pulp.sol 
2021-08-16 19:51:18,863 pulp.apis.core DEBUG    D:\projects\MARSBACKEND\price-simulator-backend\env\lib\site-packages\pulp\apis\..\solverdir\cbc\win\64\cbc.exe C:\Users\ARAVIN~1.MAT\AppData\Local\Temp\c4f63dc475ca4242a6b37b7763761037-pulp.mps max branch printingOptions all solution C:\Users\ARAVIN~1.MAT\AppData\Local\Temp\c4f63dc475ca4242a6b37b7763761037-pulp.sol 
2021-08-16 19:51:19,215 pulp.apis.core DEBUG    D:\projects\MARSBACKEND\price-simulator-backend\env\lib\site-packages\pulp\apis\..\solverdir\cbc\win\64\cbc.exe C:\Users\ARAVIN~1.MAT\AppData\Local\Temp\6ab9813e1d87410fa5183d3ab21ab5e7-pulp.mps max branch printingOptions all solution C:\Users\ARAVIN~1.MAT\AppData\Local\Temp\6ab9813e1d87410fa5183d3ab21ab5e7-pulp.sol 
2021-08-16 19:51:19,644 pulp.apis.core DEBUG    D:\projects\MARSBACKEND\price-simulator-backend\env\lib\site-packages\pulp\apis\..\solverdir\cbc\win\64\cbc.exe C:\Users\ARAVIN~1.MAT\AppData\Local\Temp\c49601f9367541d5921f65aced8f03af-pulp.mps max branch printingOptions all solution C:\Users\ARAVIN~1.MAT\AppData\Local\Temp\c49601f9367541d5921f65aced8f03af-pulp.sol 
2021-08-16 19:51:19,977 pulp.apis.core DEBUG    D:\projects\MARSBACKEND\price-simulator-backend\env\lib\site-packages\pulp\apis\..\solverdir\cbc\win\64\cbc.exe C:\Users\ARAVIN~1.MAT\AppData\Local\Temp\ddb95ffd84c742429aebcc479ae8c426-pulp.mps max branch printingOptions all solution C:\Users\ARAVIN~1.MAT\AppData\Local\Temp\ddb95ffd84c742429aebcc479ae8c426-pulp.sol 
2021-08-16 19:51:20,565 pulp.apis.core DEBUG    D:\projects\MARSBACKEND\price-simulator-backend\env\lib\site-packages\pulp\apis\..\solverdir\cbc\win\64\cbc.exe C:\Users\ARAVIN~1.MAT\AppData\Local\Temp\b36c3e25c9d0402881d5cc54baa098aa-pulp.mps max branch printingOptions all solution C:\Users\ARAVIN~1.MAT\AppData\Local\Temp\b36c3e25c9d0402881d5cc54baa098aa-pulp.sol 
2021-08-16 19:51:20,938 pulp.apis.core DEBUG    D:\projects\MARSBACKEND\price-simulator-backend\env\lib\site-packages\pulp\apis\..\solverdir\cbc\win\64\cbc.exe C:\Users\ARAVIN~1.MAT\AppData\Local\Temp\a3748498d8a34340811722ea59491d3e-pulp.mps max branch printingOptions all solution C:\Users\ARAVIN~1.MAT\AppData\Local\Temp\a3748498d8a34340811722ea59491d3e-pulp.sol 
2021-08-16 19:51:21,410 pulp.apis.core DEBUG    D:\projects\MARSBACKEND\price-simulator-backend\env\lib\site-packages\pulp\apis\..\solverdir\cbc\win\64\cbc.exe C:\Users\ARAVIN~1.MAT\AppData\Local\Temp\546a0d5d1a6d42f786cca9ab30845fbc-pulp.mps max branch printingOptions all solution C:\Users\ARAVIN~1.MAT\AppData\Local\Temp\546a0d5d1a6d42f786cca9ab30845fbc-pulp.sol 
2021-08-16 19:51:21,767 pulp.apis.core DEBUG    D:\projects\MARSBACKEND\price-simulator-backend\env\lib\site-packages\pulp\apis\..\solverdir\cbc\win\64\cbc.exe C:\Users\ARAVIN~1.MAT\AppData\Local\Temp\7ebe79894ea844bea2e92b6512d17333-pulp.mps max branch printingOptions all solution C:\Users\ARAVIN~1.MAT\AppData\Local\Temp\7ebe79894ea844bea2e92b6512d17333-pulp.sol 
2021-08-16 19:51:22,330 pulp.apis.core DEBUG    D:\projects\MARSBACKEND\price-simulator-backend\env\lib\site-packages\pulp\apis\..\solverdir\cbc\win\64\cbc.exe C:\Users\ARAVIN~1.MAT\AppData\Local\Temp\3e50374f542d4a2496ad40ca4d073a87-pulp.mps max branch printingOptions all solution C:\Users\ARAVIN~1.MAT\AppData\Local\Temp\3e50374f542d4a2496ad40ca4d073a87-pulp.sol 
2021-08-16 19:51:22,908 pulp.apis.core DEBUG    D:\projects\MARSBACKEND\price-simulator-backend\env\lib\site-packages\pulp\apis\..\solverdir\cbc\win\64\cbc.exe C:\Users\ARAVIN~1.MAT\AppData\Local\Temp\71671f41001c43e78bbf71f4c2f8725c-pulp.mps max branch printingOptions all solution C:\Users\ARAVIN~1.MAT\AppData\Local\Temp\71671f41001c43e78bbf71f4c2f8725c-pulp.sol 
2021-08-16 19:51:23,416 pulp.apis.core DEBUG    D:\projects\MARSBACKEND\price-simulator-backend\env\lib\site-packages\pulp\apis\..\solverdir\cbc\win\64\cbc.exe C:\Users\ARAVIN~1.MAT\AppData\Local\Temp\181518e0e1e449088fe53d9ad7aa7c5f-pulp.mps max branch printingOptions all solution C:\Users\ARAVIN~1.MAT\AppData\Local\Temp\181518e0e1e449088fe53d9ad7aa7c5f-pulp.sol 
2021-08-16 19:51:23,732 pulp.apis.core DEBUG    D:\projects\MARSBACKEND\price-simulator-backend\env\lib\site-packages\pulp\apis\..\solverdir\cbc\win\64\cbc.exe C:\Users\ARAVIN~1.MAT\AppData\Local\Temp\08a0dd13708d44509c56a856aa185115-pulp.mps max branch printingOptions all solution C:\Users\ARAVIN~1.MAT\AppData\Local\Temp\08a0dd13708d44509c56a856aa185115-pulp.sol 
2021-08-16 19:51:24,334 pulp.apis.core DEBUG    D:\projects\MARSBACKEND\price-simulator-backend\env\lib\site-packages\pulp\apis\..\solverdir\cbc\win\64\cbc.exe C:\Users\ARAVIN~1.MAT\AppData\Local\Temp\a9c2fc59c06c434eb03b311a08b92a41-pulp.mps max branch printingOptions all solution C:\Users\ARAVIN~1.MAT\AppData\Local\Temp\a9c2fc59c06c434eb03b311a08b92a41-pulp.sol 
2021-08-16 19:51:24,862 pulp.apis.core DEBUG    D:\projects\MARSBACKEND\price-simulator-backend\env\lib\site-packages\pulp\apis\..\solverdir\cbc\win\64\cbc.exe C:\Users\ARAVIN~1.MAT\AppData\Local\Temp\be900075c1ca4cc39781581e6444316f-pulp.mps max branch printingOptions all solution C:\Users\ARAVIN~1.MAT\AppData\Local\Temp\be900075c1ca4cc39781581e6444316f-pulp.sol 
2021-08-16 19:51:25,305 pulp.apis.core DEBUG    D:\projects\MARSBACKEND\price-simulator-backend\env\lib\site-packages\pulp\apis\..\solverdir\cbc\win\64\cbc.exe C:\Users\ARAVIN~1.MAT\AppData\Local\Temp\4609a3d62661483196595b95f2aedbf4-pulp.mps max branch printingOptions all solution C:\Users\ARAVIN~1.MAT\AppData\Local\Temp\4609a3d62661483196595b95f2aedbf4-pulp.sol 
2021-08-16 19:51:25,790 pulp.apis.core DEBUG    D:\projects\MARSBACKEND\price-simulator-backend\env\lib\site-packages\pulp\apis\..\solverdir\cbc\win\64\cbc.exe C:\Users\ARAVIN~1.MAT\AppData\Local\Temp\078173663ca14d83aa1e465b6f93d71d-pulp.mps max branch printingOptions all solution C:\Users\ARAVIN~1.MAT\AppData\Local\Temp\078173663ca14d83aa1e465b6f93d71d-pulp.sol 
2021-08-16 19:51:26,084 pulp.apis.core DEBUG    D:\projects\MARSBACKEND\price-simulator-backend\env\lib\site-packages\pulp\apis\..\solverdir\cbc\win\64\cbc.exe C:\Users\ARAVIN~1.MAT\AppData\Local\Temp\2ed5a5904ed1470c82ff50b8de3596d2-pulp.mps max branch printingOptions all solution C:\Users\ARAVIN~1.MAT\AppData\Local\Temp\2ed5a5904ed1470c82ff50b8de3596d2-pulp.sol 
2021-08-16 19:51:26,465 pulp.apis.core DEBUG    D:\projects\MARSBACKEND\price-simulator-backend\env\lib\site-packages\pulp\apis\..\solverdir\cbc\win\64\cbc.exe C:\Users\ARAVIN~1.MAT\AppData\Local\Temp\8ec1ed544a33428a9c23e2e5e4f89135-pulp.mps max branch printingOptions all solution C:\Users\ARAVIN~1.MAT\AppData\Local\Temp\8ec1ed544a33428a9c23e2e5e4f89135-pulp.sol 
2021-08-16 19:51:26,738 pulp.apis.core DEBUG    D:\projects\MARSBACKEND\price-simulator-backend\env\lib\site-packages\pulp\apis\..\solverdir\cbc\win\64\cbc.exe C:\Users\ARAVIN~1.MAT\AppData\Local\Temp\5f5f14664b0f408fa0e0311a0a404ef8-pulp.mps max branch printingOptions all solution C:\Users\ARAVIN~1.MAT\AppData\Local\Temp\5f5f14664b0f408fa0e0311a0a404ef8-pulp.sol 
2021-08-16 19:51:27,111 pulp.apis.core DEBUG    D:\projects\MARSBACKEND\price-simulator-backend\env\lib\site-packages\pulp\apis\..\solverdir\cbc\win\64\cbc.exe C:\Users\ARAVIN~1.MAT\AppData\Local\Temp\bf4e10b8bd024cabb9c2a76ec53b1ee8-pulp.mps max branch printingOptions all solution C:\Users\ARAVIN~1.MAT\AppData\Local\Temp\bf4e10b8bd024cabb9c2a76ec53b1ee8-pulp.sol 
2021-08-16 19:51:27,662 pulp.apis.core DEBUG    D:\projects\MARSBACKEND\price-simulator-backend\env\lib\site-packages\pulp\apis\..\solverdir\cbc\win\64\cbc.exe C:\Users\ARAVIN~1.MAT\AppData\Local\Temp\9b5e80f4eabd422ba7ebdd5f3df6741c-pulp.mps max branch printingOptions all solution C:\Users\ARAVIN~1.MAT\AppData\Local\Temp\9b5e80f4eabd422ba7ebdd5f3df6741c-pulp.sol 
2021-08-16 19:51:28,281 pulp.apis.core DEBUG    D:\projects\MARSBACKEND\price-simulator-backend\env\lib\site-packages\pulp\apis\..\solverdir\cbc\win\64\cbc.exe C:\Users\ARAVIN~1.MAT\AppData\Local\Temp\ba03efe31827499495a590457aa5362c-pulp.mps max branch printingOptions all solution C:\Users\ARAVIN~1.MAT\AppData\Local\Temp\ba03efe31827499495a590457aa5362c-pulp.sol 
2021-08-16 19:51:28,806 pulp.apis.core DEBUG    D:\projects\MARSBACKEND\price-simulator-backend\env\lib\site-packages\pulp\apis\..\solverdir\cbc\win\64\cbc.exe C:\Users\ARAVIN~1.MAT\AppData\Local\Temp\b56dcb1dad744e7692a5189196a1bc63-pulp.mps max branch printingOptions all solution C:\Users\ARAVIN~1.MAT\AppData\Local\Temp\b56dcb1dad744e7692a5189196a1bc63-pulp.sol 
2021-08-16 19:51:29,246 pulp.apis.core DEBUG    D:\projects\MARSBACKEND\price-simulator-backend\env\lib\site-packages\pulp\apis\..\solverdir\cbc\win\64\cbc.exe C:\Users\ARAVIN~1.MAT\AppData\Local\Temp\69dd063438e243c8b8ad6d429dc9f652-pulp.mps max branch printingOptions all solution C:\Users\ARAVIN~1.MAT\AppData\Local\Temp\69dd063438e243c8b8ad6d429dc9f652-pulp.sol 
2021-08-16 19:51:29,536 pulp.apis.core DEBUG    D:\projects\MARSBACKEND\price-simulator-backend\env\lib\site-packages\pulp\apis\..\solverdir\cbc\win\64\cbc.exe C:\Users\ARAVIN~1.MAT\AppData\Local\Temp\a7cae8c0d5e0477699ebef341ddd43ab-pulp.mps max branch printingOptions all solution C:\Users\ARAVIN~1.MAT\AppData\Local\Temp\a7cae8c0d5e0477699ebef341ddd43ab-pulp.sol 
2021-08-16 19:51:30,083 pulp.apis.core DEBUG    D:\projects\MARSBACKEND\price-simulator-backend\env\lib\site-packages\pulp\apis\..\solverdir\cbc\win\64\cbc.exe C:\Users\ARAVIN~1.MAT\AppData\Local\Temp\e43acf810eeb45c58d8790611d7ceb44-pulp.mps max branch printingOptions all solution C:\Users\ARAVIN~1.MAT\AppData\Local\Temp\e43acf810eeb45c58d8790611d7ceb44-pulp.sol 
2021-08-16 19:51:30,439 pulp.apis.core DEBUG    D:\projects\MARSBACKEND\price-simulator-backend\env\lib\site-packages\pulp\apis\..\solverdir\cbc\win\64\cbc.exe C:\Users\ARAVIN~1.MAT\AppData\Local\Temp\d7eb6864e18b424b8809fab48a2f5e2e-pulp.mps max branch printingOptions all solution C:\Users\ARAVIN~1.MAT\AppData\Local\Temp\d7eb6864e18b424b8809fab48a2f5e2e-pulp.sol 
2021-08-16 19:51:30,814 pulp.apis.core DEBUG    D:\projects\MARSBACKEND\price-simulator-backend\env\lib\site-packages\pulp\apis\..\solverdir\cbc\win\64\cbc.exe C:\Users\ARAVIN~1.MAT\AppData\Local\Temp\140069a168dc4150af1030a65297854a-pulp.mps max branch printingOptions all solution C:\Users\ARAVIN~1.MAT\AppData\Local\Temp\140069a168dc4150af1030a65297854a-pulp.sol 
2021-08-16 19:51:31,134 pulp.apis.core DEBUG    D:\projects\MARSBACKEND\price-simulator-backend\env\lib\site-packages\pulp\apis\..\solverdir\cbc\win\64\cbc.exe C:\Users\ARAVIN~1.MAT\AppData\Local\Temp\df10ccbd9f8d419abd18b4ae8b3972b3-pulp.mps max branch printingOptions all solution C:\Users\ARAVIN~1.MAT\AppData\Local\Temp\df10ccbd9f8d419abd18b4ae8b3972b3-pulp.sol 
2021-08-16 19:51:31,607 pulp.apis.core DEBUG    D:\projects\MARSBACKEND\price-simulator-backend\env\lib\site-packages\pulp\apis\..\solverdir\cbc\win\64\cbc.exe C:\Users\ARAVIN~1.MAT\AppData\Local\Temp\978c563093d649bea548bb1ea3de544d-pulp.mps max branch printingOptions all solution C:\Users\ARAVIN~1.MAT\AppData\Local\Temp\978c563093d649bea548bb1ea3de544d-pulp.sol 
2021-08-16 19:51:31,896 pulp.apis.core DEBUG    D:\projects\MARSBACKEND\price-simulator-backend\env\lib\site-packages\pulp\apis\..\solverdir\cbc\win\64\cbc.exe C:\Users\ARAVIN~1.MAT\AppData\Local\Temp\49cddadad1654dd9a34ff6434585f4e6-pulp.mps max branch printingOptions all solution C:\Users\ARAVIN~1.MAT\AppData\Local\Temp\49cddadad1654dd9a34ff6434585f4e6-pulp.sol 
2021-08-16 19:51:32,252 pulp.apis.core DEBUG    D:\projects\MARSBACKEND\price-simulator-backend\env\lib\site-packages\pulp\apis\..\solverdir\cbc\win\64\cbc.exe C:\Users\ARAVIN~1.MAT\AppData\Local\Temp\cb4f442d9a8540b88df42af4d411caff-pulp.mps max branch printingOptions all solution C:\Users\ARAVIN~1.MAT\AppData\Local\Temp\cb4f442d9a8540b88df42af4d411caff-pulp.sol 
2021-08-16 19:51:32,569 pulp.apis.core DEBUG    D:\projects\MARSBACKEND\price-simulator-backend\env\lib\site-packages\pulp\apis\..\solverdir\cbc\win\64\cbc.exe C:\Users\ARAVIN~1.MAT\AppData\Local\Temp\b5957b9f478145c4a3442f59f4a53445-pulp.mps max branch printingOptions all solution C:\Users\ARAVIN~1.MAT\AppData\Local\Temp\b5957b9f478145c4a3442f59f4a53445-pulp.sol 
2021-08-16 19:51:32,938 pulp.apis.core DEBUG    D:\projects\MARSBACKEND\price-simulator-backend\env\lib\site-packages\pulp\apis\..\solverdir\cbc\win\64\cbc.exe C:\Users\ARAVIN~1.MAT\AppData\Local\Temp\af717885de374d0b800e8f471e241b57-pulp.mps max branch printingOptions all solution C:\Users\ARAVIN~1.MAT\AppData\Local\Temp\af717885de374d0b800e8f471e241b57-pulp.sol 
2021-08-16 19:51:33,304 pulp.apis.core DEBUG    D:\projects\MARSBACKEND\price-simulator-backend\env\lib\site-packages\pulp\apis\..\solverdir\cbc\win\64\cbc.exe C:\Users\ARAVIN~1.MAT\AppData\Local\Temp\e2ea63b9cfbc4fae8364b2a40381c055-pulp.mps max branch printingOptions all solution C:\Users\ARAVIN~1.MAT\AppData\Local\Temp\e2ea63b9cfbc4fae8364b2a40381c055-pulp.sol 
2021-08-16 19:51:33,786 pulp.apis.core DEBUG    D:\projects\MARSBACKEND\price-simulator-backend\env\lib\site-packages\pulp\apis\..\solverdir\cbc\win\64\cbc.exe C:\Users\ARAVIN~1.MAT\AppData\Local\Temp\e0f0bb2357a043ac8f03b52601c3ed9b-pulp.mps max branch printingOptions all solution C:\Users\ARAVIN~1.MAT\AppData\Local\Temp\e0f0bb2357a043ac8f03b52601c3ed9b-pulp.sol 
2021-08-16 19:51:34,255 pulp.apis.core DEBUG    D:\projects\MARSBACKEND\price-simulator-backend\env\lib\site-packages\pulp\apis\..\solverdir\cbc\win\64\cbc.exe C:\Users\ARAVIN~1.MAT\AppData\Local\Temp\5547bcab1f7342d7b5fe8d98526e3193-pulp.mps max branch printingOptions all solution C:\Users\ARAVIN~1.MAT\AppData\Local\Temp\5547bcab1f7342d7b5fe8d98526e3193-pulp.sol 
2021-08-16 19:51:34,642 pulp.apis.core DEBUG    D:\projects\MARSBACKEND\price-simulator-backend\env\lib\site-packages\pulp\apis\..\solverdir\cbc\win\64\cbc.exe C:\Users\ARAVIN~1.MAT\AppData\Local\Temp\4b7e666728d849be89173357f7414693-pulp.mps max branch printingOptions all solution C:\Users\ARAVIN~1.MAT\AppData\Local\Temp\4b7e666728d849be89173357f7414693-pulp.sol 
2021-08-16 19:51:34,912 pulp.apis.core DEBUG    D:\projects\MARSBACKEND\price-simulator-backend\env\lib\site-packages\pulp\apis\..\solverdir\cbc\win\64\cbc.exe C:\Users\ARAVIN~1.MAT\AppData\Local\Temp\cf00467b9f444eca9e13861d633296c4-pulp.mps max branch printingOptions all solution C:\Users\ARAVIN~1.MAT\AppData\Local\Temp\cf00467b9f444eca9e13861d633296c4-pulp.sol 
2021-08-16 19:51:35,355 pulp.apis.core DEBUG    D:\projects\MARSBACKEND\price-simulator-backend\env\lib\site-packages\pulp\apis\..\solverdir\cbc\win\64\cbc.exe C:\Users\ARAVIN~1.MAT\AppData\Local\Temp\d27e04363c9a40dd8c34df163954eb03-pulp.mps max branch printingOptions all solution C:\Users\ARAVIN~1.MAT\AppData\Local\Temp\d27e04363c9a40dd8c34df163954eb03-pulp.sol 
2021-08-16 19:51:35,728 pulp.apis.core DEBUG    D:\projects\MARSBACKEND\price-simulator-backend\env\lib\site-packages\pulp\apis\..\solverdir\cbc\win\64\cbc.exe C:\Users\ARAVIN~1.MAT\AppData\Local\Temp\059122138b884d5598bcc44479814a31-pulp.mps max branch printingOptions all solution C:\Users\ARAVIN~1.MAT\AppData\Local\Temp\059122138b884d5598bcc44479814a31-pulp.sol 
2021-08-16 19:51:36,019 pulp.apis.core DEBUG    D:\projects\MARSBACKEND\price-simulator-backend\env\lib\site-packages\pulp\apis\..\solverdir\cbc\win\64\cbc.exe C:\Users\ARAVIN~1.MAT\AppData\Local\Temp\84f2fea72c4b4346b175e7a7c57202f0-pulp.mps max branch printingOptions all solution C:\Users\ARAVIN~1.MAT\AppData\Local\Temp\84f2fea72c4b4346b175e7a7c57202f0-pulp.sol 
2021-08-16 19:51:36,347 pulp.apis.core DEBUG    D:\projects\MARSBACKEND\price-simulator-backend\env\lib\site-packages\pulp\apis\..\solverdir\cbc\win\64\cbc.exe C:\Users\ARAVIN~1.MAT\AppData\Local\Temp\2898d5d40b954507bdb7cae64b6b5c79-pulp.mps max branch printingOptions all solution C:\Users\ARAVIN~1.MAT\AppData\Local\Temp\2898d5d40b954507bdb7cae64b6b5c79-pulp.sol 
2021-08-16 19:51:36,694 pulp.apis.core DEBUG    D:\projects\MARSBACKEND\price-simulator-backend\env\lib\site-packages\pulp\apis\..\solverdir\cbc\win\64\cbc.exe C:\Users\ARAVIN~1.MAT\AppData\Local\Temp\e5595bcdef3a4ec0be8f872927fb12ea-pulp.mps max branch printingOptions all solution C:\Users\ARAVIN~1.MAT\AppData\Local\Temp\e5595bcdef3a4ec0be8f872927fb12ea-pulp.sol 
2021-08-16 19:51:37,238 pulp.apis.core DEBUG    D:\projects\MARSBACKEND\price-simulator-backend\env\lib\site-packages\pulp\apis\..\solverdir\cbc\win\64\cbc.exe C:\Users\ARAVIN~1.MAT\AppData\Local\Temp\756adb04eedb491bb7434c7bbb66e7e9-pulp.mps max branch printingOptions all solution C:\Users\ARAVIN~1.MAT\AppData\Local\Temp\756adb04eedb491bb7434c7bbb66e7e9-pulp.sol 
2021-08-16 19:51:37,565 pulp.apis.core DEBUG    D:\projects\MARSBACKEND\price-simulator-backend\env\lib\site-packages\pulp\apis\..\solverdir\cbc\win\64\cbc.exe C:\Users\ARAVIN~1.MAT\AppData\Local\Temp\a11c898e300b4db2908b71971c87cdcb-pulp.mps max branch printingOptions all solution C:\Users\ARAVIN~1.MAT\AppData\Local\Temp\a11c898e300b4db2908b71971c87cdcb-pulp.sol 
2021-08-16 19:51:38,000 pulp.apis.core DEBUG    D:\projects\MARSBACKEND\price-simulator-backend\env\lib\site-packages\pulp\apis\..\solverdir\cbc\win\64\cbc.exe C:\Users\ARAVIN~1.MAT\AppData\Local\Temp\430367cfe6b1444699cdb998c2aaee2f-pulp.mps max branch printingOptions all solution C:\Users\ARAVIN~1.MAT\AppData\Local\Temp\430367cfe6b1444699cdb998c2aaee2f-pulp.sol 
2021-08-16 19:51:38,345 pulp.apis.core DEBUG    D:\projects\MARSBACKEND\price-simulator-backend\env\lib\site-packages\pulp\apis\..\solverdir\cbc\win\64\cbc.exe C:\Users\ARAVIN~1.MAT\AppData\Local\Temp\6cbe125818a54d46bf72c896245561d4-pulp.mps max branch printingOptions all solution C:\Users\ARAVIN~1.MAT\AppData\Local\Temp\6cbe125818a54d46bf72c896245561d4-pulp.sol 
2021-08-16 19:51:38,700 pulp.apis.core DEBUG    D:\projects\MARSBACKEND\price-simulator-backend\env\lib\site-packages\pulp\apis\..\solverdir\cbc\win\64\cbc.exe C:\Users\ARAVIN~1.MAT\AppData\Local\Temp\f62c4062e0d84c259df32125a9bbe76f-pulp.mps max branch printingOptions all solution C:\Users\ARAVIN~1.MAT\AppData\Local\Temp\f62c4062e0d84c259df32125a9bbe76f-pulp.sol 
2021-08-16 19:51:39,147 pulp.apis.core DEBUG    D:\projects\MARSBACKEND\price-simulator-backend\env\lib\site-packages\pulp\apis\..\solverdir\cbc\win\64\cbc.exe C:\Users\ARAVIN~1.MAT\AppData\Local\Temp\dbac8410726647eebf08f6d86a479d6b-pulp.mps max branch printingOptions all solution C:\Users\ARAVIN~1.MAT\AppData\Local\Temp\dbac8410726647eebf08f6d86a479d6b-pulp.sol 
2021-08-16 19:51:39,684 pulp.apis.core DEBUG    D:\projects\MARSBACKEND\price-simulator-backend\env\lib\site-packages\pulp\apis\..\solverdir\cbc\win\64\cbc.exe C:\Users\ARAVIN~1.MAT\AppData\Local\Temp\3a2b85e217b2449fb588e7725ec04c6a-pulp.mps max branch printingOptions all solution C:\Users\ARAVIN~1.MAT\AppData\Local\Temp\3a2b85e217b2449fb588e7725ec04c6a-pulp.sol 
2021-08-16 19:51:40,071 pulp.apis.core DEBUG    D:\projects\MARSBACKEND\price-simulator-backend\env\lib\site-packages\pulp\apis\..\solverdir\cbc\win\64\cbc.exe C:\Users\ARAVIN~1.MAT\AppData\Local\Temp\91ac49d0e88b4bdeb2c1d6001aa8964d-pulp.mps max branch printingOptions all solution C:\Users\ARAVIN~1.MAT\AppData\Local\Temp\91ac49d0e88b4bdeb2c1d6001aa8964d-pulp.sol 
2021-08-16 19:51:40,347 pulp.apis.core DEBUG    D:\projects\MARSBACKEND\price-simulator-backend\env\lib\site-packages\pulp\apis\..\solverdir\cbc\win\64\cbc.exe C:\Users\ARAVIN~1.MAT\AppData\Local\Temp\8e314598680f4a3fbf9d20bde4114acd-pulp.mps max branch printingOptions all solution C:\Users\ARAVIN~1.MAT\AppData\Local\Temp\8e314598680f4a3fbf9d20bde4114acd-pulp.sol 
2021-08-16 19:51:40,781 pulp.apis.core DEBUG    D:\projects\MARSBACKEND\price-simulator-backend\env\lib\site-packages\pulp\apis\..\solverdir\cbc\win\64\cbc.exe C:\Users\ARAVIN~1.MAT\AppData\Local\Temp\d9255e86852f4239bd9bfdaad2f3633c-pulp.mps max branch printingOptions all solution C:\Users\ARAVIN~1.MAT\AppData\Local\Temp\d9255e86852f4239bd9bfdaad2f3633c-pulp.sol 
2021-08-16 19:51:41,143 pulp.apis.core DEBUG    D:\projects\MARSBACKEND\price-simulator-backend\env\lib\site-packages\pulp\apis\..\solverdir\cbc\win\64\cbc.exe C:\Users\ARAVIN~1.MAT\AppData\Local\Temp\f1ace87991a24581857485d7a414ac26-pulp.mps max branch printingOptions all solution C:\Users\ARAVIN~1.MAT\AppData\Local\Temp\f1ace87991a24581857485d7a414ac26-pulp.sol 
2021-08-16 19:51:41,497 pulp.apis.core DEBUG    D:\projects\MARSBACKEND\price-simulator-backend\env\lib\site-packages\pulp\apis\..\solverdir\cbc\win\64\cbc.exe C:\Users\ARAVIN~1.MAT\AppData\Local\Temp\377a2b60489643f492dc3dc6f1723b3e-pulp.mps max branch printingOptions all solution C:\Users\ARAVIN~1.MAT\AppData\Local\Temp\377a2b60489643f492dc3dc6f1723b3e-pulp.sol 
2021-08-16 19:51:41,875 pulp.apis.core DEBUG    D:\projects\MARSBACKEND\price-simulator-backend\env\lib\site-packages\pulp\apis\..\solverdir\cbc\win\64\cbc.exe C:\Users\ARAVIN~1.MAT\AppData\Local\Temp\2472cab7572e42918ff98e5d7708756c-pulp.mps max branch printingOptions all solution C:\Users\ARAVIN~1.MAT\AppData\Local\Temp\2472cab7572e42918ff98e5d7708756c-pulp.sol 
2021-08-16 19:51:42,256 pulp.apis.core DEBUG    D:\projects\MARSBACKEND\price-simulator-backend\env\lib\site-packages\pulp\apis\..\solverdir\cbc\win\64\cbc.exe C:\Users\ARAVIN~1.MAT\AppData\Local\Temp\9ae4b3ea46604aad9f2dd3cf97e7ed04-pulp.mps max branch printingOptions all solution C:\Users\ARAVIN~1.MAT\AppData\Local\Temp\9ae4b3ea46604aad9f2dd3cf97e7ed04-pulp.sol 
2021-08-16 19:51:42,799 pulp.apis.core DEBUG    D:\projects\MARSBACKEND\price-simulator-backend\env\lib\site-packages\pulp\apis\..\solverdir\cbc\win\64\cbc.exe C:\Users\ARAVIN~1.MAT\AppData\Local\Temp\5724e00bc4c84aeda3f1dd4aa5c43e5f-pulp.mps max branch printingOptions all solution C:\Users\ARAVIN~1.MAT\AppData\Local\Temp\5724e00bc4c84aeda3f1dd4aa5c43e5f-pulp.sol 
2021-08-16 19:51:43,167 pulp.apis.core DEBUG    D:\projects\MARSBACKEND\price-simulator-backend\env\lib\site-packages\pulp\apis\..\solverdir\cbc\win\64\cbc.exe C:\Users\ARAVIN~1.MAT\AppData\Local\Temp\1d01982a8ae8456aa4144a2c28376c1d-pulp.mps max branch printingOptions all solution C:\Users\ARAVIN~1.MAT\AppData\Local\Temp\1d01982a8ae8456aa4144a2c28376c1d-pulp.sol 
2021-08-16 19:51:43,594 pulp.apis.core DEBUG    D:\projects\MARSBACKEND\price-simulator-backend\env\lib\site-packages\pulp\apis\..\solverdir\cbc\win\64\cbc.exe C:\Users\ARAVIN~1.MAT\AppData\Local\Temp\39ce0c1e21ef4e75be67714d254160da-pulp.mps max branch printingOptions all solution C:\Users\ARAVIN~1.MAT\AppData\Local\Temp\39ce0c1e21ef4e75be67714d254160da-pulp.sol 
2021-08-16 19:51:44,018 pulp.apis.core DEBUG    D:\projects\MARSBACKEND\price-simulator-backend\env\lib\site-packages\pulp\apis\..\solverdir\cbc\win\64\cbc.exe C:\Users\ARAVIN~1.MAT\AppData\Local\Temp\47e10b9aa53d45309750590507eaf4f1-pulp.mps max branch printingOptions all solution C:\Users\ARAVIN~1.MAT\AppData\Local\Temp\47e10b9aa53d45309750590507eaf4f1-pulp.sol 
2021-08-16 19:51:44,379 pulp.apis.core DEBUG    D:\projects\MARSBACKEND\price-simulator-backend\env\lib\site-packages\pulp\apis\..\solverdir\cbc\win\64\cbc.exe C:\Users\ARAVIN~1.MAT\AppData\Local\Temp\8bdcf6fa66ce4e9ba613044813f17518-pulp.mps max branch printingOptions all solution C:\Users\ARAVIN~1.MAT\AppData\Local\Temp\8bdcf6fa66ce4e9ba613044813f17518-pulp.sol 
2021-08-16 19:51:44,708 pulp.apis.core DEBUG    D:\projects\MARSBACKEND\price-simulator-backend\env\lib\site-packages\pulp\apis\..\solverdir\cbc\win\64\cbc.exe C:\Users\ARAVIN~1.MAT\AppData\Local\Temp\c88c0c77ac244ecc9f1e5e2e75eaace4-pulp.mps max branch printingOptions all solution C:\Users\ARAVIN~1.MAT\AppData\Local\Temp\c88c0c77ac244ecc9f1e5e2e75eaace4-pulp.sol 
2021-08-16 19:51:45,089 pulp.apis.core DEBUG    D:\projects\MARSBACKEND\price-simulator-backend\env\lib\site-packages\pulp\apis\..\solverdir\cbc\win\64\cbc.exe C:\Users\ARAVIN~1.MAT\AppData\Local\Temp\d00d54ad931a41cd8e09ac622306ac82-pulp.mps max branch printingOptions all solution C:\Users\ARAVIN~1.MAT\AppData\Local\Temp\d00d54ad931a41cd8e09ac622306ac82-pulp.sol 
2021-08-16 19:51:45,462 pulp.apis.core DEBUG    D:\projects\MARSBACKEND\price-simulator-backend\env\lib\site-packages\pulp\apis\..\solverdir\cbc\win\64\cbc.exe C:\Users\ARAVIN~1.MAT\AppData\Local\Temp\c421d92b98a7478e8a0c60d91e0a1c51-pulp.mps max branch printingOptions all solution C:\Users\ARAVIN~1.MAT\AppData\Local\Temp\c421d92b98a7478e8a0c60d91e0a1c51-pulp.sol 
2021-08-16 19:51:45,865 pulp.apis.core DEBUG    D:\projects\MARSBACKEND\price-simulator-backend\env\lib\site-packages\pulp\apis\..\solverdir\cbc\win\64\cbc.exe C:\Users\ARAVIN~1.MAT\AppData\Local\Temp\b1c0914927734040bbffc4fdd321b2f8-pulp.mps max branch printingOptions all solution C:\Users\ARAVIN~1.MAT\AppData\Local\Temp\b1c0914927734040bbffc4fdd321b2f8-pulp.sol 
2021-08-16 19:51:46,119 pulp.apis.core DEBUG    D:\projects\MARSBACKEND\price-simulator-backend\env\lib\site-packages\pulp\apis\..\solverdir\cbc\win\64\cbc.exe C:\Users\ARAVIN~1.MAT\AppData\Local\Temp\eebc2314dc364fc6926130f7c58b5611-pulp.mps max branch printingOptions all solution C:\Users\ARAVIN~1.MAT\AppData\Local\Temp\eebc2314dc364fc6926130f7c58b5611-pulp.sol 
2021-08-16 19:51:46,603 pulp.apis.core DEBUG    D:\projects\MARSBACKEND\price-simulator-backend\env\lib\site-packages\pulp\apis\..\solverdir\cbc\win\64\cbc.exe C:\Users\ARAVIN~1.MAT\AppData\Local\Temp\10a463af92f74e9e984e64c5efd5c966-pulp.mps max branch printingOptions all solution C:\Users\ARAVIN~1.MAT\AppData\Local\Temp\10a463af92f74e9e984e64c5efd5c966-pulp.sol 
2021-08-16 19:51:47,048 pulp.apis.core DEBUG    D:\projects\MARSBACKEND\price-simulator-backend\env\lib\site-packages\pulp\apis\..\solverdir\cbc\win\64\cbc.exe C:\Users\ARAVIN~1.MAT\AppData\Local\Temp\a80d4fd808014afe951e86327bc56159-pulp.mps max branch printingOptions all solution C:\Users\ARAVIN~1.MAT\AppData\Local\Temp\a80d4fd808014afe951e86327bc56159-pulp.sol 
2021-08-16 19:51:47,448 pulp.apis.core DEBUG    D:\projects\MARSBACKEND\price-simulator-backend\env\lib\site-packages\pulp\apis\..\solverdir\cbc\win\64\cbc.exe C:\Users\ARAVIN~1.MAT\AppData\Local\Temp\55af44803d284f3f83714cf5e21bd62b-pulp.mps max branch printingOptions all solution C:\Users\ARAVIN~1.MAT\AppData\Local\Temp\55af44803d284f3f83714cf5e21bd62b-pulp.sol 
2021-08-16 19:51:47,847 pulp.apis.core DEBUG    D:\projects\MARSBACKEND\price-simulator-backend\env\lib\site-packages\pulp\apis\..\solverdir\cbc\win\64\cbc.exe C:\Users\ARAVIN~1.MAT\AppData\Local\Temp\a5ab01a14b16487d8992266bc52f4c90-pulp.mps max branch printingOptions all solution C:\Users\ARAVIN~1.MAT\AppData\Local\Temp\a5ab01a14b16487d8992266bc52f4c90-pulp.sol 
2021-08-16 19:51:48,251 pulp.apis.core DEBUG    D:\projects\MARSBACKEND\price-simulator-backend\env\lib\site-packages\pulp\apis\..\solverdir\cbc\win\64\cbc.exe C:\Users\ARAVIN~1.MAT\AppData\Local\Temp\4ad54faa19a14c5798100bb7efd9e773-pulp.mps max branch printingOptions all solution C:\Users\ARAVIN~1.MAT\AppData\Local\Temp\4ad54faa19a14c5798100bb7efd9e773-pulp.sol 
2021-08-16 19:51:48,603 pulp.apis.core DEBUG    D:\projects\MARSBACKEND\price-simulator-backend\env\lib\site-packages\pulp\apis\..\solverdir\cbc\win\64\cbc.exe C:\Users\ARAVIN~1.MAT\AppData\Local\Temp\fe88a54f25bb46ae8d53848299a64227-pulp.mps max branch printingOptions all solution C:\Users\ARAVIN~1.MAT\AppData\Local\Temp\fe88a54f25bb46ae8d53848299a64227-pulp.sol 
2021-08-16 19:51:48,962 pulp.apis.core DEBUG    D:\projects\MARSBACKEND\price-simulator-backend\env\lib\site-packages\pulp\apis\..\solverdir\cbc\win\64\cbc.exe C:\Users\ARAVIN~1.MAT\AppData\Local\Temp\fa432e98739b499990217037be838633-pulp.mps max branch printingOptions all solution C:\Users\ARAVIN~1.MAT\AppData\Local\Temp\fa432e98739b499990217037be838633-pulp.sol 
2021-08-16 19:51:49,238 pulp.apis.core DEBUG    D:\projects\MARSBACKEND\price-simulator-backend\env\lib\site-packages\pulp\apis\..\solverdir\cbc\win\64\cbc.exe C:\Users\ARAVIN~1.MAT\AppData\Local\Temp\cf0aa74b738340168a1825288f0817aa-pulp.mps max branch printingOptions all solution C:\Users\ARAVIN~1.MAT\AppData\Local\Temp\cf0aa74b738340168a1825288f0817aa-pulp.sol 
2021-08-16 19:51:49,591 pulp.apis.core DEBUG    D:\projects\MARSBACKEND\price-simulator-backend\env\lib\site-packages\pulp\apis\..\solverdir\cbc\win\64\cbc.exe C:\Users\ARAVIN~1.MAT\AppData\Local\Temp\f95a3ffdd1c547a5a139be30307ea818-pulp.mps max branch printingOptions all solution C:\Users\ARAVIN~1.MAT\AppData\Local\Temp\f95a3ffdd1c547a5a139be30307ea818-pulp.sol 
2021-08-16 19:51:49,939 pulp.apis.core DEBUG    D:\projects\MARSBACKEND\price-simulator-backend\env\lib\site-packages\pulp\apis\..\solverdir\cbc\win\64\cbc.exe C:\Users\ARAVIN~1.MAT\AppData\Local\Temp\f1cf28af6f10465bb5b6b67090f943b2-pulp.mps max branch printingOptions all solution C:\Users\ARAVIN~1.MAT\AppData\Local\Temp\f1cf28af6f10465bb5b6b67090f943b2-pulp.sol 
2021-08-16 19:51:50,398 pulp.apis.core DEBUG    D:\projects\MARSBACKEND\price-simulator-backend\env\lib\site-packages\pulp\apis\..\solverdir\cbc\win\64\cbc.exe C:\Users\ARAVIN~1.MAT\AppData\Local\Temp\08352a395c4347d2b27accf4f48e07ad-pulp.mps max branch printingOptions all solution C:\Users\ARAVIN~1.MAT\AppData\Local\Temp\08352a395c4347d2b27accf4f48e07ad-pulp.sol 
2021-08-16 19:51:50,681 pulp.apis.core DEBUG    D:\projects\MARSBACKEND\price-simulator-backend\env\lib\site-packages\pulp\apis\..\solverdir\cbc\win\64\cbc.exe C:\Users\ARAVIN~1.MAT\AppData\Local\Temp\52b8daca20a24d1ab81b7ebe10308707-pulp.mps max branch printingOptions all solution C:\Users\ARAVIN~1.MAT\AppData\Local\Temp\52b8daca20a24d1ab81b7ebe10308707-pulp.sol 
2021-08-16 19:51:50,983 pulp.apis.core DEBUG    D:\projects\MARSBACKEND\price-simulator-backend\env\lib\site-packages\pulp\apis\..\solverdir\cbc\win\64\cbc.exe C:\Users\ARAVIN~1.MAT\AppData\Local\Temp\c2b0958389934ad1b314a2ed19a00bda-pulp.mps max branch printingOptions all solution C:\Users\ARAVIN~1.MAT\AppData\Local\Temp\c2b0958389934ad1b314a2ed19a00bda-pulp.sol 
2021-08-16 19:51:51,379 pulp.apis.core DEBUG    D:\projects\MARSBACKEND\price-simulator-backend\env\lib\site-packages\pulp\apis\..\solverdir\cbc\win\64\cbc.exe C:\Users\ARAVIN~1.MAT\AppData\Local\Temp\0299c75be05641a5a809bb8a3bb8507d-pulp.mps max branch printingOptions all solution C:\Users\ARAVIN~1.MAT\AppData\Local\Temp\0299c75be05641a5a809bb8a3bb8507d-pulp.sol 
2021-08-16 19:51:51,754 pulp.apis.core DEBUG    D:\projects\MARSBACKEND\price-simulator-backend\env\lib\site-packages\pulp\apis\..\solverdir\cbc\win\64\cbc.exe C:\Users\ARAVIN~1.MAT\AppData\Local\Temp\45172ad8a7964a62a90dd814ecbffc01-pulp.mps max branch printingOptions all solution C:\Users\ARAVIN~1.MAT\AppData\Local\Temp\45172ad8a7964a62a90dd814ecbffc01-pulp.sol 
2021-08-16 19:51:52,121 pulp.apis.core DEBUG    D:\projects\MARSBACKEND\price-simulator-backend\env\lib\site-packages\pulp\apis\..\solverdir\cbc\win\64\cbc.exe C:\Users\ARAVIN~1.MAT\AppData\Local\Temp\f64c289641b94043bfbcf0855eef73e9-pulp.mps max branch printingOptions all solution C:\Users\ARAVIN~1.MAT\AppData\Local\Temp\f64c289641b94043bfbcf0855eef73e9-pulp.sol 
2021-08-16 19:51:52,581 pulp.apis.core DEBUG    D:\projects\MARSBACKEND\price-simulator-backend\env\lib\site-packages\pulp\apis\..\solverdir\cbc\win\64\cbc.exe C:\Users\ARAVIN~1.MAT\AppData\Local\Temp\2e914383db0c4460a3b3015d1ee7fbf3-pulp.mps max branch printingOptions all solution C:\Users\ARAVIN~1.MAT\AppData\Local\Temp\2e914383db0c4460a3b3015d1ee7fbf3-pulp.sol 
2021-08-16 19:51:53,048 pulp.apis.core DEBUG    D:\projects\MARSBACKEND\price-simulator-backend\env\lib\site-packages\pulp\apis\..\solverdir\cbc\win\64\cbc.exe C:\Users\ARAVIN~1.MAT\AppData\Local\Temp\49d1d2c072db4ec09a3689406afeb7d8-pulp.mps max branch printingOptions all solution C:\Users\ARAVIN~1.MAT\AppData\Local\Temp\49d1d2c072db4ec09a3689406afeb7d8-pulp.sol 
2021-08-16 19:51:53,485 pulp.apis.core DEBUG    D:\projects\MARSBACKEND\price-simulator-backend\env\lib\site-packages\pulp\apis\..\solverdir\cbc\win\64\cbc.exe C:\Users\ARAVIN~1.MAT\AppData\Local\Temp\56313ab64fec4cf692d8c34ac6e1e82d-pulp.mps max branch printingOptions all solution C:\Users\ARAVIN~1.MAT\AppData\Local\Temp\56313ab64fec4cf692d8c34ac6e1e82d-pulp.sol 
2021-08-16 19:51:53,752 pulp.apis.core DEBUG    D:\projects\MARSBACKEND\price-simulator-backend\env\lib\site-packages\pulp\apis\..\solverdir\cbc\win\64\cbc.exe C:\Users\ARAVIN~1.MAT\AppData\Local\Temp\411841cbcf824083b4c74c1976fff377-pulp.mps max branch printingOptions all solution C:\Users\ARAVIN~1.MAT\AppData\Local\Temp\411841cbcf824083b4c74c1976fff377-pulp.sol 
2021-08-16 19:51:54,137 pulp.apis.core DEBUG    D:\projects\MARSBACKEND\price-simulator-backend\env\lib\site-packages\pulp\apis\..\solverdir\cbc\win\64\cbc.exe C:\Users\ARAVIN~1.MAT\AppData\Local\Temp\50d2ee9efed04aba9eeef45f0cec48a6-pulp.mps max branch printingOptions all solution C:\Users\ARAVIN~1.MAT\AppData\Local\Temp\50d2ee9efed04aba9eeef45f0cec48a6-pulp.sol 
2021-08-16 19:51:54,584 pulp.apis.core DEBUG    D:\projects\MARSBACKEND\price-simulator-backend\env\lib\site-packages\pulp\apis\..\solverdir\cbc\win\64\cbc.exe C:\Users\ARAVIN~1.MAT\AppData\Local\Temp\99dfa3e8877c4ff3babde92353fea370-pulp.mps max branch printingOptions all solution C:\Users\ARAVIN~1.MAT\AppData\Local\Temp\99dfa3e8877c4ff3babde92353fea370-pulp.sol 
2021-08-16 19:51:55,019 pulp.apis.core DEBUG    D:\projects\MARSBACKEND\price-simulator-backend\env\lib\site-packages\pulp\apis\..\solverdir\cbc\win\64\cbc.exe C:\Users\ARAVIN~1.MAT\AppData\Local\Temp\3b089eabf0b3488b96e70cabc2669ddb-pulp.mps max branch printingOptions all solution C:\Users\ARAVIN~1.MAT\AppData\Local\Temp\3b089eabf0b3488b96e70cabc2669ddb-pulp.sol 
2021-08-16 19:51:55,380 pulp.apis.core DEBUG    D:\projects\MARSBACKEND\price-simulator-backend\env\lib\site-packages\pulp\apis\..\solverdir\cbc\win\64\cbc.exe C:\Users\ARAVIN~1.MAT\AppData\Local\Temp\44a5c836869547a5b78c521d8db1afd6-pulp.mps max branch printingOptions all solution C:\Users\ARAVIN~1.MAT\AppData\Local\Temp\44a5c836869547a5b78c521d8db1afd6-pulp.sol 
2021-08-16 19:51:55,732 pulp.apis.core DEBUG    D:\projects\MARSBACKEND\price-simulator-backend\env\lib\site-packages\pulp\apis\..\solverdir\cbc\win\64\cbc.exe C:\Users\ARAVIN~1.MAT\AppData\Local\Temp\ced9dcd051424ae1b4841895be3afae6-pulp.mps max branch printingOptions all solution C:\Users\ARAVIN~1.MAT\AppData\Local\Temp\ced9dcd051424ae1b4841895be3afae6-pulp.sol 
2021-08-16 19:51:56,146 pulp.apis.core DEBUG    D:\projects\MARSBACKEND\price-simulator-backend\env\lib\site-packages\pulp\apis\..\solverdir\cbc\win\64\cbc.exe C:\Users\ARAVIN~1.MAT\AppData\Local\Temp\ff714575893141669b8a2a96c96f83b9-pulp.mps max branch printingOptions all solution C:\Users\ARAVIN~1.MAT\AppData\Local\Temp\ff714575893141669b8a2a96c96f83b9-pulp.sol 
2021-08-16 19:51:56,546 pulp.apis.core DEBUG    D:\projects\MARSBACKEND\price-simulator-backend\env\lib\site-packages\pulp\apis\..\solverdir\cbc\win\64\cbc.exe C:\Users\ARAVIN~1.MAT\AppData\Local\Temp\cf23aba91d0f42a9bd3f7c7e6ee5186e-pulp.mps max branch printingOptions all solution C:\Users\ARAVIN~1.MAT\AppData\Local\Temp\cf23aba91d0f42a9bd3f7c7e6ee5186e-pulp.sol 
2021-08-16 19:51:56,963 pulp.apis.core DEBUG    D:\projects\MARSBACKEND\price-simulator-backend\env\lib\site-packages\pulp\apis\..\solverdir\cbc\win\64\cbc.exe C:\Users\ARAVIN~1.MAT\AppData\Local\Temp\c7e4a1b8480d40dcabd0123a23edb22c-pulp.mps max branch printingOptions all solution C:\Users\ARAVIN~1.MAT\AppData\Local\Temp\c7e4a1b8480d40dcabd0123a23edb22c-pulp.sol 
2021-08-16 19:51:57,463 pulp.apis.core DEBUG    D:\projects\MARSBACKEND\price-simulator-backend\env\lib\site-packages\pulp\apis\..\solverdir\cbc\win\64\cbc.exe C:\Users\ARAVIN~1.MAT\AppData\Local\Temp\5d50f8e8f2184f7bbe3a87fef0bec5ae-pulp.mps max branch printingOptions all solution C:\Users\ARAVIN~1.MAT\AppData\Local\Temp\5d50f8e8f2184f7bbe3a87fef0bec5ae-pulp.sol 
2021-08-16 19:51:57,867 pulp.apis.core DEBUG    D:\projects\MARSBACKEND\price-simulator-backend\env\lib\site-packages\pulp\apis\..\solverdir\cbc\win\64\cbc.exe C:\Users\ARAVIN~1.MAT\AppData\Local\Temp\933773563f0147db99f3e4aae0ceb2a8-pulp.mps max branch printingOptions all solution C:\Users\ARAVIN~1.MAT\AppData\Local\Temp\933773563f0147db99f3e4aae0ceb2a8-pulp.sol 
2021-08-16 19:51:58,171 pulp.apis.core DEBUG    D:\projects\MARSBACKEND\price-simulator-backend\env\lib\site-packages\pulp\apis\..\solverdir\cbc\win\64\cbc.exe C:\Users\ARAVIN~1.MAT\AppData\Local\Temp\8ad8c67d6c50408c8493b3e7bdb13b1e-pulp.mps max branch printingOptions all solution C:\Users\ARAVIN~1.MAT\AppData\Local\Temp\8ad8c67d6c50408c8493b3e7bdb13b1e-pulp.sol 
2021-08-16 19:51:58,475 pulp.apis.core DEBUG    D:\projects\MARSBACKEND\price-simulator-backend\env\lib\site-packages\pulp\apis\..\solverdir\cbc\win\64\cbc.exe C:\Users\ARAVIN~1.MAT\AppData\Local\Temp\28a2856783cf40c4906dda6618ea655f-pulp.mps max branch printingOptions all solution C:\Users\ARAVIN~1.MAT\AppData\Local\Temp\28a2856783cf40c4906dda6618ea655f-pulp.sol 
2021-08-16 19:51:58,790 pulp.apis.core DEBUG    D:\projects\MARSBACKEND\price-simulator-backend\env\lib\site-packages\pulp\apis\..\solverdir\cbc\win\64\cbc.exe C:\Users\ARAVIN~1.MAT\AppData\Local\Temp\2d1dcedc8fc14b2981b4d7c734e15cc9-pulp.mps max branch printingOptions all solution C:\Users\ARAVIN~1.MAT\AppData\Local\Temp\2d1dcedc8fc14b2981b4d7c734e15cc9-pulp.sol 
2021-08-16 19:51:59,410 pulp.apis.core DEBUG    D:\projects\MARSBACKEND\price-simulator-backend\env\lib\site-packages\pulp\apis\..\solverdir\cbc\win\64\cbc.exe C:\Users\ARAVIN~1.MAT\AppData\Local\Temp\aa7479fbe6d64ae3b827a9ee864cbc7b-pulp.mps max branch printingOptions all solution C:\Users\ARAVIN~1.MAT\AppData\Local\Temp\aa7479fbe6d64ae3b827a9ee864cbc7b-pulp.sol 
2021-08-16 19:51:59,911 pulp.apis.core DEBUG    D:\projects\MARSBACKEND\price-simulator-backend\env\lib\site-packages\pulp\apis\..\solverdir\cbc\win\64\cbc.exe C:\Users\ARAVIN~1.MAT\AppData\Local\Temp\88786344d45542c3ab24ae09ec90e8cb-pulp.mps max branch printingOptions all solution C:\Users\ARAVIN~1.MAT\AppData\Local\Temp\88786344d45542c3ab24ae09ec90e8cb-pulp.sol 
2021-08-16 19:52:00,251 pulp.apis.core DEBUG    D:\projects\MARSBACKEND\price-simulator-backend\env\lib\site-packages\pulp\apis\..\solverdir\cbc\win\64\cbc.exe C:\Users\ARAVIN~1.MAT\AppData\Local\Temp\0ffae5ceb5b64954a77e38d9dc8f9176-pulp.mps max branch printingOptions all solution C:\Users\ARAVIN~1.MAT\AppData\Local\Temp\0ffae5ceb5b64954a77e38d9dc8f9176-pulp.sol 
2021-08-16 19:52:00,517 pulp.apis.core DEBUG    D:\projects\MARSBACKEND\price-simulator-backend\env\lib\site-packages\pulp\apis\..\solverdir\cbc\win\64\cbc.exe C:\Users\ARAVIN~1.MAT\AppData\Local\Temp\68ebdf8a22e949c0a5bf53c4d20207ee-pulp.mps max branch printingOptions all solution C:\Users\ARAVIN~1.MAT\AppData\Local\Temp\68ebdf8a22e949c0a5bf53c4d20207ee-pulp.sol 
2021-08-16 19:52:00,998 pulp.apis.core DEBUG    D:\projects\MARSBACKEND\price-simulator-backend\env\lib\site-packages\pulp\apis\..\solverdir\cbc\win\64\cbc.exe C:\Users\ARAVIN~1.MAT\AppData\Local\Temp\1832929d1b0d495d8dab478d68e714a0-pulp.mps max branch printingOptions all solution C:\Users\ARAVIN~1.MAT\AppData\Local\Temp\1832929d1b0d495d8dab478d68e714a0-pulp.sol 
2021-08-16 19:52:01,547 pulp.apis.core DEBUG    D:\projects\MARSBACKEND\price-simulator-backend\env\lib\site-packages\pulp\apis\..\solverdir\cbc\win\64\cbc.exe C:\Users\ARAVIN~1.MAT\AppData\Local\Temp\dc6358dc14a646768adc66040e2daaeb-pulp.mps max branch printingOptions all solution C:\Users\ARAVIN~1.MAT\AppData\Local\Temp\dc6358dc14a646768adc66040e2daaeb-pulp.sol 
2021-08-16 19:52:02,029 pulp.apis.core DEBUG    D:\projects\MARSBACKEND\price-simulator-backend\env\lib\site-packages\pulp\apis\..\solverdir\cbc\win\64\cbc.exe C:\Users\ARAVIN~1.MAT\AppData\Local\Temp\d31fa8af048744998c39105a703d4505-pulp.mps max branch printingOptions all solution C:\Users\ARAVIN~1.MAT\AppData\Local\Temp\d31fa8af048744998c39105a703d4505-pulp.sol 
2021-08-16 19:52:02,439 pulp.apis.core DEBUG    D:\projects\MARSBACKEND\price-simulator-backend\env\lib\site-packages\pulp\apis\..\solverdir\cbc\win\64\cbc.exe C:\Users\ARAVIN~1.MAT\AppData\Local\Temp\e585939fa5614ebdbdb2593bb7e05a14-pulp.mps max branch printingOptions all solution C:\Users\ARAVIN~1.MAT\AppData\Local\Temp\e585939fa5614ebdbdb2593bb7e05a14-pulp.sol 
2021-08-16 19:52:02,745 pulp.apis.core DEBUG    D:\projects\MARSBACKEND\price-simulator-backend\env\lib\site-packages\pulp\apis\..\solverdir\cbc\win\64\cbc.exe C:\Users\ARAVIN~1.MAT\AppData\Local\Temp\1fb63f233d9148deb4447f794d2faff7-pulp.mps max branch printingOptions all solution C:\Users\ARAVIN~1.MAT\AppData\Local\Temp\1fb63f233d9148deb4447f794d2faff7-pulp.sol 
2021-08-16 19:52:03,087 pulp.apis.core DEBUG    D:\projects\MARSBACKEND\price-simulator-backend\env\lib\site-packages\pulp\apis\..\solverdir\cbc\win\64\cbc.exe C:\Users\ARAVIN~1.MAT\AppData\Local\Temp\d18d46b0f6f44c90acac54b16a109925-pulp.mps max branch printingOptions all solution C:\Users\ARAVIN~1.MAT\AppData\Local\Temp\d18d46b0f6f44c90acac54b16a109925-pulp.sol 
2021-08-16 19:52:03,460 pulp.apis.core DEBUG    D:\projects\MARSBACKEND\price-simulator-backend\env\lib\site-packages\pulp\apis\..\solverdir\cbc\win\64\cbc.exe C:\Users\ARAVIN~1.MAT\AppData\Local\Temp\bfc45c36776447b882ac152da7fe8bc3-pulp.mps max branch printingOptions all solution C:\Users\ARAVIN~1.MAT\AppData\Local\Temp\bfc45c36776447b882ac152da7fe8bc3-pulp.sol 
2021-08-16 19:52:03,865 pulp.apis.core DEBUG    D:\projects\MARSBACKEND\price-simulator-backend\env\lib\site-packages\pulp\apis\..\solverdir\cbc\win\64\cbc.exe C:\Users\ARAVIN~1.MAT\AppData\Local\Temp\cb1a48fdb8a5438490848370ab1e7cd6-pulp.mps max branch printingOptions all solution C:\Users\ARAVIN~1.MAT\AppData\Local\Temp\cb1a48fdb8a5438490848370ab1e7cd6-pulp.sol 
2021-08-16 19:52:04,214 pulp.apis.core DEBUG    D:\projects\MARSBACKEND\price-simulator-backend\env\lib\site-packages\pulp\apis\..\solverdir\cbc\win\64\cbc.exe C:\Users\ARAVIN~1.MAT\AppData\Local\Temp\e7d388c5878e4410b2386a956f8dfb0e-pulp.mps max branch printingOptions all solution C:\Users\ARAVIN~1.MAT\AppData\Local\Temp\e7d388c5878e4410b2386a956f8dfb0e-pulp.sol 
2021-08-16 19:52:04,497 pulp.apis.core DEBUG    D:\projects\MARSBACKEND\price-simulator-backend\env\lib\site-packages\pulp\apis\..\solverdir\cbc\win\64\cbc.exe C:\Users\ARAVIN~1.MAT\AppData\Local\Temp\1dc9077645824fe8b943f5a8286f57a1-pulp.mps max branch printingOptions all solution C:\Users\ARAVIN~1.MAT\AppData\Local\Temp\1dc9077645824fe8b943f5a8286f57a1-pulp.sol 
2021-08-16 19:52:05,094 pulp.apis.core DEBUG    D:\projects\MARSBACKEND\price-simulator-backend\env\lib\site-packages\pulp\apis\..\solverdir\cbc\win\64\cbc.exe C:\Users\ARAVIN~1.MAT\AppData\Local\Temp\aec85ec4353145f0b7c91cd22ef18f25-pulp.mps max branch printingOptions all solution C:\Users\ARAVIN~1.MAT\AppData\Local\Temp\aec85ec4353145f0b7c91cd22ef18f25-pulp.sol 
2021-08-16 19:52:05,634 pulp.apis.core DEBUG    D:\projects\MARSBACKEND\price-simulator-backend\env\lib\site-packages\pulp\apis\..\solverdir\cbc\win\64\cbc.exe C:\Users\ARAVIN~1.MAT\AppData\Local\Temp\a630cf4c4a1a4b59900755032c234cc4-pulp.mps max branch printingOptions all solution C:\Users\ARAVIN~1.MAT\AppData\Local\Temp\a630cf4c4a1a4b59900755032c234cc4-pulp.sol 
2021-08-16 19:52:05,931 pulp.apis.core DEBUG    D:\projects\MARSBACKEND\price-simulator-backend\env\lib\site-packages\pulp\apis\..\solverdir\cbc\win\64\cbc.exe C:\Users\ARAVIN~1.MAT\AppData\Local\Temp\49c597d2cb2341a1bb7c7b8e078d5412-pulp.mps max branch printingOptions all solution C:\Users\ARAVIN~1.MAT\AppData\Local\Temp\49c597d2cb2341a1bb7c7b8e078d5412-pulp.sol 
2021-08-16 19:52:06,275 pulp.apis.core DEBUG    D:\projects\MARSBACKEND\price-simulator-backend\env\lib\site-packages\pulp\apis\..\solverdir\cbc\win\64\cbc.exe C:\Users\ARAVIN~1.MAT\AppData\Local\Temp\c6b35aa784f54efb9042ddcb279561af-pulp.mps max branch printingOptions all solution C:\Users\ARAVIN~1.MAT\AppData\Local\Temp\c6b35aa784f54efb9042ddcb279561af-pulp.sol 
2021-08-16 19:52:06,777 pulp.apis.core DEBUG    D:\projects\MARSBACKEND\price-simulator-backend\env\lib\site-packages\pulp\apis\..\solverdir\cbc\win\64\cbc.exe C:\Users\ARAVIN~1.MAT\AppData\Local\Temp\e34cb7705c97499cb401057a49ce4705-pulp.mps max branch printingOptions all solution C:\Users\ARAVIN~1.MAT\AppData\Local\Temp\e34cb7705c97499cb401057a49ce4705-pulp.sol 
2021-08-16 19:52:07,051 pulp.apis.core DEBUG    D:\projects\MARSBACKEND\price-simulator-backend\env\lib\site-packages\pulp\apis\..\solverdir\cbc\win\64\cbc.exe C:\Users\ARAVIN~1.MAT\AppData\Local\Temp\679c470308d74367803a104b54b7b902-pulp.mps max branch printingOptions all solution C:\Users\ARAVIN~1.MAT\AppData\Local\Temp\679c470308d74367803a104b54b7b902-pulp.sol 
2021-08-16 19:52:07,505 pulp.apis.core DEBUG    D:\projects\MARSBACKEND\price-simulator-backend\env\lib\site-packages\pulp\apis\..\solverdir\cbc\win\64\cbc.exe C:\Users\ARAVIN~1.MAT\AppData\Local\Temp\2ecfd55865d047089442fd981ddcddc2-pulp.mps max branch printingOptions all solution C:\Users\ARAVIN~1.MAT\AppData\Local\Temp\2ecfd55865d047089442fd981ddcddc2-pulp.sol 
2021-08-16 19:52:07,872 pulp.apis.core DEBUG    D:\projects\MARSBACKEND\price-simulator-backend\env\lib\site-packages\pulp\apis\..\solverdir\cbc\win\64\cbc.exe C:\Users\ARAVIN~1.MAT\AppData\Local\Temp\d06be78ccb03484999661ae7fa640631-pulp.mps max branch printingOptions all solution C:\Users\ARAVIN~1.MAT\AppData\Local\Temp\d06be78ccb03484999661ae7fa640631-pulp.sol 
2021-08-16 19:52:08,209 pulp.apis.core DEBUG    D:\projects\MARSBACKEND\price-simulator-backend\env\lib\site-packages\pulp\apis\..\solverdir\cbc\win\64\cbc.exe C:\Users\ARAVIN~1.MAT\AppData\Local\Temp\10fc381650344e369222e0baa5a6d860-pulp.mps max branch printingOptions all solution C:\Users\ARAVIN~1.MAT\AppData\Local\Temp\10fc381650344e369222e0baa5a6d860-pulp.sol 
2021-08-16 19:52:08,565 pulp.apis.core DEBUG    D:\projects\MARSBACKEND\price-simulator-backend\env\lib\site-packages\pulp\apis\..\solverdir\cbc\win\64\cbc.exe C:\Users\ARAVIN~1.MAT\AppData\Local\Temp\04c9cc18e2724f5f9ec10a0362fff1f3-pulp.mps max branch printingOptions all solution C:\Users\ARAVIN~1.MAT\AppData\Local\Temp\04c9cc18e2724f5f9ec10a0362fff1f3-pulp.sol 
2021-08-16 19:52:08,981 pulp.apis.core DEBUG    D:\projects\MARSBACKEND\price-simulator-backend\env\lib\site-packages\pulp\apis\..\solverdir\cbc\win\64\cbc.exe C:\Users\ARAVIN~1.MAT\AppData\Local\Temp\6d24f108601446c3b64f587ebec033c4-pulp.mps max branch printingOptions all solution C:\Users\ARAVIN~1.MAT\AppData\Local\Temp\6d24f108601446c3b64f587ebec033c4-pulp.sol 
2021-08-16 19:52:09,265 pulp.apis.core DEBUG    D:\projects\MARSBACKEND\price-simulator-backend\env\lib\site-packages\pulp\apis\..\solverdir\cbc\win\64\cbc.exe C:\Users\ARAVIN~1.MAT\AppData\Local\Temp\e88cc70e5f784d18b53fef8263642967-pulp.mps max branch printingOptions all solution C:\Users\ARAVIN~1.MAT\AppData\Local\Temp\e88cc70e5f784d18b53fef8263642967-pulp.sol 
2021-08-16 19:52:09,588 pulp.apis.core DEBUG    D:\projects\MARSBACKEND\price-simulator-backend\env\lib\site-packages\pulp\apis\..\solverdir\cbc\win\64\cbc.exe C:\Users\ARAVIN~1.MAT\AppData\Local\Temp\50e5d116aa324973b6e809bfda28dae5-pulp.mps max branch printingOptions all solution C:\Users\ARAVIN~1.MAT\AppData\Local\Temp\50e5d116aa324973b6e809bfda28dae5-pulp.sol 
2021-08-16 19:52:09,959 pulp.apis.core DEBUG    D:\projects\MARSBACKEND\price-simulator-backend\env\lib\site-packages\pulp\apis\..\solverdir\cbc\win\64\cbc.exe C:\Users\ARAVIN~1.MAT\AppData\Local\Temp\75ccddf1ca054e619d4cc2b9572c5615-pulp.mps max branch printingOptions all solution C:\Users\ARAVIN~1.MAT\AppData\Local\Temp\75ccddf1ca054e619d4cc2b9572c5615-pulp.sol 
2021-08-16 19:52:10,465 pulp.apis.core DEBUG    D:\projects\MARSBACKEND\price-simulator-backend\env\lib\site-packages\pulp\apis\..\solverdir\cbc\win\64\cbc.exe C:\Users\ARAVIN~1.MAT\AppData\Local\Temp\c5b242af09f6487f8c8a7de67aee0462-pulp.mps max branch printingOptions all solution C:\Users\ARAVIN~1.MAT\AppData\Local\Temp\c5b242af09f6487f8c8a7de67aee0462-pulp.sol 
2021-08-16 19:52:10,896 pulp.apis.core DEBUG    D:\projects\MARSBACKEND\price-simulator-backend\env\lib\site-packages\pulp\apis\..\solverdir\cbc\win\64\cbc.exe C:\Users\ARAVIN~1.MAT\AppData\Local\Temp\1b676b86c38642969b525add947c2ab8-pulp.mps max branch printingOptions all solution C:\Users\ARAVIN~1.MAT\AppData\Local\Temp\1b676b86c38642969b525add947c2ab8-pulp.sol 
2021-08-16 19:52:11,201 pulp.apis.core DEBUG    D:\projects\MARSBACKEND\price-simulator-backend\env\lib\site-packages\pulp\apis\..\solverdir\cbc\win\64\cbc.exe C:\Users\ARAVIN~1.MAT\AppData\Local\Temp\2dd67335538f4f608f77f7fcaf385ad9-pulp.mps max branch printingOptions all solution C:\Users\ARAVIN~1.MAT\AppData\Local\Temp\2dd67335538f4f608f77f7fcaf385ad9-pulp.sol 
2021-08-16 19:52:11,515 pulp.apis.core DEBUG    D:\projects\MARSBACKEND\price-simulator-backend\env\lib\site-packages\pulp\apis\..\solverdir\cbc\win\64\cbc.exe C:\Users\ARAVIN~1.MAT\AppData\Local\Temp\f9cd825be3554a17b7d56247e80e3f87-pulp.mps max branch printingOptions all solution C:\Users\ARAVIN~1.MAT\AppData\Local\Temp\f9cd825be3554a17b7d56247e80e3f87-pulp.sol 
2021-08-16 19:52:11,970 pulp.apis.core DEBUG    D:\projects\MARSBACKEND\price-simulator-backend\env\lib\site-packages\pulp\apis\..\solverdir\cbc\win\64\cbc.exe C:\Users\ARAVIN~1.MAT\AppData\Local\Temp\8803796e137347a681f8b0487953578f-pulp.mps max branch printingOptions all solution C:\Users\ARAVIN~1.MAT\AppData\Local\Temp\8803796e137347a681f8b0487953578f-pulp.sol 
2021-08-16 19:52:12,548 pulp.apis.core DEBUG    D:\projects\MARSBACKEND\price-simulator-backend\env\lib\site-packages\pulp\apis\..\solverdir\cbc\win\64\cbc.exe C:\Users\ARAVIN~1.MAT\AppData\Local\Temp\02e1308c84a24f81beb228551bf408d3-pulp.mps max branch printingOptions all solution C:\Users\ARAVIN~1.MAT\AppData\Local\Temp\02e1308c84a24f81beb228551bf408d3-pulp.sol 
2021-08-16 19:52:12,981 pulp.apis.core DEBUG    D:\projects\MARSBACKEND\price-simulator-backend\env\lib\site-packages\pulp\apis\..\solverdir\cbc\win\64\cbc.exe C:\Users\ARAVIN~1.MAT\AppData\Local\Temp\2f4ca3ba293a4126b434fd4807561694-pulp.mps max branch printingOptions all solution C:\Users\ARAVIN~1.MAT\AppData\Local\Temp\2f4ca3ba293a4126b434fd4807561694-pulp.sol 
2021-08-16 19:52:13,381 pulp.apis.core DEBUG    D:\projects\MARSBACKEND\price-simulator-backend\env\lib\site-packages\pulp\apis\..\solverdir\cbc\win\64\cbc.exe C:\Users\ARAVIN~1.MAT\AppData\Local\Temp\e0eeb418a16c4aae9b3be7492593874e-pulp.mps max branch printingOptions all solution C:\Users\ARAVIN~1.MAT\AppData\Local\Temp\e0eeb418a16c4aae9b3be7492593874e-pulp.sol 
2021-08-16 19:52:13,824 pulp.apis.core DEBUG    D:\projects\MARSBACKEND\price-simulator-backend\env\lib\site-packages\pulp\apis\..\solverdir\cbc\win\64\cbc.exe C:\Users\ARAVIN~1.MAT\AppData\Local\Temp\86f5dd2701104ec8b505a0f6d2a4d886-pulp.mps max branch printingOptions all solution C:\Users\ARAVIN~1.MAT\AppData\Local\Temp\86f5dd2701104ec8b505a0f6d2a4d886-pulp.sol 
2021-08-16 19:52:14,182 pulp.apis.core DEBUG    D:\projects\MARSBACKEND\price-simulator-backend\env\lib\site-packages\pulp\apis\..\solverdir\cbc\win\64\cbc.exe C:\Users\ARAVIN~1.MAT\AppData\Local\Temp\541892fc223c46a090a57933e13f24e3-pulp.mps max branch printingOptions all solution C:\Users\ARAVIN~1.MAT\AppData\Local\Temp\541892fc223c46a090a57933e13f24e3-pulp.sol 
2021-08-16 19:52:14,758 pulp.apis.core DEBUG    D:\projects\MARSBACKEND\price-simulator-backend\env\lib\site-packages\pulp\apis\..\solverdir\cbc\win\64\cbc.exe C:\Users\ARAVIN~1.MAT\AppData\Local\Temp\6ce6c6d00bde43d8950303c54011cd78-pulp.mps max branch printingOptions all solution C:\Users\ARAVIN~1.MAT\AppData\Local\Temp\6ce6c6d00bde43d8950303c54011cd78-pulp.sol 
2021-08-16 19:52:15,107 pulp.apis.core DEBUG    D:\projects\MARSBACKEND\price-simulator-backend\env\lib\site-packages\pulp\apis\..\solverdir\cbc\win\64\cbc.exe C:\Users\ARAVIN~1.MAT\AppData\Local\Temp\68a133e5256940c5ab1152a19346a601-pulp.mps max branch printingOptions all solution C:\Users\ARAVIN~1.MAT\AppData\Local\Temp\68a133e5256940c5ab1152a19346a601-pulp.sol 
2021-08-16 19:52:15,545 pulp.apis.core DEBUG    D:\projects\MARSBACKEND\price-simulator-backend\env\lib\site-packages\pulp\apis\..\solverdir\cbc\win\64\cbc.exe C:\Users\ARAVIN~1.MAT\AppData\Local\Temp\ea6f0c3eb01a41a7b97c0394a248e638-pulp.mps max branch printingOptions all solution C:\Users\ARAVIN~1.MAT\AppData\Local\Temp\ea6f0c3eb01a41a7b97c0394a248e638-pulp.sol 
2021-08-16 19:52:16,009 pulp.apis.core DEBUG    D:\projects\MARSBACKEND\price-simulator-backend\env\lib\site-packages\pulp\apis\..\solverdir\cbc\win\64\cbc.exe C:\Users\ARAVIN~1.MAT\AppData\Local\Temp\95a27f5626c74167ac70dbc6b3329029-pulp.mps max branch printingOptions all solution C:\Users\ARAVIN~1.MAT\AppData\Local\Temp\95a27f5626c74167ac70dbc6b3329029-pulp.sol 
2021-08-16 19:52:16,525 pulp.apis.core DEBUG    D:\projects\MARSBACKEND\price-simulator-backend\env\lib\site-packages\pulp\apis\..\solverdir\cbc\win\64\cbc.exe C:\Users\ARAVIN~1.MAT\AppData\Local\Temp\6bdb2ef4711c48cbbf5b45860a389114-pulp.mps max branch printingOptions all solution C:\Users\ARAVIN~1.MAT\AppData\Local\Temp\6bdb2ef4711c48cbbf5b45860a389114-pulp.sol 
2021-08-16 19:52:16,823 pulp.apis.core DEBUG    D:\projects\MARSBACKEND\price-simulator-backend\env\lib\site-packages\pulp\apis\..\solverdir\cbc\win\64\cbc.exe C:\Users\ARAVIN~1.MAT\AppData\Local\Temp\e5caaeee58bb4cf084ccfe61aab03b81-pulp.mps max branch printingOptions all solution C:\Users\ARAVIN~1.MAT\AppData\Local\Temp\e5caaeee58bb4cf084ccfe61aab03b81-pulp.sol 
2021-08-16 19:52:17,187 pulp.apis.core DEBUG    D:\projects\MARSBACKEND\price-simulator-backend\env\lib\site-packages\pulp\apis\..\solverdir\cbc\win\64\cbc.exe C:\Users\ARAVIN~1.MAT\AppData\Local\Temp\fb930302849e4c649ec95f55fe9c554c-pulp.mps max branch printingOptions all solution C:\Users\ARAVIN~1.MAT\AppData\Local\Temp\fb930302849e4c649ec95f55fe9c554c-pulp.sol 
2021-08-16 19:52:17,719 pulp.apis.core DEBUG    D:\projects\MARSBACKEND\price-simulator-backend\env\lib\site-packages\pulp\apis\..\solverdir\cbc\win\64\cbc.exe C:\Users\ARAVIN~1.MAT\AppData\Local\Temp\daf0a4f610594fd6b685b8bfadead010-pulp.mps max branch printingOptions all solution C:\Users\ARAVIN~1.MAT\AppData\Local\Temp\daf0a4f610594fd6b685b8bfadead010-pulp.sol 
2021-08-16 19:52:18,082 pulp.apis.core DEBUG    D:\projects\MARSBACKEND\price-simulator-backend\env\lib\site-packages\pulp\apis\..\solverdir\cbc\win\64\cbc.exe C:\Users\ARAVIN~1.MAT\AppData\Local\Temp\0cb344a829c54be78fe4fdbcf4e224bc-pulp.mps max branch printingOptions all solution C:\Users\ARAVIN~1.MAT\AppData\Local\Temp\0cb344a829c54be78fe4fdbcf4e224bc-pulp.sol 
2021-08-16 19:52:18,484 pulp.apis.core DEBUG    D:\projects\MARSBACKEND\price-simulator-backend\env\lib\site-packages\pulp\apis\..\solverdir\cbc\win\64\cbc.exe C:\Users\ARAVIN~1.MAT\AppData\Local\Temp\7bed15343c3e4cbbadcbaa633d0873f0-pulp.mps max branch printingOptions all solution C:\Users\ARAVIN~1.MAT\AppData\Local\Temp\7bed15343c3e4cbbadcbaa633d0873f0-pulp.sol 
2021-08-16 19:52:18,915 pulp.apis.core DEBUG    D:\projects\MARSBACKEND\price-simulator-backend\env\lib\site-packages\pulp\apis\..\solverdir\cbc\win\64\cbc.exe C:\Users\ARAVIN~1.MAT\AppData\Local\Temp\03eb45ceb17c4a35902ae17333a9a44a-pulp.mps max branch printingOptions all solution C:\Users\ARAVIN~1.MAT\AppData\Local\Temp\03eb45ceb17c4a35902ae17333a9a44a-pulp.sol 
2021-08-16 19:52:19,234 pulp.apis.core DEBUG    D:\projects\MARSBACKEND\price-simulator-backend\env\lib\site-packages\pulp\apis\..\solverdir\cbc\win\64\cbc.exe C:\Users\ARAVIN~1.MAT\AppData\Local\Temp\8a0deaa51f9c41a78f180cf02d62e968-pulp.mps max branch printingOptions all solution C:\Users\ARAVIN~1.MAT\AppData\Local\Temp\8a0deaa51f9c41a78f180cf02d62e968-pulp.sol 
2021-08-16 19:52:19,792 pulp.apis.core DEBUG    D:\projects\MARSBACKEND\price-simulator-backend\env\lib\site-packages\pulp\apis\..\solverdir\cbc\win\64\cbc.exe C:\Users\ARAVIN~1.MAT\AppData\Local\Temp\3331195d6fe24a4e9327d0318d46542e-pulp.mps max branch printingOptions all solution C:\Users\ARAVIN~1.MAT\AppData\Local\Temp\3331195d6fe24a4e9327d0318d46542e-pulp.sol 
2021-08-16 19:52:20,283 pulp.apis.core DEBUG    D:\projects\MARSBACKEND\price-simulator-backend\env\lib\site-packages\pulp\apis\..\solverdir\cbc\win\64\cbc.exe C:\Users\ARAVIN~1.MAT\AppData\Local\Temp\2c15603214484d64878f26846e8917eb-pulp.mps max branch printingOptions all solution C:\Users\ARAVIN~1.MAT\AppData\Local\Temp\2c15603214484d64878f26846e8917eb-pulp.sol 
2021-08-16 19:52:20,605 pulp.apis.core DEBUG    D:\projects\MARSBACKEND\price-simulator-backend\env\lib\site-packages\pulp\apis\..\solverdir\cbc\win\64\cbc.exe C:\Users\ARAVIN~1.MAT\AppData\Local\Temp\af58a9d338064fe88f3883181553efa9-pulp.mps max branch printingOptions all solution C:\Users\ARAVIN~1.MAT\AppData\Local\Temp\af58a9d338064fe88f3883181553efa9-pulp.sol 
2021-08-16 19:52:21,014 pulp.apis.core DEBUG    D:\projects\MARSBACKEND\price-simulator-backend\env\lib\site-packages\pulp\apis\..\solverdir\cbc\win\64\cbc.exe C:\Users\ARAVIN~1.MAT\AppData\Local\Temp\b894f34562bd43f4aa09b40e930a77e9-pulp.mps max branch printingOptions all solution C:\Users\ARAVIN~1.MAT\AppData\Local\Temp\b894f34562bd43f4aa09b40e930a77e9-pulp.sol 
2021-08-16 19:52:21,382 pulp.apis.core DEBUG    D:\projects\MARSBACKEND\price-simulator-backend\env\lib\site-packages\pulp\apis\..\solverdir\cbc\win\64\cbc.exe C:\Users\ARAVIN~1.MAT\AppData\Local\Temp\a7e521c4d7054fd5a70d5815ee79f14d-pulp.mps max branch printingOptions all solution C:\Users\ARAVIN~1.MAT\AppData\Local\Temp\a7e521c4d7054fd5a70d5815ee79f14d-pulp.sol 
2021-08-16 19:52:21,718 pulp.apis.core DEBUG    D:\projects\MARSBACKEND\price-simulator-backend\env\lib\site-packages\pulp\apis\..\solverdir\cbc\win\64\cbc.exe C:\Users\ARAVIN~1.MAT\AppData\Local\Temp\fc6b9c149b0146589282da68eef971ae-pulp.mps max branch printingOptions all solution C:\Users\ARAVIN~1.MAT\AppData\Local\Temp\fc6b9c149b0146589282da68eef971ae-pulp.sol 
2021-08-16 19:52:22,100 pulp.apis.core DEBUG    D:\projects\MARSBACKEND\price-simulator-backend\env\lib\site-packages\pulp\apis\..\solverdir\cbc\win\64\cbc.exe C:\Users\ARAVIN~1.MAT\AppData\Local\Temp\789a11f6917e44e7a65945a739f9794a-pulp.mps max branch printingOptions all solution C:\Users\ARAVIN~1.MAT\AppData\Local\Temp\789a11f6917e44e7a65945a739f9794a-pulp.sol 
2021-08-16 19:52:22,600 pulp.apis.core DEBUG    D:\projects\MARSBACKEND\price-simulator-backend\env\lib\site-packages\pulp\apis\..\solverdir\cbc\win\64\cbc.exe C:\Users\ARAVIN~1.MAT\AppData\Local\Temp\f161634f65c340bf9c14a386478f52c9-pulp.mps max branch printingOptions all solution C:\Users\ARAVIN~1.MAT\AppData\Local\Temp\f161634f65c340bf9c14a386478f52c9-pulp.sol 
2021-08-16 19:52:22,971 pulp.apis.core DEBUG    D:\projects\MARSBACKEND\price-simulator-backend\env\lib\site-packages\pulp\apis\..\solverdir\cbc\win\64\cbc.exe C:\Users\ARAVIN~1.MAT\AppData\Local\Temp\85d15b27683f4818ae67eb9c40d0a8c2-pulp.mps max branch printingOptions all solution C:\Users\ARAVIN~1.MAT\AppData\Local\Temp\85d15b27683f4818ae67eb9c40d0a8c2-pulp.sol 
2021-08-16 19:52:23,451 pulp.apis.core DEBUG    D:\projects\MARSBACKEND\price-simulator-backend\env\lib\site-packages\pulp\apis\..\solverdir\cbc\win\64\cbc.exe C:\Users\ARAVIN~1.MAT\AppData\Local\Temp\526a57d31420474a949235378485ccf6-pulp.mps max branch printingOptions all solution C:\Users\ARAVIN~1.MAT\AppData\Local\Temp\526a57d31420474a949235378485ccf6-pulp.sol 
2021-08-16 19:52:23,904 pulp.apis.core DEBUG    D:\projects\MARSBACKEND\price-simulator-backend\env\lib\site-packages\pulp\apis\..\solverdir\cbc\win\64\cbc.exe C:\Users\ARAVIN~1.MAT\AppData\Local\Temp\a774993099644d0b97f8de27b56e595e-pulp.mps max branch printingOptions all solution C:\Users\ARAVIN~1.MAT\AppData\Local\Temp\a774993099644d0b97f8de27b56e595e-pulp.sol 
2021-08-16 19:52:24,191 pulp.apis.core DEBUG    D:\projects\MARSBACKEND\price-simulator-backend\env\lib\site-packages\pulp\apis\..\solverdir\cbc\win\64\cbc.exe C:\Users\ARAVIN~1.MAT\AppData\Local\Temp\b4f679179a724152ab94b21e88e5ba21-pulp.mps max branch printingOptions all solution C:\Users\ARAVIN~1.MAT\AppData\Local\Temp\b4f679179a724152ab94b21e88e5ba21-pulp.sol 
2021-08-16 19:52:24,496 pulp.apis.core DEBUG    D:\projects\MARSBACKEND\price-simulator-backend\env\lib\site-packages\pulp\apis\..\solverdir\cbc\win\64\cbc.exe C:\Users\ARAVIN~1.MAT\AppData\Local\Temp\5aa450be41a5441f8f29e83cbcf8c090-pulp.mps max branch printingOptions all solution C:\Users\ARAVIN~1.MAT\AppData\Local\Temp\5aa450be41a5441f8f29e83cbcf8c090-pulp.sol 
2021-08-16 19:52:24,782 pulp.apis.core DEBUG    D:\projects\MARSBACKEND\price-simulator-backend\env\lib\site-packages\pulp\apis\..\solverdir\cbc\win\64\cbc.exe C:\Users\ARAVIN~1.MAT\AppData\Local\Temp\e14fd1a035e44c83b7856cf6785bd446-pulp.mps max branch printingOptions all solution C:\Users\ARAVIN~1.MAT\AppData\Local\Temp\e14fd1a035e44c83b7856cf6785bd446-pulp.sol 
2021-08-16 19:52:25,266 pulp.apis.core DEBUG    D:\projects\MARSBACKEND\price-simulator-backend\env\lib\site-packages\pulp\apis\..\solverdir\cbc\win\64\cbc.exe C:\Users\ARAVIN~1.MAT\AppData\Local\Temp\9d0a4237c519400a97ae4e41083a7d88-pulp.mps max branch printingOptions all solution C:\Users\ARAVIN~1.MAT\AppData\Local\Temp\9d0a4237c519400a97ae4e41083a7d88-pulp.sol 
2021-08-16 19:52:25,694 pulp.apis.core DEBUG    D:\projects\MARSBACKEND\price-simulator-backend\env\lib\site-packages\pulp\apis\..\solverdir\cbc\win\64\cbc.exe C:\Users\ARAVIN~1.MAT\AppData\Local\Temp\b30a69d20d2341af830dc7eba776d313-pulp.mps max branch printingOptions all solution C:\Users\ARAVIN~1.MAT\AppData\Local\Temp\b30a69d20d2341af830dc7eba776d313-pulp.sol 
2021-08-16 19:52:26,039 pulp.apis.core DEBUG    D:\projects\MARSBACKEND\price-simulator-backend\env\lib\site-packages\pulp\apis\..\solverdir\cbc\win\64\cbc.exe C:\Users\ARAVIN~1.MAT\AppData\Local\Temp\1e8c8c675f464e70818987826dcbafd3-pulp.mps max branch printingOptions all solution C:\Users\ARAVIN~1.MAT\AppData\Local\Temp\1e8c8c675f464e70818987826dcbafd3-pulp.sol 
2021-08-16 19:52:26,382 pulp.apis.core DEBUG    D:\projects\MARSBACKEND\price-simulator-backend\env\lib\site-packages\pulp\apis\..\solverdir\cbc\win\64\cbc.exe C:\Users\ARAVIN~1.MAT\AppData\Local\Temp\d51e658558cd478ca6206b4082e3aecd-pulp.mps max branch printingOptions all solution C:\Users\ARAVIN~1.MAT\AppData\Local\Temp\d51e658558cd478ca6206b4082e3aecd-pulp.sol 
2021-08-16 19:52:26,949 pulp.apis.core DEBUG    D:\projects\MARSBACKEND\price-simulator-backend\env\lib\site-packages\pulp\apis\..\solverdir\cbc\win\64\cbc.exe C:\Users\ARAVIN~1.MAT\AppData\Local\Temp\1c07ba5e0d9342dba85b00838b58c1e5-pulp.mps max branch printingOptions all solution C:\Users\ARAVIN~1.MAT\AppData\Local\Temp\1c07ba5e0d9342dba85b00838b58c1e5-pulp.sol 
2021-08-16 19:52:27,484 pulp.apis.core DEBUG    D:\projects\MARSBACKEND\price-simulator-backend\env\lib\site-packages\pulp\apis\..\solverdir\cbc\win\64\cbc.exe C:\Users\ARAVIN~1.MAT\AppData\Local\Temp\044c2a314def4dc5b7274ddddc1135a0-pulp.mps max branch printingOptions all solution C:\Users\ARAVIN~1.MAT\AppData\Local\Temp\044c2a314def4dc5b7274ddddc1135a0-pulp.sol 
2021-08-16 19:52:27,866 pulp.apis.core DEBUG    D:\projects\MARSBACKEND\price-simulator-backend\env\lib\site-packages\pulp\apis\..\solverdir\cbc\win\64\cbc.exe C:\Users\ARAVIN~1.MAT\AppData\Local\Temp\01e9350c2f5e4916be0a3576788d5639-pulp.mps max branch printingOptions all solution C:\Users\ARAVIN~1.MAT\AppData\Local\Temp\01e9350c2f5e4916be0a3576788d5639-pulp.sol 
2021-08-16 19:52:28,306 pulp.apis.core DEBUG    D:\projects\MARSBACKEND\price-simulator-backend\env\lib\site-packages\pulp\apis\..\solverdir\cbc\win\64\cbc.exe C:\Users\ARAVIN~1.MAT\AppData\Local\Temp\475451f8b16644c4b01cdfeb04819977-pulp.mps max branch printingOptions all solution C:\Users\ARAVIN~1.MAT\AppData\Local\Temp\475451f8b16644c4b01cdfeb04819977-pulp.sol 
2021-08-16 19:52:28,769 pulp.apis.core DEBUG    D:\projects\MARSBACKEND\price-simulator-backend\env\lib\site-packages\pulp\apis\..\solverdir\cbc\win\64\cbc.exe C:\Users\ARAVIN~1.MAT\AppData\Local\Temp\cce9cbc928624a499de7011e3f1c1ef4-pulp.mps max branch printingOptions all solution C:\Users\ARAVIN~1.MAT\AppData\Local\Temp\cce9cbc928624a499de7011e3f1c1ef4-pulp.sol 
2021-08-16 19:52:29,073 pulp.apis.core DEBUG    D:\projects\MARSBACKEND\price-simulator-backend\env\lib\site-packages\pulp\apis\..\solverdir\cbc\win\64\cbc.exe C:\Users\ARAVIN~1.MAT\AppData\Local\Temp\62eb254d2ff84689be65e159be174785-pulp.mps max branch printingOptions all solution C:\Users\ARAVIN~1.MAT\AppData\Local\Temp\62eb254d2ff84689be65e159be174785-pulp.sol 
2021-08-16 19:52:29,497 pulp.apis.core DEBUG    D:\projects\MARSBACKEND\price-simulator-backend\env\lib\site-packages\pulp\apis\..\solverdir\cbc\win\64\cbc.exe C:\Users\ARAVIN~1.MAT\AppData\Local\Temp\a00533834d8b4569ba43fc6fb024a65f-pulp.mps max branch printingOptions all solution C:\Users\ARAVIN~1.MAT\AppData\Local\Temp\a00533834d8b4569ba43fc6fb024a65f-pulp.sol 
2021-08-16 19:52:29,775 pulp.apis.core DEBUG    D:\projects\MARSBACKEND\price-simulator-backend\env\lib\site-packages\pulp\apis\..\solverdir\cbc\win\64\cbc.exe C:\Users\ARAVIN~1.MAT\AppData\Local\Temp\8ee79a0530a04148a3f9a45582998741-pulp.mps max branch printingOptions all solution C:\Users\ARAVIN~1.MAT\AppData\Local\Temp\8ee79a0530a04148a3f9a45582998741-pulp.sol 
2021-08-16 19:52:30,131 pulp.apis.core DEBUG    D:\projects\MARSBACKEND\price-simulator-backend\env\lib\site-packages\pulp\apis\..\solverdir\cbc\win\64\cbc.exe C:\Users\ARAVIN~1.MAT\AppData\Local\Temp\e4001f0ed8544fa3b85b7139a2ac45f1-pulp.mps max branch printingOptions all solution C:\Users\ARAVIN~1.MAT\AppData\Local\Temp\e4001f0ed8544fa3b85b7139a2ac45f1-pulp.sol 
2021-08-16 19:52:30,566 pulp.apis.core DEBUG    D:\projects\MARSBACKEND\price-simulator-backend\env\lib\site-packages\pulp\apis\..\solverdir\cbc\win\64\cbc.exe C:\Users\ARAVIN~1.MAT\AppData\Local\Temp\31903892accb46a8a6f59700c5956d82-pulp.mps max branch printingOptions all solution C:\Users\ARAVIN~1.MAT\AppData\Local\Temp\31903892accb46a8a6f59700c5956d82-pulp.sol 
2021-08-16 19:52:31,027 pulp.apis.core DEBUG    D:\projects\MARSBACKEND\price-simulator-backend\env\lib\site-packages\pulp\apis\..\solverdir\cbc\win\64\cbc.exe C:\Users\ARAVIN~1.MAT\AppData\Local\Temp\43187729c895468bbe8500d11ce45a0d-pulp.mps max branch printingOptions all solution C:\Users\ARAVIN~1.MAT\AppData\Local\Temp\43187729c895468bbe8500d11ce45a0d-pulp.sol 
2021-08-16 19:52:31,456 pulp.apis.core DEBUG    D:\projects\MARSBACKEND\price-simulator-backend\env\lib\site-packages\pulp\apis\..\solverdir\cbc\win\64\cbc.exe C:\Users\ARAVIN~1.MAT\AppData\Local\Temp\de618a9ab62e4444a7813ecf1dab6ae3-pulp.mps max branch printingOptions all solution C:\Users\ARAVIN~1.MAT\AppData\Local\Temp\de618a9ab62e4444a7813ecf1dab6ae3-pulp.sol 
2021-08-16 19:52:31,865 pulp.apis.core DEBUG    D:\projects\MARSBACKEND\price-simulator-backend\env\lib\site-packages\pulp\apis\..\solverdir\cbc\win\64\cbc.exe C:\Users\ARAVIN~1.MAT\AppData\Local\Temp\ee309530baef4ba1845d301508a83ba6-pulp.mps max branch printingOptions all solution C:\Users\ARAVIN~1.MAT\AppData\Local\Temp\ee309530baef4ba1845d301508a83ba6-pulp.sol 
2021-08-16 19:52:32,453 pulp.apis.core DEBUG    D:\projects\MARSBACKEND\price-simulator-backend\env\lib\site-packages\pulp\apis\..\solverdir\cbc\win\64\cbc.exe C:\Users\ARAVIN~1.MAT\AppData\Local\Temp\53cc43be980f490297bb15c0782a3d19-pulp.mps max branch printingOptions all solution C:\Users\ARAVIN~1.MAT\AppData\Local\Temp\53cc43be980f490297bb15c0782a3d19-pulp.sol 
2021-08-16 19:52:32,985 pulp.apis.core DEBUG    D:\projects\MARSBACKEND\price-simulator-backend\env\lib\site-packages\pulp\apis\..\solverdir\cbc\win\64\cbc.exe C:\Users\ARAVIN~1.MAT\AppData\Local\Temp\ef3b9012bff94c97b0ba2da2c7683ef9-pulp.mps max branch printingOptions all solution C:\Users\ARAVIN~1.MAT\AppData\Local\Temp\ef3b9012bff94c97b0ba2da2c7683ef9-pulp.sol 
2021-08-16 19:52:33,350 pulp.apis.core DEBUG    D:\projects\MARSBACKEND\price-simulator-backend\env\lib\site-packages\pulp\apis\..\solverdir\cbc\win\64\cbc.exe C:\Users\ARAVIN~1.MAT\AppData\Local\Temp\777f290a128341948e665344d8293c4f-pulp.mps max branch printingOptions all solution C:\Users\ARAVIN~1.MAT\AppData\Local\Temp\777f290a128341948e665344d8293c4f-pulp.sol 
2021-08-16 19:52:33,625 pulp.apis.core DEBUG    D:\projects\MARSBACKEND\price-simulator-backend\env\lib\site-packages\pulp\apis\..\solverdir\cbc\win\64\cbc.exe C:\Users\ARAVIN~1.MAT\AppData\Local\Temp\fa5da4a1aedf47f2ad77197a090418d1-pulp.mps max branch printingOptions all solution C:\Users\ARAVIN~1.MAT\AppData\Local\Temp\fa5da4a1aedf47f2ad77197a090418d1-pulp.sol 
2021-08-16 19:52:33,981 pulp.apis.core DEBUG    D:\projects\MARSBACKEND\price-simulator-backend\env\lib\site-packages\pulp\apis\..\solverdir\cbc\win\64\cbc.exe C:\Users\ARAVIN~1.MAT\AppData\Local\Temp\6fb057d30ec3438f8660962f3892b21e-pulp.mps max branch printingOptions all solution C:\Users\ARAVIN~1.MAT\AppData\Local\Temp\6fb057d30ec3438f8660962f3892b21e-pulp.sol 
2021-08-16 19:52:34,402 pulp.apis.core DEBUG    D:\projects\MARSBACKEND\price-simulator-backend\env\lib\site-packages\pulp\apis\..\solverdir\cbc\win\64\cbc.exe C:\Users\ARAVIN~1.MAT\AppData\Local\Temp\53c4149c4d9042c88d443a9bc26ff97c-pulp.mps max branch printingOptions all solution C:\Users\ARAVIN~1.MAT\AppData\Local\Temp\53c4149c4d9042c88d443a9bc26ff97c-pulp.sol 
2021-08-16 19:52:34,863 pulp.apis.core DEBUG    D:\projects\MARSBACKEND\price-simulator-backend\env\lib\site-packages\pulp\apis\..\solverdir\cbc\win\64\cbc.exe C:\Users\ARAVIN~1.MAT\AppData\Local\Temp\fddfc79701c94830b8824da1db15b5f3-pulp.mps max branch printingOptions all solution C:\Users\ARAVIN~1.MAT\AppData\Local\Temp\fddfc79701c94830b8824da1db15b5f3-pulp.sol 
2021-08-16 19:52:35,217 pulp.apis.core DEBUG    D:\projects\MARSBACKEND\price-simulator-backend\env\lib\site-packages\pulp\apis\..\solverdir\cbc\win\64\cbc.exe C:\Users\ARAVIN~1.MAT\AppData\Local\Temp\682426a1fbc94eb089b2d194bb367039-pulp.mps max branch printingOptions all solution C:\Users\ARAVIN~1.MAT\AppData\Local\Temp\682426a1fbc94eb089b2d194bb367039-pulp.sol 
2021-08-16 19:52:35,557 pulp.apis.core DEBUG    D:\projects\MARSBACKEND\price-simulator-backend\env\lib\site-packages\pulp\apis\..\solverdir\cbc\win\64\cbc.exe C:\Users\ARAVIN~1.MAT\AppData\Local\Temp\2250490a38ff4b89b49ca65c4f267fcd-pulp.mps max branch printingOptions all solution C:\Users\ARAVIN~1.MAT\AppData\Local\Temp\2250490a38ff4b89b49ca65c4f267fcd-pulp.sol 
2021-08-16 19:52:35,927 pulp.apis.core DEBUG    D:\projects\MARSBACKEND\price-simulator-backend\env\lib\site-packages\pulp\apis\..\solverdir\cbc\win\64\cbc.exe C:\Users\ARAVIN~1.MAT\AppData\Local\Temp\f58cf07eba82446392044e8df1b0d051-pulp.mps max branch printingOptions all solution C:\Users\ARAVIN~1.MAT\AppData\Local\Temp\f58cf07eba82446392044e8df1b0d051-pulp.sol 
2021-08-16 19:52:36,401 pulp.apis.core DEBUG    D:\projects\MARSBACKEND\price-simulator-backend\env\lib\site-packages\pulp\apis\..\solverdir\cbc\win\64\cbc.exe C:\Users\ARAVIN~1.MAT\AppData\Local\Temp\c58e6b3db3084a1190cbdf2df1cbb030-pulp.mps max branch printingOptions all solution C:\Users\ARAVIN~1.MAT\AppData\Local\Temp\c58e6b3db3084a1190cbdf2df1cbb030-pulp.sol 
2021-08-16 19:52:36,715 pulp.apis.core DEBUG    D:\projects\MARSBACKEND\price-simulator-backend\env\lib\site-packages\pulp\apis\..\solverdir\cbc\win\64\cbc.exe C:\Users\ARAVIN~1.MAT\AppData\Local\Temp\3bda6ae926744417a16b9f370521449a-pulp.mps max branch printingOptions all solution C:\Users\ARAVIN~1.MAT\AppData\Local\Temp\3bda6ae926744417a16b9f370521449a-pulp.sol 
2021-08-16 19:52:36,999 pulp.apis.core DEBUG    D:\projects\MARSBACKEND\price-simulator-backend\env\lib\site-packages\pulp\apis\..\solverdir\cbc\win\64\cbc.exe C:\Users\ARAVIN~1.MAT\AppData\Local\Temp\2aa5b57b3cd74162814ea579ec97ab1f-pulp.mps max branch printingOptions all solution C:\Users\ARAVIN~1.MAT\AppData\Local\Temp\2aa5b57b3cd74162814ea579ec97ab1f-pulp.sol 
2021-08-16 19:52:37,477 pulp.apis.core DEBUG    D:\projects\MARSBACKEND\price-simulator-backend\env\lib\site-packages\pulp\apis\..\solverdir\cbc\win\64\cbc.exe C:\Users\ARAVIN~1.MAT\AppData\Local\Temp\d5b288b03703435fb2e7114d8cb114e9-pulp.mps max branch printingOptions all solution C:\Users\ARAVIN~1.MAT\AppData\Local\Temp\d5b288b03703435fb2e7114d8cb114e9-pulp.sol 
2021-08-16 19:52:37,915 pulp.apis.core DEBUG    D:\projects\MARSBACKEND\price-simulator-backend\env\lib\site-packages\pulp\apis\..\solverdir\cbc\win\64\cbc.exe C:\Users\ARAVIN~1.MAT\AppData\Local\Temp\426e7092e0c648e19d84b9ec527cc525-pulp.mps max branch printingOptions all solution C:\Users\ARAVIN~1.MAT\AppData\Local\Temp\426e7092e0c648e19d84b9ec527cc525-pulp.sol 
2021-08-16 19:52:38,313 pulp.apis.core DEBUG    D:\projects\MARSBACKEND\price-simulator-backend\env\lib\site-packages\pulp\apis\..\solverdir\cbc\win\64\cbc.exe C:\Users\ARAVIN~1.MAT\AppData\Local\Temp\44c93548fa8545cf8e78d338cef62c71-pulp.mps max branch printingOptions all solution C:\Users\ARAVIN~1.MAT\AppData\Local\Temp\44c93548fa8545cf8e78d338cef62c71-pulp.sol 
2021-08-16 19:52:38,582 pulp.apis.core DEBUG    D:\projects\MARSBACKEND\price-simulator-backend\env\lib\site-packages\pulp\apis\..\solverdir\cbc\win\64\cbc.exe C:\Users\ARAVIN~1.MAT\AppData\Local\Temp\f83b69889e0a46a3811c42b754d5277e-pulp.mps max branch printingOptions all solution C:\Users\ARAVIN~1.MAT\AppData\Local\Temp\f83b69889e0a46a3811c42b754d5277e-pulp.sol 
2021-08-16 19:52:38,866 pulp.apis.core DEBUG    D:\projects\MARSBACKEND\price-simulator-backend\env\lib\site-packages\pulp\apis\..\solverdir\cbc\win\64\cbc.exe C:\Users\ARAVIN~1.MAT\AppData\Local\Temp\b7bfde3ab15d428a97d26289efd8be39-pulp.mps max branch printingOptions all solution C:\Users\ARAVIN~1.MAT\AppData\Local\Temp\b7bfde3ab15d428a97d26289efd8be39-pulp.sol 
2021-08-16 19:52:39,425 pulp.apis.core DEBUG    D:\projects\MARSBACKEND\price-simulator-backend\env\lib\site-packages\pulp\apis\..\solverdir\cbc\win\64\cbc.exe C:\Users\ARAVIN~1.MAT\AppData\Local\Temp\7ab5ff12fd1f4369b3784f6d60be7022-pulp.mps max branch printingOptions all solution C:\Users\ARAVIN~1.MAT\AppData\Local\Temp\7ab5ff12fd1f4369b3784f6d60be7022-pulp.sol 
2021-08-16 19:52:39,910 pulp.apis.core DEBUG    D:\projects\MARSBACKEND\price-simulator-backend\env\lib\site-packages\pulp\apis\..\solverdir\cbc\win\64\cbc.exe C:\Users\ARAVIN~1.MAT\AppData\Local\Temp\95ae3c172bdd4af4ae95d2d0aca7b8e9-pulp.mps max branch printingOptions all solution C:\Users\ARAVIN~1.MAT\AppData\Local\Temp\95ae3c172bdd4af4ae95d2d0aca7b8e9-pulp.sol 
2021-08-16 19:52:40,188 pulp.apis.core DEBUG    D:\projects\MARSBACKEND\price-simulator-backend\env\lib\site-packages\pulp\apis\..\solverdir\cbc\win\64\cbc.exe C:\Users\ARAVIN~1.MAT\AppData\Local\Temp\be55c8041aeb421791c5a013cf01f14b-pulp.mps max branch printingOptions all solution C:\Users\ARAVIN~1.MAT\AppData\Local\Temp\be55c8041aeb421791c5a013cf01f14b-pulp.sol 
2021-08-16 19:52:40,533 pulp.apis.core DEBUG    D:\projects\MARSBACKEND\price-simulator-backend\env\lib\site-packages\pulp\apis\..\solverdir\cbc\win\64\cbc.exe C:\Users\ARAVIN~1.MAT\AppData\Local\Temp\6f7bd093aab14928971deee9e384d70b-pulp.mps max branch printingOptions all solution C:\Users\ARAVIN~1.MAT\AppData\Local\Temp\6f7bd093aab14928971deee9e384d70b-pulp.sol 
2021-08-16 19:52:40,918 pulp.apis.core DEBUG    D:\projects\MARSBACKEND\price-simulator-backend\env\lib\site-packages\pulp\apis\..\solverdir\cbc\win\64\cbc.exe C:\Users\ARAVIN~1.MAT\AppData\Local\Temp\c75029adf4784c7cbe87930e00625a0b-pulp.mps max branch printingOptions all solution C:\Users\ARAVIN~1.MAT\AppData\Local\Temp\c75029adf4784c7cbe87930e00625a0b-pulp.sol 
2021-08-16 19:52:41,225 pulp.apis.core DEBUG    D:\projects\MARSBACKEND\price-simulator-backend\env\lib\site-packages\pulp\apis\..\solverdir\cbc\win\64\cbc.exe C:\Users\ARAVIN~1.MAT\AppData\Local\Temp\1ca96ee36ea346d9a5827713015299aa-pulp.mps max branch printingOptions all solution C:\Users\ARAVIN~1.MAT\AppData\Local\Temp\1ca96ee36ea346d9a5827713015299aa-pulp.sol 
2021-08-16 19:52:41,599 pulp.apis.core DEBUG    D:\projects\MARSBACKEND\price-simulator-backend\env\lib\site-packages\pulp\apis\..\solverdir\cbc\win\64\cbc.exe C:\Users\ARAVIN~1.MAT\AppData\Local\Temp\eb946cc68bbd4e07ac4fee50ab6c3c74-pulp.mps max branch printingOptions all solution C:\Users\ARAVIN~1.MAT\AppData\Local\Temp\eb946cc68bbd4e07ac4fee50ab6c3c74-pulp.sol 
2021-08-16 19:52:41,883 pulp.apis.core DEBUG    D:\projects\MARSBACKEND\price-simulator-backend\env\lib\site-packages\pulp\apis\..\solverdir\cbc\win\64\cbc.exe C:\Users\ARAVIN~1.MAT\AppData\Local\Temp\abc48a4613014ba2af965cafbff7cdb0-pulp.mps max branch printingOptions all solution C:\Users\ARAVIN~1.MAT\AppData\Local\Temp\abc48a4613014ba2af965cafbff7cdb0-pulp.sol 
2021-08-16 19:52:42,377 pulp.apis.core DEBUG    D:\projects\MARSBACKEND\price-simulator-backend\env\lib\site-packages\pulp\apis\..\solverdir\cbc\win\64\cbc.exe C:\Users\ARAVIN~1.MAT\AppData\Local\Temp\b862d39ea0ab4f57b8f8f2df39449163-pulp.mps max branch printingOptions all solution C:\Users\ARAVIN~1.MAT\AppData\Local\Temp\b862d39ea0ab4f57b8f8f2df39449163-pulp.sol 
2021-08-16 19:52:42,815 pulp.apis.core DEBUG    D:\projects\MARSBACKEND\price-simulator-backend\env\lib\site-packages\pulp\apis\..\solverdir\cbc\win\64\cbc.exe C:\Users\ARAVIN~1.MAT\AppData\Local\Temp\52b128cb49a841d598049471472fd3c1-pulp.mps max branch printingOptions all solution C:\Users\ARAVIN~1.MAT\AppData\Local\Temp\52b128cb49a841d598049471472fd3c1-pulp.sol 
2021-08-16 19:52:43,368 pulp.apis.core DEBUG    D:\projects\MARSBACKEND\price-simulator-backend\env\lib\site-packages\pulp\apis\..\solverdir\cbc\win\64\cbc.exe C:\Users\ARAVIN~1.MAT\AppData\Local\Temp\a2fd6a8a4cab48c3b0f0caf9d2769c4b-pulp.mps max branch printingOptions all solution C:\Users\ARAVIN~1.MAT\AppData\Local\Temp\a2fd6a8a4cab48c3b0f0caf9d2769c4b-pulp.sol 
2021-08-16 19:52:43,759 pulp.apis.core DEBUG    D:\projects\MARSBACKEND\price-simulator-backend\env\lib\site-packages\pulp\apis\..\solverdir\cbc\win\64\cbc.exe C:\Users\ARAVIN~1.MAT\AppData\Local\Temp\f40d2cbee8fd4c16b9455057fd137e83-pulp.mps max branch printingOptions all solution C:\Users\ARAVIN~1.MAT\AppData\Local\Temp\f40d2cbee8fd4c16b9455057fd137e83-pulp.sol 
2021-08-16 19:52:44,384 pulp.apis.core DEBUG    D:\projects\MARSBACKEND\price-simulator-backend\env\lib\site-packages\pulp\apis\..\solverdir\cbc\win\64\cbc.exe C:\Users\ARAVIN~1.MAT\AppData\Local\Temp\10df785ab06f492c95b29a6fc2e3d4f2-pulp.mps max branch printingOptions all solution C:\Users\ARAVIN~1.MAT\AppData\Local\Temp\10df785ab06f492c95b29a6fc2e3d4f2-pulp.sol 
2021-08-16 19:52:44,731 pulp.apis.core DEBUG    D:\projects\MARSBACKEND\price-simulator-backend\env\lib\site-packages\pulp\apis\..\solverdir\cbc\win\64\cbc.exe C:\Users\ARAVIN~1.MAT\AppData\Local\Temp\dd4a1744526b40888b05f0cdc01b516f-pulp.mps max branch printingOptions all solution C:\Users\ARAVIN~1.MAT\AppData\Local\Temp\dd4a1744526b40888b05f0cdc01b516f-pulp.sol 
2021-08-16 19:52:45,230 pulp.apis.core DEBUG    D:\projects\MARSBACKEND\price-simulator-backend\env\lib\site-packages\pulp\apis\..\solverdir\cbc\win\64\cbc.exe C:\Users\ARAVIN~1.MAT\AppData\Local\Temp\79817a34c8564440a9d2ea6564bb2f5f-pulp.mps max branch printingOptions all solution C:\Users\ARAVIN~1.MAT\AppData\Local\Temp\79817a34c8564440a9d2ea6564bb2f5f-pulp.sol 
2021-08-16 19:52:45,617 pulp.apis.core DEBUG    D:\projects\MARSBACKEND\price-simulator-backend\env\lib\site-packages\pulp\apis\..\solverdir\cbc\win\64\cbc.exe C:\Users\ARAVIN~1.MAT\AppData\Local\Temp\7732b234b4164aaf851ec0dc1dcc13bc-pulp.mps max branch printingOptions all solution C:\Users\ARAVIN~1.MAT\AppData\Local\Temp\7732b234b4164aaf851ec0dc1dcc13bc-pulp.sol 
2021-08-16 19:52:45,949 pulp.apis.core DEBUG    D:\projects\MARSBACKEND\price-simulator-backend\env\lib\site-packages\pulp\apis\..\solverdir\cbc\win\64\cbc.exe C:\Users\ARAVIN~1.MAT\AppData\Local\Temp\6191cee077de40b68b58b83296d86904-pulp.mps max branch printingOptions all solution C:\Users\ARAVIN~1.MAT\AppData\Local\Temp\6191cee077de40b68b58b83296d86904-pulp.sol 
2021-08-16 19:52:46,272 pulp.apis.core DEBUG    D:\projects\MARSBACKEND\price-simulator-backend\env\lib\site-packages\pulp\apis\..\solverdir\cbc\win\64\cbc.exe C:\Users\ARAVIN~1.MAT\AppData\Local\Temp\119564c0bdb84e8893509f23525698ed-pulp.mps max branch printingOptions all solution C:\Users\ARAVIN~1.MAT\AppData\Local\Temp\119564c0bdb84e8893509f23525698ed-pulp.sol 
2021-08-16 19:52:46,627 pulp.apis.core DEBUG    D:\projects\MARSBACKEND\price-simulator-backend\env\lib\site-packages\pulp\apis\..\solverdir\cbc\win\64\cbc.exe C:\Users\ARAVIN~1.MAT\AppData\Local\Temp\768fea01f2c543b1a9d925633f4f72c6-pulp.mps max branch printingOptions all solution C:\Users\ARAVIN~1.MAT\AppData\Local\Temp\768fea01f2c543b1a9d925633f4f72c6-pulp.sol 
2021-08-16 19:52:47,222 pulp.apis.core DEBUG    D:\projects\MARSBACKEND\price-simulator-backend\env\lib\site-packages\pulp\apis\..\solverdir\cbc\win\64\cbc.exe C:\Users\ARAVIN~1.MAT\AppData\Local\Temp\1c2a440a30e24e13bc562dd768ebdef7-pulp.mps max branch printingOptions all solution C:\Users\ARAVIN~1.MAT\AppData\Local\Temp\1c2a440a30e24e13bc562dd768ebdef7-pulp.sol 
2021-08-16 19:52:47,559 pulp.apis.core DEBUG    D:\projects\MARSBACKEND\price-simulator-backend\env\lib\site-packages\pulp\apis\..\solverdir\cbc\win\64\cbc.exe C:\Users\ARAVIN~1.MAT\AppData\Local\Temp\8d70490c1770487f834f0bbe7aa23c62-pulp.mps max branch printingOptions all solution C:\Users\ARAVIN~1.MAT\AppData\Local\Temp\8d70490c1770487f834f0bbe7aa23c62-pulp.sol 
2021-08-16 19:52:47,952 pulp.apis.core DEBUG    D:\projects\MARSBACKEND\price-simulator-backend\env\lib\site-packages\pulp\apis\..\solverdir\cbc\win\64\cbc.exe C:\Users\ARAVIN~1.MAT\AppData\Local\Temp\4933b93f30e7477596024c68a2e62a23-pulp.mps max branch printingOptions all solution C:\Users\ARAVIN~1.MAT\AppData\Local\Temp\4933b93f30e7477596024c68a2e62a23-pulp.sol 
2021-08-16 19:52:48,577 pulp.apis.core DEBUG    D:\projects\MARSBACKEND\price-simulator-backend\env\lib\site-packages\pulp\apis\..\solverdir\cbc\win\64\cbc.exe C:\Users\ARAVIN~1.MAT\AppData\Local\Temp\16a0e9c41fca46b2803d5440f5e79a71-pulp.mps max branch printingOptions all solution C:\Users\ARAVIN~1.MAT\AppData\Local\Temp\16a0e9c41fca46b2803d5440f5e79a71-pulp.sol 
2021-08-16 19:52:48,950 pulp.apis.core DEBUG    D:\projects\MARSBACKEND\price-simulator-backend\env\lib\site-packages\pulp\apis\..\solverdir\cbc\win\64\cbc.exe C:\Users\ARAVIN~1.MAT\AppData\Local\Temp\b694b7797bd940a087858c1b93e0da33-pulp.mps max branch printingOptions all solution C:\Users\ARAVIN~1.MAT\AppData\Local\Temp\b694b7797bd940a087858c1b93e0da33-pulp.sol 
2021-08-16 19:52:49,387 pulp.apis.core DEBUG    D:\projects\MARSBACKEND\price-simulator-backend\env\lib\site-packages\pulp\apis\..\solverdir\cbc\win\64\cbc.exe C:\Users\ARAVIN~1.MAT\AppData\Local\Temp\1f30e283aa5e4c66918b136e7161e5ee-pulp.mps max branch printingOptions all solution C:\Users\ARAVIN~1.MAT\AppData\Local\Temp\1f30e283aa5e4c66918b136e7161e5ee-pulp.sol 
2021-08-16 19:52:49,715 pulp.apis.core DEBUG    D:\projects\MARSBACKEND\price-simulator-backend\env\lib\site-packages\pulp\apis\..\solverdir\cbc\win\64\cbc.exe C:\Users\ARAVIN~1.MAT\AppData\Local\Temp\21274a602b9a472b8c913dcda06e69a8-pulp.mps max branch printingOptions all solution C:\Users\ARAVIN~1.MAT\AppData\Local\Temp\21274a602b9a472b8c913dcda06e69a8-pulp.sol 
2021-08-16 19:52:50,085 pulp.apis.core DEBUG    D:\projects\MARSBACKEND\price-simulator-backend\env\lib\site-packages\pulp\apis\..\solverdir\cbc\win\64\cbc.exe C:\Users\ARAVIN~1.MAT\AppData\Local\Temp\6b4ddece313348f69e1b7226efca8661-pulp.mps max branch printingOptions all solution C:\Users\ARAVIN~1.MAT\AppData\Local\Temp\6b4ddece313348f69e1b7226efca8661-pulp.sol 
2021-08-16 19:52:50,420 pulp.apis.core DEBUG    D:\projects\MARSBACKEND\price-simulator-backend\env\lib\site-packages\pulp\apis\..\solverdir\cbc\win\64\cbc.exe C:\Users\ARAVIN~1.MAT\AppData\Local\Temp\53fe40c247f248479cd6d856ac5f3ff4-pulp.mps max branch printingOptions all solution C:\Users\ARAVIN~1.MAT\AppData\Local\Temp\53fe40c247f248479cd6d856ac5f3ff4-pulp.sol 
2021-08-16 19:52:50,832 pulp.apis.core DEBUG    D:\projects\MARSBACKEND\price-simulator-backend\env\lib\site-packages\pulp\apis\..\solverdir\cbc\win\64\cbc.exe C:\Users\ARAVIN~1.MAT\AppData\Local\Temp\0a175a41bebc4508bf1df3ebb916bc1e-pulp.mps max branch printingOptions all solution C:\Users\ARAVIN~1.MAT\AppData\Local\Temp\0a175a41bebc4508bf1df3ebb916bc1e-pulp.sol 
2021-08-16 19:52:51,120 pulp.apis.core DEBUG    D:\projects\MARSBACKEND\price-simulator-backend\env\lib\site-packages\pulp\apis\..\solverdir\cbc\win\64\cbc.exe C:\Users\ARAVIN~1.MAT\AppData\Local\Temp\d2759fd732ee4a1c8ddb2dd10e0719da-pulp.mps max branch printingOptions all solution C:\Users\ARAVIN~1.MAT\AppData\Local\Temp\d2759fd732ee4a1c8ddb2dd10e0719da-pulp.sol 
2021-08-16 19:52:51,515 pulp.apis.core DEBUG    D:\projects\MARSBACKEND\price-simulator-backend\env\lib\site-packages\pulp\apis\..\solverdir\cbc\win\64\cbc.exe C:\Users\ARAVIN~1.MAT\AppData\Local\Temp\b50e8dd3b1b84f56bc467a3b5dd03651-pulp.mps max branch printingOptions all solution C:\Users\ARAVIN~1.MAT\AppData\Local\Temp\b50e8dd3b1b84f56bc467a3b5dd03651-pulp.sol 
2021-08-16 19:52:51,984 pulp.apis.core DEBUG    D:\projects\MARSBACKEND\price-simulator-backend\env\lib\site-packages\pulp\apis\..\solverdir\cbc\win\64\cbc.exe C:\Users\ARAVIN~1.MAT\AppData\Local\Temp\84c9e9a0781541c095dc9ba39607b81a-pulp.mps max branch printingOptions all solution C:\Users\ARAVIN~1.MAT\AppData\Local\Temp\84c9e9a0781541c095dc9ba39607b81a-pulp.sol 
2021-08-16 19:52:52,422 pulp.apis.core DEBUG    D:\projects\MARSBACKEND\price-simulator-backend\env\lib\site-packages\pulp\apis\..\solverdir\cbc\win\64\cbc.exe C:\Users\ARAVIN~1.MAT\AppData\Local\Temp\a1ef5909268e4f3ea8bc8db327e2a26c-pulp.mps max branch printingOptions all solution C:\Users\ARAVIN~1.MAT\AppData\Local\Temp\a1ef5909268e4f3ea8bc8db327e2a26c-pulp.sol 
2021-08-16 19:52:52,749 pulp.apis.core DEBUG    D:\projects\MARSBACKEND\price-simulator-backend\env\lib\site-packages\pulp\apis\..\solverdir\cbc\win\64\cbc.exe C:\Users\ARAVIN~1.MAT\AppData\Local\Temp\6c75d4c6ea9b45529e913a1358f5b6a6-pulp.mps max branch printingOptions all solution C:\Users\ARAVIN~1.MAT\AppData\Local\Temp\6c75d4c6ea9b45529e913a1358f5b6a6-pulp.sol 
2021-08-16 19:52:53,333 pulp.apis.core DEBUG    D:\projects\MARSBACKEND\price-simulator-backend\env\lib\site-packages\pulp\apis\..\solverdir\cbc\win\64\cbc.exe C:\Users\ARAVIN~1.MAT\AppData\Local\Temp\5f8e7c0c1ab04db9b8d2abd931e4884b-pulp.mps max branch printingOptions all solution C:\Users\ARAVIN~1.MAT\AppData\Local\Temp\5f8e7c0c1ab04db9b8d2abd931e4884b-pulp.sol 
2021-08-16 19:52:53,658 pulp.apis.core DEBUG    D:\projects\MARSBACKEND\price-simulator-backend\env\lib\site-packages\pulp\apis\..\solverdir\cbc\win\64\cbc.exe C:\Users\ARAVIN~1.MAT\AppData\Local\Temp\056cf604dbea4138af4472c629d4d2f2-pulp.mps max branch printingOptions all solution C:\Users\ARAVIN~1.MAT\AppData\Local\Temp\056cf604dbea4138af4472c629d4d2f2-pulp.sol 
2021-08-16 19:52:54,012 pulp.apis.core DEBUG    D:\projects\MARSBACKEND\price-simulator-backend\env\lib\site-packages\pulp\apis\..\solverdir\cbc\win\64\cbc.exe C:\Users\ARAVIN~1.MAT\AppData\Local\Temp\ae0f9b00ab5e4d92948097fe063610e5-pulp.mps max branch printingOptions all solution C:\Users\ARAVIN~1.MAT\AppData\Local\Temp\ae0f9b00ab5e4d92948097fe063610e5-pulp.sol 
2021-08-16 19:52:54,379 pulp.apis.core DEBUG    D:\projects\MARSBACKEND\price-simulator-backend\env\lib\site-packages\pulp\apis\..\solverdir\cbc\win\64\cbc.exe C:\Users\ARAVIN~1.MAT\AppData\Local\Temp\87fff15d372547a3a18430069d936aae-pulp.mps max branch printingOptions all solution C:\Users\ARAVIN~1.MAT\AppData\Local\Temp\87fff15d372547a3a18430069d936aae-pulp.sol 
2021-08-16 19:52:54,778 pulp.apis.core DEBUG    D:\projects\MARSBACKEND\price-simulator-backend\env\lib\site-packages\pulp\apis\..\solverdir\cbc\win\64\cbc.exe C:\Users\ARAVIN~1.MAT\AppData\Local\Temp\2c3e0e49c19d4f74bb9cafe438f64232-pulp.mps max branch printingOptions all solution C:\Users\ARAVIN~1.MAT\AppData\Local\Temp\2c3e0e49c19d4f74bb9cafe438f64232-pulp.sol 
2021-08-16 19:52:55,205 pulp.apis.core DEBUG    D:\projects\MARSBACKEND\price-simulator-backend\env\lib\site-packages\pulp\apis\..\solverdir\cbc\win\64\cbc.exe C:\Users\ARAVIN~1.MAT\AppData\Local\Temp\b50dd2fd6e9d442c988b7c13b6abed39-pulp.mps max branch printingOptions all solution C:\Users\ARAVIN~1.MAT\AppData\Local\Temp\b50dd2fd6e9d442c988b7c13b6abed39-pulp.sol 
2021-08-16 19:52:55,607 pulp.apis.core DEBUG    D:\projects\MARSBACKEND\price-simulator-backend\env\lib\site-packages\pulp\apis\..\solverdir\cbc\win\64\cbc.exe C:\Users\ARAVIN~1.MAT\AppData\Local\Temp\ecb1b25203ba4504bb748193a0963057-pulp.mps max branch printingOptions all solution C:\Users\ARAVIN~1.MAT\AppData\Local\Temp\ecb1b25203ba4504bb748193a0963057-pulp.sol 
2021-08-16 19:52:56,000 pulp.apis.core DEBUG    D:\projects\MARSBACKEND\price-simulator-backend\env\lib\site-packages\pulp\apis\..\solverdir\cbc\win\64\cbc.exe C:\Users\ARAVIN~1.MAT\AppData\Local\Temp\8a8421c858544053b4061ff9d0b3be66-pulp.mps max branch printingOptions all solution C:\Users\ARAVIN~1.MAT\AppData\Local\Temp\8a8421c858544053b4061ff9d0b3be66-pulp.sol 
2021-08-16 19:52:56,336 pulp.apis.core DEBUG    D:\projects\MARSBACKEND\price-simulator-backend\env\lib\site-packages\pulp\apis\..\solverdir\cbc\win\64\cbc.exe C:\Users\ARAVIN~1.MAT\AppData\Local\Temp\02394875e1564823bcd340f04d8744a0-pulp.mps max branch printingOptions all solution C:\Users\ARAVIN~1.MAT\AppData\Local\Temp\02394875e1564823bcd340f04d8744a0-pulp.sol 
2021-08-16 19:52:56,793 pulp.apis.core DEBUG    D:\projects\MARSBACKEND\price-simulator-backend\env\lib\site-packages\pulp\apis\..\solverdir\cbc\win\64\cbc.exe C:\Users\ARAVIN~1.MAT\AppData\Local\Temp\0db98db5315d44cc89c6148b300c9401-pulp.mps max branch printingOptions all solution C:\Users\ARAVIN~1.MAT\AppData\Local\Temp\0db98db5315d44cc89c6148b300c9401-pulp.sol 
2021-08-16 19:52:57,163 pulp.apis.core DEBUG    D:\projects\MARSBACKEND\price-simulator-backend\env\lib\site-packages\pulp\apis\..\solverdir\cbc\win\64\cbc.exe C:\Users\ARAVIN~1.MAT\AppData\Local\Temp\e01dd79f6e684574ad7b6ea8c73fada3-pulp.mps max branch printingOptions all solution C:\Users\ARAVIN~1.MAT\AppData\Local\Temp\e01dd79f6e684574ad7b6ea8c73fada3-pulp.sol 
2021-08-16 19:52:57,578 pulp.apis.core DEBUG    D:\projects\MARSBACKEND\price-simulator-backend\env\lib\site-packages\pulp\apis\..\solverdir\cbc\win\64\cbc.exe C:\Users\ARAVIN~1.MAT\AppData\Local\Temp\9aedc326aa1345feaf2baeac01c135d6-pulp.mps max branch printingOptions all solution C:\Users\ARAVIN~1.MAT\AppData\Local\Temp\9aedc326aa1345feaf2baeac01c135d6-pulp.sol 
2021-08-16 19:52:58,106 pulp.apis.core DEBUG    D:\projects\MARSBACKEND\price-simulator-backend\env\lib\site-packages\pulp\apis\..\solverdir\cbc\win\64\cbc.exe C:\Users\ARAVIN~1.MAT\AppData\Local\Temp\5bccc96859e848fcb4c228b79060dfe1-pulp.mps max branch printingOptions all solution C:\Users\ARAVIN~1.MAT\AppData\Local\Temp\5bccc96859e848fcb4c228b79060dfe1-pulp.sol 
2021-08-16 19:52:58,478 pulp.apis.core DEBUG    D:\projects\MARSBACKEND\price-simulator-backend\env\lib\site-packages\pulp\apis\..\solverdir\cbc\win\64\cbc.exe C:\Users\ARAVIN~1.MAT\AppData\Local\Temp\0c062200882a47a588860adcd425a4c8-pulp.mps max branch printingOptions all solution C:\Users\ARAVIN~1.MAT\AppData\Local\Temp\0c062200882a47a588860adcd425a4c8-pulp.sol 
2021-08-16 19:52:58,884 pulp.apis.core DEBUG    D:\projects\MARSBACKEND\price-simulator-backend\env\lib\site-packages\pulp\apis\..\solverdir\cbc\win\64\cbc.exe C:\Users\ARAVIN~1.MAT\AppData\Local\Temp\097a8d0d6c7b4b5da5a8866dd0dfb847-pulp.mps max branch printingOptions all solution C:\Users\ARAVIN~1.MAT\AppData\Local\Temp\097a8d0d6c7b4b5da5a8866dd0dfb847-pulp.sol 
2021-08-16 19:52:59,183 pulp.apis.core DEBUG    D:\projects\MARSBACKEND\price-simulator-backend\env\lib\site-packages\pulp\apis\..\solverdir\cbc\win\64\cbc.exe C:\Users\ARAVIN~1.MAT\AppData\Local\Temp\7ce24dc56187471aa6bfa7227146a5e7-pulp.mps max branch printingOptions all solution C:\Users\ARAVIN~1.MAT\AppData\Local\Temp\7ce24dc56187471aa6bfa7227146a5e7-pulp.sol 
2021-08-16 19:52:59,606 pulp.apis.core DEBUG    D:\projects\MARSBACKEND\price-simulator-backend\env\lib\site-packages\pulp\apis\..\solverdir\cbc\win\64\cbc.exe C:\Users\ARAVIN~1.MAT\AppData\Local\Temp\1b8dc86acb4044bb86d644d4eaa65783-pulp.mps max branch printingOptions all solution C:\Users\ARAVIN~1.MAT\AppData\Local\Temp\1b8dc86acb4044bb86d644d4eaa65783-pulp.sol 
2021-08-16 19:52:59,890 pulp.apis.core DEBUG    D:\projects\MARSBACKEND\price-simulator-backend\env\lib\site-packages\pulp\apis\..\solverdir\cbc\win\64\cbc.exe C:\Users\ARAVIN~1.MAT\AppData\Local\Temp\e7e7030511df464bae8a77d82a69bf5e-pulp.mps max branch printingOptions all solution C:\Users\ARAVIN~1.MAT\AppData\Local\Temp\e7e7030511df464bae8a77d82a69bf5e-pulp.sol 
2021-08-16 19:53:00,255 pulp.apis.core DEBUG    D:\projects\MARSBACKEND\price-simulator-backend\env\lib\site-packages\pulp\apis\..\solverdir\cbc\win\64\cbc.exe C:\Users\ARAVIN~1.MAT\AppData\Local\Temp\07308ce70bfc4a488d3455f7047ec650-pulp.mps max branch printingOptions all solution C:\Users\ARAVIN~1.MAT\AppData\Local\Temp\07308ce70bfc4a488d3455f7047ec650-pulp.sol 
2021-08-16 19:53:00,553 pulp.apis.core DEBUG    D:\projects\MARSBACKEND\price-simulator-backend\env\lib\site-packages\pulp\apis\..\solverdir\cbc\win\64\cbc.exe C:\Users\ARAVIN~1.MAT\AppData\Local\Temp\b59dd0cd011c4fcaa32a2de8e32404bc-pulp.mps max branch printingOptions all solution C:\Users\ARAVIN~1.MAT\AppData\Local\Temp\b59dd0cd011c4fcaa32a2de8e32404bc-pulp.sol 
2021-08-16 19:53:00,983 pulp.apis.core DEBUG    D:\projects\MARSBACKEND\price-simulator-backend\env\lib\site-packages\pulp\apis\..\solverdir\cbc\win\64\cbc.exe C:\Users\ARAVIN~1.MAT\AppData\Local\Temp\218febf434dd4eeea770148dbcc391fc-pulp.mps max branch printingOptions all solution C:\Users\ARAVIN~1.MAT\AppData\Local\Temp\218febf434dd4eeea770148dbcc391fc-pulp.sol 
2021-08-16 19:53:01,298 pulp.apis.core DEBUG    D:\projects\MARSBACKEND\price-simulator-backend\env\lib\site-packages\pulp\apis\..\solverdir\cbc\win\64\cbc.exe C:\Users\ARAVIN~1.MAT\AppData\Local\Temp\ce257ae0fb4941b6935eef69cbfade6c-pulp.mps max branch printingOptions all solution C:\Users\ARAVIN~1.MAT\AppData\Local\Temp\ce257ae0fb4941b6935eef69cbfade6c-pulp.sol 
2021-08-16 19:53:01,642 pulp.apis.core DEBUG    D:\projects\MARSBACKEND\price-simulator-backend\env\lib\site-packages\pulp\apis\..\solverdir\cbc\win\64\cbc.exe C:\Users\ARAVIN~1.MAT\AppData\Local\Temp\44227512e02a42d1a266a4074ef4e211-pulp.mps max branch printingOptions all solution C:\Users\ARAVIN~1.MAT\AppData\Local\Temp\44227512e02a42d1a266a4074ef4e211-pulp.sol 
2021-08-16 19:53:02,013 pulp.apis.core DEBUG    D:\projects\MARSBACKEND\price-simulator-backend\env\lib\site-packages\pulp\apis\..\solverdir\cbc\win\64\cbc.exe C:\Users\ARAVIN~1.MAT\AppData\Local\Temp\47983b02c9d64bc48d4275dcb0ee42a8-pulp.mps max branch printingOptions all solution C:\Users\ARAVIN~1.MAT\AppData\Local\Temp\47983b02c9d64bc48d4275dcb0ee42a8-pulp.sol 
2021-08-16 19:53:02,328 pulp.apis.core DEBUG    D:\projects\MARSBACKEND\price-simulator-backend\env\lib\site-packages\pulp\apis\..\solverdir\cbc\win\64\cbc.exe C:\Users\ARAVIN~1.MAT\AppData\Local\Temp\8bd7667adb7e4ec9be7ed57910994c64-pulp.mps max branch printingOptions all solution C:\Users\ARAVIN~1.MAT\AppData\Local\Temp\8bd7667adb7e4ec9be7ed57910994c64-pulp.sol 
2021-08-16 19:53:02,752 pulp.apis.core DEBUG    D:\projects\MARSBACKEND\price-simulator-backend\env\lib\site-packages\pulp\apis\..\solverdir\cbc\win\64\cbc.exe C:\Users\ARAVIN~1.MAT\AppData\Local\Temp\d6e59448228345dbad91aa2a5ebf74f7-pulp.mps max branch printingOptions all solution C:\Users\ARAVIN~1.MAT\AppData\Local\Temp\d6e59448228345dbad91aa2a5ebf74f7-pulp.sol 
2021-08-16 19:53:03,045 pulp.apis.core DEBUG    D:\projects\MARSBACKEND\price-simulator-backend\env\lib\site-packages\pulp\apis\..\solverdir\cbc\win\64\cbc.exe C:\Users\ARAVIN~1.MAT\AppData\Local\Temp\aa9eb9e230b743d48f3672098c6eb9dd-pulp.mps max branch printingOptions all solution C:\Users\ARAVIN~1.MAT\AppData\Local\Temp\aa9eb9e230b743d48f3672098c6eb9dd-pulp.sol 
2021-08-16 19:53:03,343 pulp.apis.core DEBUG    D:\projects\MARSBACKEND\price-simulator-backend\env\lib\site-packages\pulp\apis\..\solverdir\cbc\win\64\cbc.exe C:\Users\ARAVIN~1.MAT\AppData\Local\Temp\ceb35b27bf1f45c8a969e1df2e289e4c-pulp.mps max branch printingOptions all solution C:\Users\ARAVIN~1.MAT\AppData\Local\Temp\ceb35b27bf1f45c8a969e1df2e289e4c-pulp.sol 
2021-08-16 19:53:03,637 pulp.apis.core DEBUG    D:\projects\MARSBACKEND\price-simulator-backend\env\lib\site-packages\pulp\apis\..\solverdir\cbc\win\64\cbc.exe C:\Users\ARAVIN~1.MAT\AppData\Local\Temp\a007a0e9e50145eaab9fa23bd33bc1a4-pulp.mps max branch printingOptions all solution C:\Users\ARAVIN~1.MAT\AppData\Local\Temp\a007a0e9e50145eaab9fa23bd33bc1a4-pulp.sol 
2021-08-16 19:53:04,022 pulp.apis.core DEBUG    D:\projects\MARSBACKEND\price-simulator-backend\env\lib\site-packages\pulp\apis\..\solverdir\cbc\win\64\cbc.exe C:\Users\ARAVIN~1.MAT\AppData\Local\Temp\0932a57d7c954ff9900f0d6a66153a65-pulp.mps max branch printingOptions all solution C:\Users\ARAVIN~1.MAT\AppData\Local\Temp\0932a57d7c954ff9900f0d6a66153a65-pulp.sol 
2021-08-16 19:53:04,328 pulp.apis.core DEBUG    D:\projects\MARSBACKEND\price-simulator-backend\env\lib\site-packages\pulp\apis\..\solverdir\cbc\win\64\cbc.exe C:\Users\ARAVIN~1.MAT\AppData\Local\Temp\88c4cf3ad9714005a2cb3beaf462a964-pulp.mps max branch printingOptions all solution C:\Users\ARAVIN~1.MAT\AppData\Local\Temp\88c4cf3ad9714005a2cb3beaf462a964-pulp.sol 
2021-08-16 19:53:04,833 pulp.apis.core DEBUG    D:\projects\MARSBACKEND\price-simulator-backend\env\lib\site-packages\pulp\apis\..\solverdir\cbc\win\64\cbc.exe C:\Users\ARAVIN~1.MAT\AppData\Local\Temp\e57b77a992864d53a2253021928bfc99-pulp.mps max branch printingOptions all solution C:\Users\ARAVIN~1.MAT\AppData\Local\Temp\e57b77a992864d53a2253021928bfc99-pulp.sol 
2021-08-16 19:53:05,200 pulp.apis.core DEBUG    D:\projects\MARSBACKEND\price-simulator-backend\env\lib\site-packages\pulp\apis\..\solverdir\cbc\win\64\cbc.exe C:\Users\ARAVIN~1.MAT\AppData\Local\Temp\9b76ef2b17cc43f9b61c618200482101-pulp.mps max branch printingOptions all solution C:\Users\ARAVIN~1.MAT\AppData\Local\Temp\9b76ef2b17cc43f9b61c618200482101-pulp.sol 
2021-08-16 19:53:05,636 pulp.apis.core DEBUG    D:\projects\MARSBACKEND\price-simulator-backend\env\lib\site-packages\pulp\apis\..\solverdir\cbc\win\64\cbc.exe C:\Users\ARAVIN~1.MAT\AppData\Local\Temp\afdbc0efd2e04ffda700b3f9c2ae32bc-pulp.mps max branch printingOptions all solution C:\Users\ARAVIN~1.MAT\AppData\Local\Temp\afdbc0efd2e04ffda700b3f9c2ae32bc-pulp.sol 
2021-08-16 19:53:06,063 pulp.apis.core DEBUG    D:\projects\MARSBACKEND\price-simulator-backend\env\lib\site-packages\pulp\apis\..\solverdir\cbc\win\64\cbc.exe C:\Users\ARAVIN~1.MAT\AppData\Local\Temp\d685addf3e244c739dcf5200823b4224-pulp.mps max branch printingOptions all solution C:\Users\ARAVIN~1.MAT\AppData\Local\Temp\d685addf3e244c739dcf5200823b4224-pulp.sol 
2021-08-16 19:53:06,485 pulp.apis.core DEBUG    D:\projects\MARSBACKEND\price-simulator-backend\env\lib\site-packages\pulp\apis\..\solverdir\cbc\win\64\cbc.exe C:\Users\ARAVIN~1.MAT\AppData\Local\Temp\a17519b694af465d87340e02c256524d-pulp.mps max branch printingOptions all solution C:\Users\ARAVIN~1.MAT\AppData\Local\Temp\a17519b694af465d87340e02c256524d-pulp.sol 
2021-08-16 19:53:06,862 pulp.apis.core DEBUG    D:\projects\MARSBACKEND\price-simulator-backend\env\lib\site-packages\pulp\apis\..\solverdir\cbc\win\64\cbc.exe C:\Users\ARAVIN~1.MAT\AppData\Local\Temp\58d97a1ef9d040beb8063001adfef3d4-pulp.mps max branch printingOptions all solution C:\Users\ARAVIN~1.MAT\AppData\Local\Temp\58d97a1ef9d040beb8063001adfef3d4-pulp.sol 
2021-08-16 19:53:07,320 pulp.apis.core DEBUG    D:\projects\MARSBACKEND\price-simulator-backend\env\lib\site-packages\pulp\apis\..\solverdir\cbc\win\64\cbc.exe C:\Users\ARAVIN~1.MAT\AppData\Local\Temp\c73ee219837a4ff68a8a568eb2d21ca2-pulp.mps max branch printingOptions all solution C:\Users\ARAVIN~1.MAT\AppData\Local\Temp\c73ee219837a4ff68a8a568eb2d21ca2-pulp.sol 
2021-08-16 19:53:07,695 pulp.apis.core DEBUG    D:\projects\MARSBACKEND\price-simulator-backend\env\lib\site-packages\pulp\apis\..\solverdir\cbc\win\64\cbc.exe C:\Users\ARAVIN~1.MAT\AppData\Local\Temp\40fc48acbcc94e21ace204a45c2fa50a-pulp.mps max branch printingOptions all solution C:\Users\ARAVIN~1.MAT\AppData\Local\Temp\40fc48acbcc94e21ace204a45c2fa50a-pulp.sol 
2021-08-16 19:53:36,783 asyncio      DEBUG    Using selector: SelectSelector
2021-08-16 19:53:47,901 pulp.apis.core DEBUG    D:\projects\MARSBACKEND\price-simulator-backend\env\lib\site-packages\pulp\apis\..\solverdir\cbc\win\64\cbc.exe C:\Users\ARAVIN~1.MAT\AppData\Local\Temp\36b95a2670d448d5b1882f318fd41846-pulp.mps max branch printingOptions all solution C:\Users\ARAVIN~1.MAT\AppData\Local\Temp\36b95a2670d448d5b1882f318fd41846-pulp.sol 
2021-08-16 19:53:48,106 pulp.apis.core DEBUG    D:\projects\MARSBACKEND\price-simulator-backend\env\lib\site-packages\pulp\apis\..\solverdir\cbc\win\64\cbc.exe C:\Users\ARAVIN~1.MAT\AppData\Local\Temp\db582ebd95614bf8b96f59552b464a6c-pulp.mps max branch printingOptions all solution C:\Users\ARAVIN~1.MAT\AppData\Local\Temp\db582ebd95614bf8b96f59552b464a6c-pulp.sol 
2021-08-16 19:53:48,353 pulp.apis.core DEBUG    D:\projects\MARSBACKEND\price-simulator-backend\env\lib\site-packages\pulp\apis\..\solverdir\cbc\win\64\cbc.exe C:\Users\ARAVIN~1.MAT\AppData\Local\Temp\6ad9bf46b0684f0e99581b584d59026c-pulp.mps max branch printingOptions all solution C:\Users\ARAVIN~1.MAT\AppData\Local\Temp\6ad9bf46b0684f0e99581b584d59026c-pulp.sol 
2021-08-16 19:53:49,621 utils.app_exception_handler ERROR    65 columns passed, passed data had 66 columns
2021-08-16 19:53:50,520 django.request ERROR    Internal Server Error: /api/optimiser/calculate/
Traceback (most recent call last):
  File "D:\projects\MARSBACKEND\price-simulator-backend\env\lib\site-packages\pandas\core\internals\construction.py", line 568, in _list_to_arrays
    columns = _validate_or_indexify_columns(content, columns)
  File "D:\projects\MARSBACKEND\price-simulator-backend\env\lib\site-packages\pandas\core\internals\construction.py", line 693, in _validate_or_indexify_columns
    f"{len(columns)} columns passed, passed data had "
AssertionError: 65 columns passed, passed data had 66 columns

The above exception was the direct cause of the following exception:

Traceback (most recent call last):
  File "D:\projects\MARSBACKEND\price-simulator-backend\env\lib\site-packages\django\core\handlers\exception.py", line 47, in inner
    response = get_response(request)
  File "D:\projects\MARSBACKEND\price-simulator-backend\env\lib\site-packages\django\core\handlers\base.py", line 179, in _get_response
    response = wrapped_callback(request, *callback_args, **callback_kwargs)
  File "D:\projects\MARSBACKEND\price-simulator-backend\env\lib\site-packages\django\views\decorators\csrf.py", line 54, in wrapped_view
    return view_func(*args, **kwargs)
  File "D:\projects\MARSBACKEND\price-simulator-backend\env\lib\site-packages\rest_framework\viewsets.py", line 125, in view
    return self.dispatch(request, *args, **kwargs)
  File "D:\projects\MARSBACKEND\price-simulator-backend\env\lib\site-packages\rest_framework\views.py", line 509, in dispatch
    response = self.handle_exception(exc)
  File "D:\projects\MARSBACKEND\price-simulator-backend\env\lib\site-packages\rest_framework\views.py", line 469, in handle_exception
    self.raise_uncaught_exception(exc)
  File "D:\projects\MARSBACKEND\price-simulator-backend\env\lib\site-packages\rest_framework\views.py", line 480, in raise_uncaught_exception
    raise exc
  File "D:\projects\MARSBACKEND\price-simulator-backend\env\lib\site-packages\rest_framework\views.py", line 506, in dispatch
    response = handler(request, *args, **kwargs)
  File "D:\projects\MARSBACKEND\price-simulator-backend\optimiser\views.py", line 418, in post
    return Response(optimizer.process(dict(ser.validated_data)) , 200)
  File "D:\projects\MARSBACKEND\price-simulator-backend\optimiser\optimizer.py", line 2939, in process
    financial_metrics = mixin.calculate_finacial_metrics_for_optimizer(account_name,product_group,parsed_base,model_coeff,model_data_all,ROI_data)
  File "D:\projects\MARSBACKEND\price-simulator-backend\scenario_planner\mixins.py", line 341, in calculate_finacial_metrics_for_optimizer
    base_incremental_split = json.loads(uc.list_to_frame(coeff_list , data_list).to_json(orient="records"))
  File "D:\projects\MARSBACKEND\price-simulator-backend\utils\units_calculation.py", line 495, in list_to_frame
    data_dt = pd.DataFrame(data, columns = data_columns)
  File "D:\projects\MARSBACKEND\price-simulator-backend\env\lib\site-packages\pandas\core\frame.py", line 570, in __init__
    arrays, columns = to_arrays(data, columns, dtype=dtype)
  File "D:\projects\MARSBACKEND\price-simulator-backend\env\lib\site-packages\pandas\core\internals\construction.py", line 528, in to_arrays
    return _list_to_arrays(data, columns, coerce_float=coerce_float, dtype=dtype)
  File "D:\projects\MARSBACKEND\price-simulator-backend\env\lib\site-packages\pandas\core\internals\construction.py", line 571, in _list_to_arrays
    raise ValueError(e) from e
ValueError: 65 columns passed, passed data had 66 columns
2021-08-16 19:53:50,520 django.request ERROR    Internal Server Error: /api/optimiser/calculate/
Traceback (most recent call last):
  File "D:\projects\MARSBACKEND\price-simulator-backend\env\lib\site-packages\pandas\core\internals\construction.py", line 568, in _list_to_arrays
    columns = _validate_or_indexify_columns(content, columns)
  File "D:\projects\MARSBACKEND\price-simulator-backend\env\lib\site-packages\pandas\core\internals\construction.py", line 693, in _validate_or_indexify_columns
    f"{len(columns)} columns passed, passed data had "
AssertionError: 65 columns passed, passed data had 66 columns

The above exception was the direct cause of the following exception:

Traceback (most recent call last):
  File "D:\projects\MARSBACKEND\price-simulator-backend\env\lib\site-packages\django\core\handlers\exception.py", line 47, in inner
    response = get_response(request)
  File "D:\projects\MARSBACKEND\price-simulator-backend\env\lib\site-packages\django\core\handlers\base.py", line 179, in _get_response
    response = wrapped_callback(request, *callback_args, **callback_kwargs)
  File "D:\projects\MARSBACKEND\price-simulator-backend\env\lib\site-packages\django\views\decorators\csrf.py", line 54, in wrapped_view
    return view_func(*args, **kwargs)
  File "D:\projects\MARSBACKEND\price-simulator-backend\env\lib\site-packages\rest_framework\viewsets.py", line 125, in view
    return self.dispatch(request, *args, **kwargs)
  File "D:\projects\MARSBACKEND\price-simulator-backend\env\lib\site-packages\rest_framework\views.py", line 509, in dispatch
    response = self.handle_exception(exc)
  File "D:\projects\MARSBACKEND\price-simulator-backend\env\lib\site-packages\rest_framework\views.py", line 469, in handle_exception
    self.raise_uncaught_exception(exc)
  File "D:\projects\MARSBACKEND\price-simulator-backend\env\lib\site-packages\rest_framework\views.py", line 480, in raise_uncaught_exception
    raise exc
  File "D:\projects\MARSBACKEND\price-simulator-backend\env\lib\site-packages\rest_framework\views.py", line 506, in dispatch
    response = handler(request, *args, **kwargs)
  File "D:\projects\MARSBACKEND\price-simulator-backend\optimiser\views.py", line 418, in post
    return Response(optimizer.process(dict(ser.validated_data)) , 200)
  File "D:\projects\MARSBACKEND\price-simulator-backend\optimiser\optimizer.py", line 2939, in process
    financial_metrics = mixin.calculate_finacial_metrics_for_optimizer(account_name,product_group,parsed_base,model_coeff,model_data_all,ROI_data)
  File "D:\projects\MARSBACKEND\price-simulator-backend\scenario_planner\mixins.py", line 341, in calculate_finacial_metrics_for_optimizer
    base_incremental_split = json.loads(uc.list_to_frame(coeff_list , data_list).to_json(orient="records"))
  File "D:\projects\MARSBACKEND\price-simulator-backend\utils\units_calculation.py", line 495, in list_to_frame
    data_dt = pd.DataFrame(data, columns = data_columns)
  File "D:\projects\MARSBACKEND\price-simulator-backend\env\lib\site-packages\pandas\core\frame.py", line 570, in __init__
    arrays, columns = to_arrays(data, columns, dtype=dtype)
  File "D:\projects\MARSBACKEND\price-simulator-backend\env\lib\site-packages\pandas\core\internals\construction.py", line 528, in to_arrays
    return _list_to_arrays(data, columns, coerce_float=coerce_float, dtype=dtype)
  File "D:\projects\MARSBACKEND\price-simulator-backend\env\lib\site-packages\pandas\core\internals\construction.py", line 571, in _list_to_arrays
    raise ValueError(e) from e
ValueError: 65 columns passed, passed data had 66 columns
2021-08-16 19:57:37,478 django.utils.autoreload INFO     D:\projects\MARSBACKEND\price-simulator-backend\utils\units_calculation.py changed, reloading.
2021-08-16 19:57:42,574 asyncio      DEBUG    Using selector: SelectSelector
2021-08-16 19:57:52,575 pulp.apis.core DEBUG    D:\projects\MARSBACKEND\price-simulator-backend\env\lib\site-packages\pulp\apis\..\solverdir\cbc\win\64\cbc.exe C:\Users\ARAVIN~1.MAT\AppData\Local\Temp\88017d5a64334cce9c6090d34be9c64b-pulp.mps max branch printingOptions all solution C:\Users\ARAVIN~1.MAT\AppData\Local\Temp\88017d5a64334cce9c6090d34be9c64b-pulp.sol 
2021-08-16 19:57:52,734 pulp.apis.core DEBUG    D:\projects\MARSBACKEND\price-simulator-backend\env\lib\site-packages\pulp\apis\..\solverdir\cbc\win\64\cbc.exe C:\Users\ARAVIN~1.MAT\AppData\Local\Temp\acd3b0019864481f8ca6d210f401e13b-pulp.mps max branch printingOptions all solution C:\Users\ARAVIN~1.MAT\AppData\Local\Temp\acd3b0019864481f8ca6d210f401e13b-pulp.sol 
2021-08-16 19:57:52,892 pulp.apis.core DEBUG    D:\projects\MARSBACKEND\price-simulator-backend\env\lib\site-packages\pulp\apis\..\solverdir\cbc\win\64\cbc.exe C:\Users\ARAVIN~1.MAT\AppData\Local\Temp\47b83129e08b44868032628395d4dc83-pulp.mps max branch printingOptions all solution C:\Users\ARAVIN~1.MAT\AppData\Local\Temp\47b83129e08b44868032628395d4dc83-pulp.sol 
2021-08-16 19:58:16,392 pulp.apis.core DEBUG    D:\projects\MARSBACKEND\price-simulator-backend\env\lib\site-packages\pulp\apis\..\solverdir\cbc\win\64\cbc.exe C:\Users\ARAVIN~1.MAT\AppData\Local\Temp\de813882cf27480ca09aa72e3a10be9f-pulp.mps max branch printingOptions all solution C:\Users\ARAVIN~1.MAT\AppData\Local\Temp\de813882cf27480ca09aa72e3a10be9f-pulp.sol 
2021-08-16 19:58:16,670 pulp.apis.core DEBUG    D:\projects\MARSBACKEND\price-simulator-backend\env\lib\site-packages\pulp\apis\..\solverdir\cbc\win\64\cbc.exe C:\Users\ARAVIN~1.MAT\AppData\Local\Temp\32da9f4c5855478987a64d9d7ca6eaac-pulp.mps max branch printingOptions all solution C:\Users\ARAVIN~1.MAT\AppData\Local\Temp\32da9f4c5855478987a64d9d7ca6eaac-pulp.sol 
2021-08-16 19:58:16,948 pulp.apis.core DEBUG    D:\projects\MARSBACKEND\price-simulator-backend\env\lib\site-packages\pulp\apis\..\solverdir\cbc\win\64\cbc.exe C:\Users\ARAVIN~1.MAT\AppData\Local\Temp\02637a2622c446a38743fed88e3cd581-pulp.mps max branch printingOptions all solution C:\Users\ARAVIN~1.MAT\AppData\Local\Temp\02637a2622c446a38743fed88e3cd581-pulp.sol 
2021-08-16 20:02:36,820 pulp.apis.core DEBUG    D:\projects\MARSBACKEND\price-simulator-backend\env\lib\site-packages\pulp\apis\..\solverdir\cbc\win\64\cbc.exe C:\Users\ARAVIN~1.MAT\AppData\Local\Temp\9cde8e7f33d543779d26b69bda96c654-pulp.mps max branch printingOptions all solution C:\Users\ARAVIN~1.MAT\AppData\Local\Temp\9cde8e7f33d543779d26b69bda96c654-pulp.sol 
2021-08-16 20:02:37,047 pulp.apis.core DEBUG    D:\projects\MARSBACKEND\price-simulator-backend\env\lib\site-packages\pulp\apis\..\solverdir\cbc\win\64\cbc.exe C:\Users\ARAVIN~1.MAT\AppData\Local\Temp\b3c19410b6aa43df8ea3085e24acdcfc-pulp.mps max branch printingOptions all solution C:\Users\ARAVIN~1.MAT\AppData\Local\Temp\b3c19410b6aa43df8ea3085e24acdcfc-pulp.sol 
2021-08-16 20:07:45,992 django.utils.autoreload INFO     D:\projects\MARSBACKEND\price-simulator-backend\scenario_planner\mixins.py changed, reloading.
2021-08-16 20:07:50,445 asyncio      DEBUG    Using selector: SelectSelector
2021-08-16 20:08:02,814 pulp.apis.core DEBUG    D:\projects\MARSBACKEND\price-simulator-backend\env\lib\site-packages\pulp\apis\..\solverdir\cbc\win\64\cbc.exe C:\Users\ARAVIN~1.MAT\AppData\Local\Temp\5937fcf6046e4eed91dfd68caacd0275-pulp.mps max branch printingOptions all solution C:\Users\ARAVIN~1.MAT\AppData\Local\Temp\5937fcf6046e4eed91dfd68caacd0275-pulp.sol 
2021-08-16 20:08:02,942 pulp.apis.core DEBUG    D:\projects\MARSBACKEND\price-simulator-backend\env\lib\site-packages\pulp\apis\..\solverdir\cbc\win\64\cbc.exe C:\Users\ARAVIN~1.MAT\AppData\Local\Temp\4c49a32635ce4f1aa684deb754012e88-pulp.mps max branch printingOptions all solution C:\Users\ARAVIN~1.MAT\AppData\Local\Temp\4c49a32635ce4f1aa684deb754012e88-pulp.sol 
2021-08-16 20:14:33,151 pulp.apis.core DEBUG    D:\projects\MARSBACKEND\price-simulator-backend\env\lib\site-packages\pulp\apis\..\solverdir\cbc\win\64\cbc.exe C:\Users\ARAVIN~1.MAT\AppData\Local\Temp\2a76dcc8c7654450ba78cb7276e8e7a5-pulp.mps max branch printingOptions all solution C:\Users\ARAVIN~1.MAT\AppData\Local\Temp\2a76dcc8c7654450ba78cb7276e8e7a5-pulp.sol 
2021-08-16 20:14:33,409 pulp.apis.core DEBUG    D:\projects\MARSBACKEND\price-simulator-backend\env\lib\site-packages\pulp\apis\..\solverdir\cbc\win\64\cbc.exe C:\Users\ARAVIN~1.MAT\AppData\Local\Temp\8043b33cfaf546e7baefd81fac2f9235-pulp.mps max branch printingOptions all solution C:\Users\ARAVIN~1.MAT\AppData\Local\Temp\8043b33cfaf546e7baefd81fac2f9235-pulp.sol 
2021-08-16 20:20:30,180 pulp.apis.core DEBUG    D:\projects\MARSBACKEND\price-simulator-backend\env\lib\site-packages\pulp\apis\..\solverdir\cbc\win\64\cbc.exe C:\Users\ARAVIN~1.MAT\AppData\Local\Temp\782f868957944bb08db47aa483761fb7-pulp.mps max branch printingOptions all solution C:\Users\ARAVIN~1.MAT\AppData\Local\Temp\782f868957944bb08db47aa483761fb7-pulp.sol 
2021-08-16 20:20:30,467 pulp.apis.core DEBUG    D:\projects\MARSBACKEND\price-simulator-backend\env\lib\site-packages\pulp\apis\..\solverdir\cbc\win\64\cbc.exe C:\Users\ARAVIN~1.MAT\AppData\Local\Temp\ee79738ba67541b891d1e82652f7aff8-pulp.mps max branch printingOptions all solution C:\Users\ARAVIN~1.MAT\AppData\Local\Temp\ee79738ba67541b891d1e82652f7aff8-pulp.sol 
2021-08-17 10:28:40,246 asyncio      DEBUG    Using selector: SelectSelector
2021-08-17 10:31:23,551 asyncio      DEBUG    Using selector: SelectSelector
2021-08-17 10:32:30,263 asyncio      DEBUG    Using selector: SelectSelector
